#
# A fatal error has been detected by the Java Runtime Environment:
#
#  EXCEPTION_ACCESS_VIOLATION (0xc0000005) at pc=0x00007fffdc98a469, pid=16872, tid=21760
#
# JRE version: OpenJDK Runtime Environment (11.0.10) (build 11.0.10+0-b96-7249189)
# Java VM: OpenJDK 64-Bit Server VM (11.0.10+0-b96-7249189, mixed mode, tiered, compressed oops, g1 gc, windows-amd64)
# Problematic frame:
# V  [jvm.dll+0x2da469]
#
# No core dump will be written. Minidumps are not enabled by default on client versions of Windows
#
# If you would like to submit a bug report, please visit:
#   https://bugreport.java.com/bugreport/crash.jsp
#

---------------  S U M M A R Y ------------

Command Line: --add-opens=java.base/java.util=ALL-UNNAMED --add-opens=java.base/java.lang=ALL-UNNAMED --add-opens=java.base/java.lang.invoke=ALL-UNNAMED --add-opens=java.base/java.util=ALL-UNNAMED --add-opens=java.prefs/java.util.prefs=ALL-UNNAMED --add-opens=java.prefs/java.util.prefs=ALL-UNNAMED --add-opens=java.base/java.nio.charset=ALL-UNNAMED --add-opens=java.base/java.net=ALL-UNNAMED --add-opens=java.base/java.util.concurrent.atomic=ALL-UNNAMED -Xmx2048m -Dfile.encoding=UTF-8 -Duser.country=RU -Duser.language=ru -Duser.variant org.gradle.launcher.daemon.bootstrap.GradleDaemon 7.0.2

Host: Intel(R) Core(TM) i7-2600K CPU @ 3.40GHz, 8 cores, 15G,  Windows 10 , 64 bit Build 19041 (10.0.19041.1466)
Time: Fri Jan 21 20:01:14 2022 RTZ 2 (зима) elapsed time: 3645.252493 seconds (0d 1h 0m 45s)

---------------  T H R E A D  ---------------

Current thread (0x00000177dc3dc000):  ConcurrentGCThread "G1 Conc#1" [stack: 0x0000001e17f00000,0x0000001e18000000] [id=21760]

Stack: [0x0000001e17f00000,0x0000001e18000000],  sp=0x0000001e17fff430,  free space=1021k
Native frames: (J=compiled Java code, j=interpreted, Vv=VM code, C=native code)
V  [jvm.dll+0x2da469]
V  [jvm.dll+0x2da396]
V  [jvm.dll+0x2d21ed]
V  [jvm.dll+0x2d1aa1]
V  [jvm.dll+0x2dffcf]
V  [jvm.dll+0x2e1d8b]
V  [jvm.dll+0x2e395b]
V  [jvm.dll+0x2e2579]
V  [jvm.dll+0x2e6b46]
V  [jvm.dll+0x748da0]
V  [jvm.dll+0x6e3d45]
V  [jvm.dll+0x5ebe96]
C  [ucrtbase.dll+0x21bb2]
C  [KERNEL32.DLL+0x17034]
C  [ntdll.dll+0x52651]


siginfo: EXCEPTION_ACCESS_VIOLATION (0xc0000005), reading address 0x0000000000000160


Register to memory mapping:

RIP=0x00007fffdc98a469 jvm.dll
RAX=0x00000177beaa5f80 points into unknown readable memory: 0x0000000000000000 | 00 00 00 00 00 00 00 00
RBX=0x0000000000000080 is an unknown value
RCX=0x00000177beabd980 points into unknown readable memory: 0x00000177beac6800 | 00 68 ac be 77 01 00 00
RDX=0x0000000000000001 is an unknown value
RSP=0x0000001e17fff430 points into unknown readable memory: 0x0000000080e174b0 | b0 74 e1 80 00 00 00 00
RBP=0x00000177beabd980 points into unknown readable memory: 0x00000177beac6800 | 00 68 ac be 77 01 00 00
RSI=0x000000010011e5f0 is pointing into metadata
RDI=0x0000000000000080 is an unknown value
R8 =0x0 is NULL
R9 =0x0000000000000080 is an unknown value
R10=0x00000177beabd980 points into unknown readable memory: 0x00000177beac6800 | 00 68 ac be 77 01 00 00
R11=0x00000177d4bf0000 points into unknown readable memory: 0x0000000000000001 | 01 00 00 00 00 00 00 00
R12=0x000000000000000c is an unknown value
R13=0xaaaaaaaaaaaaaaab is an unknown value
R14=0x0000000000000001 is an unknown value
R15=0x00000000895b82c0 is an oop: com.google.common.collect.SingletonImmutableSet 
{0x00000000895b82c0} - klass: 'com/google/common/collect/SingletonImmutableSet'


Registers:
RAX=0x00000177beaa5f80, RBX=0x0000000000000080, RCX=0x00000177beabd980, RDX=0x0000000000000001
RSP=0x0000001e17fff430, RBP=0x00000177beabd980, RSI=0x000000010011e5f0, RDI=0x0000000000000080
R8 =0x0000000000000000, R9 =0x0000000000000080, R10=0x00000177beabd980, R11=0x00000177d4bf0000
R12=0x000000000000000c, R13=0xaaaaaaaaaaaaaaab, R14=0x0000000000000001, R15=0x00000000895b82c0
RIP=0x00007fffdc98a469, EFLAGS=0x0000000000010206

Top of Stack: (sp=0x0000001e17fff430)
0x0000001e17fff430:   0000000080e174b0 0000000100f9a1e8
0x0000001e17fff440:   0000000083c32ee8 0000001e17fff638
0x0000001e17fff450:   000000010011e600 00007fffdc98a396
0x0000001e17fff460:   0000000100f9a1e8 00000000895b82c0
0x0000001e17fff470:   00000177beacd570 0000001e17fff638
0x0000001e17fff480:   0000000000000000 0000001e17fff638
0x0000001e17fff490:   00000000895b82d0 00007fffdc9821ed
0x0000001e17fff4a0:   0000000000000003 00000000895b82cc
0x0000001e17fff4b0:   00000000895b81e8 00000000895b8274
0x0000001e17fff4c0:   0000001e17fff610 00000177daf53001
0x0000001e17fff4d0:   000000010011e190 00007fffdc981aa1
0x0000001e17fff4e0:   0000000000000003 0000001e17fff638
0x0000001e17fff4f0:   00000000895b82c0 0000001e17fff610
0x0000001e17fff500:   00000000895b82c0 00007fffdc98ffcf
0x0000001e17fff510:   00000177beacd570 00000000012c0000
0x0000001e17fff520:   0000001e17fff610 0000000000000000 

Instructions: (pc=0x00007fffdc98a469)
0x00007fffdc98a369:   00 00 00 00 48 8b fa 4c 8b ca 49 8b 42 08 8b 53
0x00007fffdc98a379:   10 8b 88 c0 02 00 00 48 8b 80 b0 02 00 00 49 d3
0x00007fffdc98a389:   e8 49 8b ca 4e 8b 04 c0 e8 ba 00 00 00 84 c0 75
0x00007fffdc98a399:   0b 48 8b 5c 24 48 48 83 c4 30 5f c3 48 8b 43 20
0x00007fffdc98a3a9:   48 8b 88 d8 02 00 00 48 8b 83 98 00 00 00 48 85
0x00007fffdc98a3b9:   c0 74 0e 48 3b f8 72 0e 48 3b bb a0 00 00 00 72
0x00007fffdc98a3c9:   77 48 3b f9 73 72 80 3d c2 d1 71 00 00 74 15 8b
0x00007fffdc98a3d9:   47 08 8b 0d 37 47 6d 00 48 d3 e0 48 03 05 25 47
0x00007fffdc98a3e9:   6d 00 eb 04 48 8b 47 08 81 78 08 00 00 00 c0 72
0x00007fffdc98a3f9:   35 48 8b 83 b0 00 00 00 48 39 83 a8 00 00 00 73
0x00007fffdc98a409:   10 48 8b 83 c8 00 00 00 48 39 83 c0 00 00 00 72
0x00007fffdc98a419:   27 48 8b cb e8 0e a4 00 00 b0 01 48 8b 5c 24 48
0x00007fffdc98a429:   48 83 c4 30 5f c3 48 8d 54 24 40 48 89 7c 24 40
0x00007fffdc98a439:   48 8b cb e8 ff 18 00 00 b0 01 48 8b 5c 24 48 48
0x00007fffdc98a449:   83 c4 30 5f c3 cc cc 48 89 5c 24 18 48 89 6c 24
0x00007fffdc98a459:   20 41 56 48 83 ec 20 49 8b d9 44 8b f2 48 8b e9
0x00007fffdc98a469:   4d 3b 88 60 01 00 00 72 13 32 c0 48 8b 5c 24 40
0x00007fffdc98a479:   48 8b 6c 24 48 48 83 c4 20 41 5e c3 48 8b 81 90
0x00007fffdc98a489:   00 00 00 48 8b d3 48 89 74 24 30 48 2b 10 8b 48
0x00007fffdc98a499:   10 48 c1 ea 03 48 d3 ea 48 8d 48 18 e8 c6 38 e3
0x00007fffdc98a4a9:   ff 0f b6 f0 84 c0 74 6f 48 89 7c 24 38 48 8b 7c
0x00007fffdc98a4b9:   24 50 48 85 ff 75 2d 40 38 3d d1 d0 71 00 74 15
0x00007fffdc98a4c9:   8b 53 08 8b 0d 46 46 6d 00 48 d3 e2 48 03 15 34
0x00007fffdc98a4d9:   46 6d 00 eb 04 48 8b 53 08 48 8b cb e8 f6 24 eb
0x00007fffdc98a4e9:   ff 48 63 f8 48 8b 85 f0 02 00 00 8b 0d be d6 71
0x00007fffdc98a4f9:   00 4a 8b 14 f0 48 8b 42 18 48 8b 40 10 48 2b d8
0x00007fffdc98a509:   48 d3 eb 48 8d 4a 38 8b d3 e8 c9 e4 ff ff 48 01
0x00007fffdc98a519:   78 08 48 8b 7c 24 38 48 8b 5c 24 40 40 0f b6 c6
0x00007fffdc98a529:   48 8b 74 24 30 48 8b 6c 24 48 48 83 c4 20 41 5e
0x00007fffdc98a539:   c3 cc cc cc cc cc cc 4c 8b 81 b8 02 00 00 48 8b
0x00007fffdc98a549:   81 a8 02 00 00 8b 91 c0 02 00 00 49 03 c0 8b ca
0x00007fffdc98a559:   48 d3 e0 49 d3 e0 49 2b c0 48 83 e0 f8 c3 cc cc 


Stack slot to memory mapping:
stack at sp + 0 slots: 0x0000000080e174b0 is an oop: com.google.common.collect.RegularImmutableSet 
{0x0000000080e174b0} - klass: 'com/google/common/collect/RegularImmutableSet'
stack at sp + 1 slots: 0x0000000100f9a1e8 is pointing into metadata
stack at sp + 2 slots: 0x0000000083c32ee8 is an oop: java.lang.String 
{0x0000000083c32ee8} - klass: 'java/lang/String'
stack at sp + 3 slots: 0x0000001e17fff638 points into unknown readable memory: 0x00007fffdcecef20 | 20 ef ec dc ff 7f 00 00
stack at sp + 4 slots: 0x000000010011e600 is a pointer to class: 
com.google.common.collect.ImmutableCollection$Builder {0x000000010011e608}
stack at sp + 5 slots: 0x00007fffdc98a396 jvm.dll
stack at sp + 6 slots: 0x0000000100f9a1e8 is pointing into metadata
stack at sp + 7 slots: 0x00000000895b82c0 is an oop: com.google.common.collect.SingletonImmutableSet 
{0x00000000895b82c0} - klass: 'com/google/common/collect/SingletonImmutableSet'


---------------  P R O C E S S  ---------------

Threads class SMR info:
_java_thread_list=0x00000177e578e610, length=86, elements={
0x00000177bea7a000, 0x00000177d9f39800, 0x00000177d9f3f000, 0x00000177d9f63000,
0x00000177d9f65000, 0x00000177d9f66000, 0x00000177d9f67800, 0x00000177d9fb0000,
0x00000177d9fb5000, 0x00000177da11f800, 0x00000177dae89800, 0x00000177dae8c000,
0x00000177dae87000, 0x00000177dcb99800, 0x00000177dcb98800, 0x00000177dcb93800,
0x00000177dcb96000, 0x00000177dcb95000, 0x00000177dd64a000, 0x00000177dd64c000,
0x00000177dd64b000, 0x00000177dd64c800, 0x00000177dd648000, 0x00000177dd650000,
0x00000177dc5fe000, 0x00000177dc5ff000, 0x00000177dc5ff800, 0x00000177dc5fb800,
0x00000177dc5fc800, 0x00000177df8b4800, 0x00000177df8b2000, 0x00000177df8bc800,
0x00000177df8b8800, 0x00000177df8bd800, 0x00000177df8bf000, 0x00000177dd64e800,
0x00000177dd649800, 0x00000177dd653000, 0x00000177dd654000, 0x00000177dd651000,
0x00000177dd64d800, 0x00000177df8b3000, 0x00000177dc607000, 0x00000177dc82f000,
0x00000177df8c0000, 0x00000177dd652800, 0x00000177dc832800, 0x00000177dc834000,
0x00000177dc603000, 0x00000177dc830000, 0x00000177dc602000, 0x00000177dcb97000,
0x00000177dcb97800, 0x00000177dae88800, 0x00000177dae8a000, 0x00000177dc82c000,
0x00000177dc82c800, 0x00000177dc82e000, 0x00000177dc839000, 0x00000177dc833000,
0x00000177dc839800, 0x00000177dc83a800, 0x00000177dc837000, 0x00000177dc835000,
0x00000177dc835800, 0x00000177dc836800, 0x00000177dc838000, 0x00000177e5961800,
0x00000177e5962000, 0x00000177e5964000, 0x00000177e5964800, 0x00000177e5965800,
0x00000177e595f800, 0x00000177e5966000, 0x00000177e5960800, 0x00000177e596a800,
0x00000177e596b000, 0x00000177e596c000, 0x00000177e5968800, 0x00000177e5967000,
0x00000177e596d800, 0x00000177e5968000, 0x00000177e596e800, 0x00000177e5969800,
0x00000177dc5fa000, 0x00000177dc5fb000
}

Java Threads: ( => current thread )
  0x00000177bea7a000 JavaThread "main" [_thread_blocked, id=908, stack(0x0000001e15900000,0x0000001e15a00000)]
  0x00000177d9f39800 JavaThread "Reference Handler" daemon [_thread_blocked, id=14916, stack(0x0000001e16000000,0x0000001e16100000)]
  0x00000177d9f3f000 JavaThread "Finalizer" daemon [_thread_blocked, id=25672, stack(0x0000001e16100000,0x0000001e16200000)]
  0x00000177d9f63000 JavaThread "Signal Dispatcher" daemon [_thread_blocked, id=20024, stack(0x0000001e16200000,0x0000001e16300000)]
  0x00000177d9f65000 JavaThread "Attach Listener" daemon [_thread_blocked, id=26440, stack(0x0000001e16300000,0x0000001e16400000)]
  0x00000177d9f66000 JavaThread "Service Thread" daemon [_thread_blocked, id=1856, stack(0x0000001e16400000,0x0000001e16500000)]
  0x00000177d9f67800 JavaThread "C2 CompilerThread0" daemon [_thread_in_native, id=24652, stack(0x0000001e16500000,0x0000001e16600000)]
  0x00000177d9fb0000 JavaThread "C1 CompilerThread0" daemon [_thread_blocked, id=26216, stack(0x0000001e16600000,0x0000001e16700000)]
  0x00000177d9fb5000 JavaThread "Sweeper thread" daemon [_thread_blocked, id=14744, stack(0x0000001e16700000,0x0000001e16800000)]
  0x00000177da11f800 JavaThread "Common-Cleaner" daemon [_thread_blocked, id=20632, stack(0x0000001e16800000,0x0000001e16900000)]
  0x00000177dae89800 JavaThread "Daemon health stats" [_thread_blocked, id=16988, stack(0x0000001e17100000,0x0000001e17200000)]
  0x00000177dae8c000 JavaThread "Incoming local TCP Connector on port 63797" [_thread_in_native, id=23680, stack(0x0000001e17200000,0x0000001e17300000)]
  0x00000177dae87000 JavaThread "Daemon periodic checks" [_thread_blocked, id=25192, stack(0x0000001e17300000,0x0000001e17400000)]
  0x00000177dcb99800 JavaThread "Cache worker for file hash cache (C:\Users\q2ve\.gradle\caches\7.0.2\fileHashes)" [_thread_blocked, id=2180, stack(0x0000001e17d00000,0x0000001e17e00000)]
  0x00000177dcb98800 JavaThread "File lock request listener" [_thread_in_native, id=19552, stack(0x0000001e17e00000,0x0000001e17f00000)]
  0x00000177dcb93800 JavaThread "Cache worker for journal cache (C:\Users\q2ve\.gradle\caches\journal-1)" [_thread_blocked, id=25420, stack(0x0000001e18000000,0x0000001e18100000)]
  0x00000177dcb96000 JavaThread "File watcher server" daemon [_thread_in_native, id=26280, stack(0x0000001e18200000,0x0000001e18300000)]
  0x00000177dcb95000 JavaThread "File watcher consumer" daemon [_thread_blocked, id=24124, stack(0x0000001e18300000,0x0000001e18400000)]
  0x00000177dd64a000 JavaThread "Cache worker for execution history cache (C:\Users\q2ve\.gradle\caches\7.0.2\executionHistory)" [_thread_blocked, id=24884, stack(0x0000001e18700000,0x0000001e18800000)]
  0x00000177dd64c000 JavaThread "jar transforms" [_thread_blocked, id=24792, stack(0x0000001e18800000,0x0000001e18900000)]
  0x00000177dd64b000 JavaThread "jar transforms Thread 2" [_thread_blocked, id=3708, stack(0x0000001e18900000,0x0000001e18a00000)]
  0x00000177dd64c800 JavaThread "Cache worker for file content cache (C:\Users\q2ve\.gradle\caches\7.0.2\fileContent)" [_thread_blocked, id=7352, stack(0x0000001e18a00000,0x0000001e18b00000)]
  0x00000177dd648000 JavaThread "jar transforms Thread 3" [_thread_blocked, id=12176, stack(0x0000001e18c00000,0x0000001e18d00000)]
  0x00000177dd650000 JavaThread "jar transforms Thread 4" [_thread_blocked, id=22052, stack(0x0000001e19500000,0x0000001e19600000)]
  0x00000177dc5fe000 JavaThread "jar transforms Thread 5" [_thread_blocked, id=17840, stack(0x0000001e19600000,0x0000001e19700000)]
  0x00000177dc5ff000 JavaThread "jar transforms Thread 6" [_thread_blocked, id=17060, stack(0x0000001e19700000,0x0000001e19800000)]
  0x00000177dc5ff800 JavaThread "jar transforms Thread 7" [_thread_blocked, id=8216, stack(0x0000001e19800000,0x0000001e19900000)]
  0x00000177dc5fb800 JavaThread "jar transforms Thread 8" [_thread_blocked, id=13680, stack(0x0000001e19900000,0x0000001e19a00000)]
  0x00000177dc5fc800 JavaThread "Memory manager" [_thread_blocked, id=17628, stack(0x0000001e19b00000,0x0000001e19c00000)]
  0x00000177df8b4800 JavaThread "RMI Scheduler(0)" daemon [_thread_blocked, id=15352, stack(0x0000001e1a900000,0x0000001e1aa00000)]
  0x00000177df8b2000 JavaThread "RMI GC Daemon" daemon [_thread_blocked, id=7888, stack(0x0000001e1b000000,0x0000001e1b100000)]
  0x00000177df8bc800 JavaThread "RMI TCP Accept-0" daemon [_thread_in_native, id=22236, stack(0x0000001e1b200000,0x0000001e1b300000)]
  0x00000177df8b8800 JavaThread "RMI Reaper" [_thread_blocked, id=27544, stack(0x0000001e1b300000,0x0000001e1b400000)]
  0x00000177df8bd800 JavaThread "Cache worker for Java compile cache (C:\Users\q2ve\.gradle\caches\7.0.2\javaCompile)" [_thread_blocked, id=16592, stack(0x0000001e1b100000,0x0000001e1b200000)]
  0x00000177df8bf000 JavaThread "pool-4-thread-1" [_thread_blocked, id=26184, stack(0x0000001e1b600000,0x0000001e1b700000)]
  0x00000177dd64e800 JavaThread "pool-12-thread-1" [_thread_blocked, id=20944, stack(0x0000001e18400000,0x0000001e18500000)]
  0x00000177dd649800 JavaThread "pool-28-thread-1" [_thread_blocked, id=25484, stack(0x0000001e18500000,0x0000001e18600000)]
  0x00000177dd653000 JavaThread "pool-32-thread-1" [_thread_blocked, id=24684, stack(0x0000001e18600000,0x0000001e18700000)]
  0x00000177dd654000 JavaThread "pool-36-thread-1" [_thread_blocked, id=27316, stack(0x0000001e1ae00000,0x0000001e1af00000)]
  0x00000177dd651000 JavaThread "pool-40-thread-1" [_thread_blocked, id=20732, stack(0x0000001e1b500000,0x0000001e1b600000)]
  0x00000177dd64d800 JavaThread "pool-44-thread-1" [_thread_blocked, id=23976, stack(0x0000001e1ab00000,0x0000001e1ac00000)]
  0x00000177df8b3000 JavaThread "pool-52-thread-1" [_thread_blocked, id=22300, stack(0x0000001e19400000,0x0000001e19500000)]
  0x00000177dc607000 JavaThread "pool-56-thread-1" [_thread_blocked, id=21108, stack(0x0000001e1bd00000,0x0000001e1be00000)]
  0x00000177dc82f000 JavaThread "pool-60-thread-1" [_thread_blocked, id=20424, stack(0x0000001e19f00000,0x0000001e1a000000)]
  0x00000177df8c0000 JavaThread "pool-64-thread-1" [_thread_blocked, id=28448, stack(0x0000001e1af00000,0x0000001e1b000000)]
  0x00000177dd652800 JavaThread "pool-68-thread-1" [_thread_blocked, id=25984, stack(0x0000001e1ad00000,0x0000001e1ae00000)]
  0x00000177dc832800 JavaThread "pool-72-thread-1" [_thread_blocked, id=4692, stack(0x0000001e19d00000,0x0000001e19e00000)]
  0x00000177dc834000 JavaThread "pool-76-thread-1" [_thread_blocked, id=20260, stack(0x0000001e1be00000,0x0000001e1bf00000)]
  0x00000177dc603000 JavaThread "ForkJoinPool.commonPool-worker-15" daemon [_thread_blocked, id=29436, stack(0x0000001e19e00000,0x0000001e19f00000)]
  0x00000177dc830000 JavaThread "pool-80-thread-1" [_thread_blocked, id=29384, stack(0x0000001e18b00000,0x0000001e18c00000)]
  0x00000177dc602000 JavaThread "pool-84-thread-1" [_thread_blocked, id=29264, stack(0x0000001e1c300000,0x0000001e1c400000)]
  0x00000177dcb97000 JavaThread "ForkJoinPool.commonPool-worker-5" daemon [_thread_blocked, id=27044, stack(0x0000001e1cc00000,0x0000001e1cd00000)]
  0x00000177dcb97800 JavaThread "ForkJoinPool.commonPool-worker-7" daemon [_thread_blocked, id=26152, stack(0x0000001e1cd00000,0x0000001e1ce00000)]
  0x00000177dae88800 JavaThread "ForkJoinPool.commonPool-worker-13" daemon [_thread_blocked, id=14708, stack(0x0000001e1d000000,0x0000001e1d100000)]
  0x00000177dae8a000 JavaThread "ForkJoinPool.commonPool-worker-1" daemon [_thread_blocked, id=2800, stack(0x0000001e1d100000,0x0000001e1d200000)]
  0x00000177dc82c000 JavaThread "Daemon Thread 17" [_thread_blocked, id=9972, stack(0x0000001e15600000,0x0000001e15700000)]
  0x00000177dc82c800 JavaThread "Handler for socket connection from /127.0.0.1:63797 to /127.0.0.1:59542" [_thread_in_native, id=9856, stack(0x0000001e15700000,0x0000001e15800000)]
  0x00000177dc82e000 JavaThread "Cancel handler" [_thread_blocked, id=21300, stack(0x0000001e15800000,0x0000001e15900000)]
  0x00000177dc839000 JavaThread "Daemon worker Thread 17" [_thread_blocked, id=28792, stack(0x0000001e16a00000,0x0000001e16b00000)]
  0x00000177dc833000 JavaThread "Asynchronous log dispatcher for DefaultDaemonConnection: socket connection from /127.0.0.1:63797 to /127.0.0.1:59542" [_thread_blocked, id=28624, stack(0x0000001e16b00000,0x0000001e16c00000)]
  0x00000177dc839800 JavaThread "Stdin handler" [_thread_blocked, id=27216, stack(0x0000001e17400000,0x0000001e17500000)]
  0x00000177dc83a800 JavaThread "Daemon client event forwarder" [_thread_blocked, id=16468, stack(0x0000001e17500000,0x0000001e17600000)]
  0x00000177dc837000 JavaThread "Cache worker for file hash cache (C:\MyFiles\YandexDisk\Programming\Android\SchedAppV2\.gradle\7.0.2\fileHashes)" [_thread_blocked, id=13364, stack(0x0000001e17600000,0x0000001e17700000)]
  0x00000177dc835000 JavaThread "Cache worker for checksums cache (C:\MyFiles\YandexDisk\Programming\Android\SchedAppV2\.gradle\checksums)" [_thread_blocked, id=9520, stack(0x0000001e17700000,0x0000001e17800000)]
  0x00000177dc835800 JavaThread "Cache worker for cache directory md-supplier (C:\Users\q2ve\.gradle\caches\7.0.2\md-supplier)" [_thread_blocked, id=24332, stack(0x0000001e17800000,0x0000001e17900000)]
  0x00000177dc836800 JavaThread "Cache worker for cache directory md-rule (C:\Users\q2ve\.gradle\caches\7.0.2\md-rule)" [_thread_blocked, id=28304, stack(0x0000001e17900000,0x0000001e17a00000)]
  0x00000177dc838000 JavaThread "Cache worker for dependencies-accessors (C:\MyFiles\YandexDisk\Programming\Android\SchedAppV2\.gradle\7.0.2\dependencies-accessors)" [_thread_blocked, id=23788, stack(0x0000001e17a00000,0x0000001e17b00000)]
  0x00000177e5961800 JavaThread "Cache worker for Build Output Cleanup Cache (C:\MyFiles\YandexDisk\Programming\Android\SchedAppV2\.gradle\buildOutputCleanup)" [_thread_blocked, id=25836, stack(0x0000001e18100000,0x0000001e18200000)]
  0x00000177e5962000 JavaThread "Build operations" [_thread_blocked, id=20796, stack(0x0000001e18e00000,0x0000001e18f00000)]
  0x00000177e5964000 JavaThread "Build operations Thread 2" [_thread_blocked, id=11544, stack(0x0000001e18f00000,0x0000001e19000000)]
  0x00000177e5964800 JavaThread "Build operations Thread 3" [_thread_blocked, id=5464, stack(0x0000001e19000000,0x0000001e19100000)]
  0x00000177e5965800 JavaThread "Build operations Thread 4" [_thread_blocked, id=25680, stack(0x0000001e19100000,0x0000001e19200000)]
  0x00000177e595f800 JavaThread "Build operations Thread 5" [_thread_blocked, id=22520, stack(0x0000001e19200000,0x0000001e19300000)]
  0x00000177e5966000 JavaThread "Build operations Thread 6" [_thread_blocked, id=19596, stack(0x0000001e19300000,0x0000001e19400000)]
  0x00000177e5960800 JavaThread "Build operations Thread 7" [_thread_blocked, id=29304, stack(0x0000001e19a00000,0x0000001e19b00000)]
  0x00000177e596a800 JavaThread "Build operations Thread 8" [_thread_blocked, id=28028, stack(0x0000001e1a000000,0x0000001e1a100000)]
  0x00000177e596b000 JavaThread "build event listener" [_thread_blocked, id=21920, stack(0x0000001e1a100000,0x0000001e1a200000)]
  0x00000177e596c000 JavaThread "Execution worker for ':'" [_thread_blocked, id=29112, stack(0x0000001e1a200000,0x0000001e1a300000)]
  0x00000177e5968800 JavaThread "Execution worker for ':' Thread 2" [_thread_blocked, id=28864, stack(0x0000001e1a300000,0x0000001e1a400000)]
  0x00000177e5967000 JavaThread "Execution worker for ':' Thread 3" [_thread_blocked, id=3024, stack(0x0000001e1a400000,0x0000001e1a500000)]
  0x00000177e596d800 JavaThread "Execution worker for ':' Thread 4" [_thread_blocked, id=16536, stack(0x0000001e1a500000,0x0000001e1a600000)]
  0x00000177e5968000 JavaThread "Execution worker for ':' Thread 5" [_thread_blocked, id=21900, stack(0x0000001e1aa00000,0x0000001e1ab00000)]
  0x00000177e596e800 JavaThread "Execution worker for ':' Thread 6" [_thread_blocked, id=25788, stack(0x0000001e1ac00000,0x0000001e1ad00000)]
  0x00000177e5969800 JavaThread "Execution worker for ':' Thread 7" [_thread_blocked, id=28088, stack(0x0000001e1b400000,0x0000001e1b500000)]
  0x00000177dc5fa000 JavaThread "Cache worker for execution history cache (C:\MyFiles\YandexDisk\Programming\Android\SchedAppV2\.gradle\7.0.2\executionHistory)" [_thread_blocked, id=27728, stack(0x0000001e1b700000,0x0000001e1b800000)]
  0x00000177dc5fb000 JavaThread "RMI TCP Connection(86)-127.0.0.1" daemon [_thread_in_native, id=14772, stack(0x0000001e1b800000,0x0000001e1b900000)]

Other Threads:
  0x00000177d9701000 VMThread "VM Thread" [stack: 0x0000001e15f00000,0x0000001e16000000] [id=20396]
  0x00000177da137000 WatcherThread [stack: 0x0000001e16900000,0x0000001e16a00000] [id=22076]
  0x00000177bea93800 GCTaskThread "GC Thread#0" [stack: 0x0000001e15a00000,0x0000001e15b00000] [id=25168]
  0x00000177db1c7000 GCTaskThread "GC Thread#1" [stack: 0x0000001e16c00000,0x0000001e16d00000] [id=7696]
  0x00000177da4fe800 GCTaskThread "GC Thread#2" [stack: 0x0000001e16d00000,0x0000001e16e00000] [id=10692]
  0x00000177da8fb000 GCTaskThread "GC Thread#3" [stack: 0x0000001e16e00000,0x0000001e16f00000] [id=9044]
  0x00000177daa53800 GCTaskThread "GC Thread#4" [stack: 0x0000001e16f00000,0x0000001e17000000] [id=25208]
  0x00000177dac17800 GCTaskThread "GC Thread#5" [stack: 0x0000001e17000000,0x0000001e17100000] [id=16880]
  0x00000177dbf93000 GCTaskThread "GC Thread#6" [stack: 0x0000001e17b00000,0x0000001e17c00000] [id=25980]
  0x00000177dbf8e000 GCTaskThread "GC Thread#7" [stack: 0x0000001e17c00000,0x0000001e17d00000] [id=13920]
  0x00000177beac6800 ConcurrentGCThread "G1 Main Marker" [stack: 0x0000001e15b00000,0x0000001e15c00000] [id=3460]
  0x00000177beac7800 ConcurrentGCThread "G1 Conc#0" [stack: 0x0000001e15c00000,0x0000001e15d00000] [id=25740]
=>0x00000177dc3dc000 ConcurrentGCThread "G1 Conc#1" [stack: 0x0000001e17f00000,0x0000001e18000000] [id=21760]
  0x00000177d9584800 ConcurrentGCThread "G1 Refine#0" [stack: 0x0000001e15d00000,0x0000001e15e00000] [id=27032]
  0x00000177dfc8e800 ConcurrentGCThread "G1 Refine#1" [stack: 0x0000001e19c00000,0x0000001e19d00000] [id=21664]
  0x00000177dfc8c800 ConcurrentGCThread "G1 Refine#2" [stack: 0x0000001e1a600000,0x0000001e1a700000] [id=3040]
  0x00000177dfc93000 ConcurrentGCThread "G1 Refine#3" [stack: 0x0000001e1a700000,0x0000001e1a800000] [id=21324]
  0x00000177dfc93800 ConcurrentGCThread "G1 Refine#4" [stack: 0x0000001e1a800000,0x0000001e1a900000] [id=26992]
  0x00000177d9585800 ConcurrentGCThread "G1 Young RemSet Sampling" [stack: 0x0000001e15e00000,0x0000001e15f00000] [id=24924]

Threads with active compile tasks:
C2 CompilerThread03645302 39069       4       org.gradle.execution.plan.LocalTaskNodeExecutor::detectMissingDependencies (271 bytes)

VM state:not at safepoint (normal execution)

VM Mutex/Monitor currently owned by a thread: None

Heap address: 0x0000000080000000, size: 2048 MB, Compressed Oops mode: 32-bit
Narrow klass base: 0x0000000000000000, Narrow klass shift: 3
Compressed class space size: 1073741824 Address: 0x0000000100000000

Heap:
 garbage-first heap   total 276480K, used 161182K [0x0000000080000000, 0x0000000100000000)
  region size 1024K, 32 young (32768K), 8 survivors (8192K)
 Metaspace       used 155345K, capacity 160855K, committed 161456K, reserved 1189888K
  class space    used 18461K, capacity 20436K, committed 20760K, reserved 1048576K
Heap Regions: E=young(eden), S=young(survivor), O=old, HS=humongous(starts), HC=humongous(continues), CS=collection set, F=free, A=archive, TAMS=top-at-mark-start (previous, next)
|   0|0x0000000080000000, 0x0000000080100000, 0x0000000080100000|100%| O|  |TAMS 0x0000000080100000, 0x0000000080100000| Untracked 
|   1|0x0000000080100000, 0x0000000080200000, 0x0000000080200000|100%| O|  |TAMS 0x0000000080200000, 0x0000000080200000| Untracked 
|   2|0x0000000080200000, 0x0000000080300000, 0x0000000080300000|100%| O|  |TAMS 0x0000000080300000, 0x0000000080300000| Untracked 
|   3|0x0000000080300000, 0x0000000080400000, 0x0000000080400000|100%|HS|  |TAMS 0x0000000080400000, 0x0000000080400000| Complete 
|   4|0x0000000080400000, 0x0000000080500000, 0x0000000080500000|100%|HC|  |TAMS 0x0000000080500000, 0x0000000080500000| Complete 
|   5|0x0000000080500000, 0x0000000080600000, 0x0000000080600000|100%|HC|  |TAMS 0x0000000080600000, 0x0000000080600000| Complete 
|   6|0x0000000080600000, 0x0000000080700000, 0x0000000080700000|100%| O|  |TAMS 0x0000000080700000, 0x0000000080700000| Untracked 
|   7|0x0000000080700000, 0x0000000080800000, 0x0000000080800000|100%| O|  |TAMS 0x0000000080800000, 0x0000000080800000| Untracked 
|   8|0x0000000080800000, 0x0000000080900000, 0x0000000080900000|100%| O|  |TAMS 0x0000000080900000, 0x0000000080900000| Untracked 
|   9|0x0000000080900000, 0x0000000080a00000, 0x0000000080a00000|100%| O|  |TAMS 0x0000000080a00000, 0x0000000080a00000| Untracked 
|  10|0x0000000080a00000, 0x0000000080b00000, 0x0000000080b00000|100%| O|  |TAMS 0x0000000080b00000, 0x0000000080b00000| Untracked 
|  11|0x0000000080b00000, 0x0000000080c00000, 0x0000000080c00000|100%| O|  |TAMS 0x0000000080c00000, 0x0000000080c00000| Untracked 
|  12|0x0000000080c00000, 0x0000000080d00000, 0x0000000080d00000|100%| O|  |TAMS 0x0000000080d00000, 0x0000000080d00000| Untracked 
|  13|0x0000000080d00000, 0x0000000080e00000, 0x0000000080e00000|100%| O|  |TAMS 0x0000000080e00000, 0x0000000080e00000| Untracked 
|  14|0x0000000080e00000, 0x0000000080f00000, 0x0000000080f00000|100%| O|  |TAMS 0x0000000080f00000, 0x0000000080f00000| Untracked 
|  15|0x0000000080f00000, 0x0000000081000000, 0x0000000081000000|100%| O|  |TAMS 0x0000000081000000, 0x0000000081000000| Untracked 
|  16|0x0000000081000000, 0x0000000081100000, 0x0000000081100000|100%|HS|  |TAMS 0x0000000081100000, 0x0000000081100000| Complete 
|  17|0x0000000081100000, 0x0000000081200000, 0x0000000081200000|100%|HS|  |TAMS 0x0000000081200000, 0x0000000081200000| Complete 
|  18|0x0000000081200000, 0x0000000081300000, 0x0000000081300000|100%|HS|  |TAMS 0x0000000081300000, 0x0000000081300000| Complete 
|  19|0x0000000081300000, 0x0000000081400000, 0x0000000081400000|100%|HS|  |TAMS 0x0000000081400000, 0x0000000081400000| Complete 
|  20|0x0000000081400000, 0x0000000081500000, 0x0000000081500000|100%|HC|  |TAMS 0x0000000081500000, 0x0000000081500000| Complete 
|  21|0x0000000081500000, 0x0000000081600000, 0x0000000081600000|100%|HC|  |TAMS 0x0000000081600000, 0x0000000081600000| Complete 
|  22|0x0000000081600000, 0x0000000081700000, 0x0000000081700000|100%|HS|  |TAMS 0x0000000081700000, 0x0000000081700000| Complete 
|  23|0x0000000081700000, 0x0000000081800000, 0x0000000081800000|100%|HC|  |TAMS 0x0000000081800000, 0x0000000081800000| Complete 
|  24|0x0000000081800000, 0x0000000081900000, 0x0000000081900000|100%| O|  |TAMS 0x0000000081900000, 0x0000000081900000| Untracked 
|  25|0x0000000081900000, 0x0000000081a00000, 0x0000000081a00000|100%| O|  |TAMS 0x0000000081a00000, 0x0000000081a00000| Untracked 
|  26|0x0000000081a00000, 0x0000000081b00000, 0x0000000081b00000|100%| O|  |TAMS 0x0000000081b00000, 0x0000000081b00000| Untracked 
|  27|0x0000000081b00000, 0x0000000081c00000, 0x0000000081c00000|100%| O|  |TAMS 0x0000000081c00000, 0x0000000081c00000| Untracked 
|  28|0x0000000081c00000, 0x0000000081d00000, 0x0000000081d00000|100%| O|  |TAMS 0x0000000081d00000, 0x0000000081d00000| Untracked 
|  29|0x0000000081d00000, 0x0000000081e00000, 0x0000000081e00000|100%| O|  |TAMS 0x0000000081e00000, 0x0000000081e00000| Untracked 
|  30|0x0000000081e00000, 0x0000000081f00000, 0x0000000081f00000|100%| O|  |TAMS 0x0000000081f00000, 0x0000000081f00000| Untracked 
|  31|0x0000000081f00000, 0x0000000082000000, 0x0000000082000000|100%| O|  |TAMS 0x0000000082000000, 0x0000000082000000| Untracked 
|  32|0x0000000082000000, 0x0000000082100000, 0x0000000082100000|100%| O|  |TAMS 0x0000000082100000, 0x0000000082100000| Untracked 
|  33|0x0000000082100000, 0x0000000082200000, 0x0000000082200000|100%| O|  |TAMS 0x0000000082200000, 0x0000000082200000| Untracked 
|  34|0x0000000082200000, 0x0000000082300000, 0x0000000082300000|100%| O|  |TAMS 0x0000000082300000, 0x0000000082300000| Untracked 
|  35|0x0000000082300000, 0x0000000082400000, 0x0000000082400000|100%| O|  |TAMS 0x0000000082400000, 0x0000000082400000| Untracked 
|  36|0x0000000082400000, 0x0000000082500000, 0x0000000082500000|100%| O|  |TAMS 0x0000000082500000, 0x0000000082500000| Untracked 
|  37|0x0000000082500000, 0x0000000082600000, 0x0000000082600000|100%| O|  |TAMS 0x0000000082600000, 0x0000000082600000| Untracked 
|  38|0x0000000082600000, 0x0000000082700000, 0x0000000082700000|100%| O|  |TAMS 0x0000000082700000, 0x0000000082700000| Untracked 
|  39|0x0000000082700000, 0x0000000082800000, 0x0000000082800000|100%| O|  |TAMS 0x0000000082800000, 0x0000000082800000| Untracked 
|  40|0x0000000082800000, 0x0000000082900000, 0x0000000082900000|100%| O|  |TAMS 0x0000000082900000, 0x0000000082900000| Untracked 
|  41|0x0000000082900000, 0x0000000082a00000, 0x0000000082a00000|100%| O|  |TAMS 0x0000000082a00000, 0x0000000082a00000| Untracked 
|  42|0x0000000082a00000, 0x0000000082b00000, 0x0000000082b00000|100%| O|  |TAMS 0x0000000082b00000, 0x0000000082b00000| Untracked 
|  43|0x0000000082b00000, 0x0000000082c00000, 0x0000000082c00000|100%| O|  |TAMS 0x0000000082c00000, 0x0000000082c00000| Untracked 
|  44|0x0000000082c00000, 0x0000000082d00000, 0x0000000082d00000|100%| O|  |TAMS 0x0000000082d00000, 0x0000000082d00000| Untracked 
|  45|0x0000000082d00000, 0x0000000082e00000, 0x0000000082e00000|100%| O|  |TAMS 0x0000000082e00000, 0x0000000082e00000| Untracked 
|  46|0x0000000082e00000, 0x0000000082f00000, 0x0000000082f00000|100%| O|  |TAMS 0x0000000082f00000, 0x0000000082f00000| Untracked 
|  47|0x0000000082f00000, 0x0000000083000000, 0x0000000083000000|100%| O|  |TAMS 0x0000000083000000, 0x0000000083000000| Untracked 
|  48|0x0000000083000000, 0x0000000083100000, 0x0000000083100000|100%| O|  |TAMS 0x0000000083100000, 0x0000000083100000| Untracked 
|  49|0x0000000083100000, 0x0000000083100000, 0x0000000083200000|  0%| F|  |TAMS 0x0000000083100000, 0x0000000083100000| Untracked 
|  50|0x0000000083200000, 0x0000000083300000, 0x0000000083300000|100%| O|  |TAMS 0x0000000083300000, 0x0000000083300000| Untracked 
|  51|0x0000000083300000, 0x0000000083400000, 0x0000000083400000|100%| O|  |TAMS 0x0000000083400000, 0x0000000083400000| Untracked 
|  52|0x0000000083400000, 0x0000000083500000, 0x0000000083500000|100%| O|  |TAMS 0x0000000083400000, 0x0000000083500000| Untracked 
|  53|0x0000000083500000, 0x0000000083600000, 0x0000000083600000|100%|HS|  |TAMS 0x0000000083500000, 0x0000000083500000| Complete 
|  54|0x0000000083600000, 0x0000000083700000, 0x0000000083700000|100%|HC|  |TAMS 0x0000000083600000, 0x0000000083600000| Complete 
|  55|0x0000000083700000, 0x0000000083800000, 0x0000000083800000|100%| O|  |TAMS 0x0000000083800000, 0x0000000083800000| Untracked 
|  56|0x0000000083800000, 0x0000000083900000, 0x0000000083900000|100%| O|  |TAMS 0x0000000083800000, 0x0000000083900000| Untracked 
|  57|0x0000000083900000, 0x0000000083a00000, 0x0000000083a00000|100%| O|  |TAMS 0x0000000083a00000, 0x0000000083a00000| Untracked 
|  58|0x0000000083a00000, 0x0000000083b00000, 0x0000000083b00000|100%| O|  |TAMS 0x0000000083b00000, 0x0000000083b00000| Untracked 
|  59|0x0000000083b00000, 0x0000000083c00000, 0x0000000083c00000|100%| O|  |TAMS 0x0000000083c00000, 0x0000000083c00000| Untracked 
|  60|0x0000000083c00000, 0x0000000083d00000, 0x0000000083d00000|100%| O|  |TAMS 0x0000000083d00000, 0x0000000083d00000| Untracked 
|  61|0x0000000083d00000, 0x0000000083e00000, 0x0000000083e00000|100%| O|  |TAMS 0x0000000083e00000, 0x0000000083e00000| Untracked 
|  62|0x0000000083e00000, 0x0000000083e00000, 0x0000000083f00000|  0%| F|  |TAMS 0x0000000083e00000, 0x0000000083e00000| Untracked 
|  63|0x0000000083f00000, 0x0000000084000000, 0x0000000084000000|100%| O|  |TAMS 0x0000000084000000, 0x0000000084000000| Untracked 
|  64|0x0000000084000000, 0x0000000084000000, 0x0000000084100000|  0%| F|  |TAMS 0x0000000084000000, 0x0000000084000000| Untracked 
|  65|0x0000000084100000, 0x0000000084100000, 0x0000000084200000|  0%| F|  |TAMS 0x0000000084100000, 0x0000000084100000| Untracked 
|  66|0x0000000084200000, 0x0000000084300000, 0x0000000084300000|100%| O|  |TAMS 0x0000000084300000, 0x0000000084300000| Untracked 
|  67|0x0000000084300000, 0x0000000084400000, 0x0000000084400000|100%| O|  |TAMS 0x0000000084400000, 0x0000000084400000| Untracked 
|  68|0x0000000084400000, 0x0000000084500000, 0x0000000084500000|100%| O|  |TAMS 0x0000000084500000, 0x0000000084500000| Untracked 
|  69|0x0000000084500000, 0x0000000084600000, 0x0000000084600000|100%| O|  |TAMS 0x0000000084600000, 0x0000000084600000| Untracked 
|  70|0x0000000084600000, 0x0000000084700000, 0x0000000084700000|100%| O|  |TAMS 0x0000000084700000, 0x0000000084700000| Untracked 
|  71|0x0000000084700000, 0x0000000084800000, 0x0000000084800000|100%| O|  |TAMS 0x0000000084800000, 0x0000000084800000| Untracked 
|  72|0x0000000084800000, 0x0000000084900000, 0x0000000084900000|100%| O|  |TAMS 0x0000000084900000, 0x0000000084900000| Untracked 
|  73|0x0000000084900000, 0x0000000084a00000, 0x0000000084a00000|100%| O|  |TAMS 0x0000000084a00000, 0x0000000084a00000| Untracked 
|  74|0x0000000084a00000, 0x0000000084b00000, 0x0000000084b00000|100%| O|  |TAMS 0x0000000084a43200, 0x0000000084b00000| Untracked 
|  75|0x0000000084b00000, 0x0000000084c00000, 0x0000000084c00000|100%| O|  |TAMS 0x0000000084b00000, 0x0000000084c00000| Untracked 
|  76|0x0000000084c00000, 0x0000000084d00000, 0x0000000084d00000|100%| O|  |TAMS 0x0000000084d00000, 0x0000000084d00000| Untracked 
|  77|0x0000000084d00000, 0x0000000084e00000, 0x0000000084e00000|100%| O|  |TAMS 0x0000000084e00000, 0x0000000084e00000| Untracked 
|  78|0x0000000084e00000, 0x0000000084ee9800, 0x0000000084f00000| 91%| O|  |TAMS 0x0000000084e00000, 0x0000000084ee9800| Untracked 
|  79|0x0000000084f00000, 0x0000000085000000, 0x0000000085000000|100%| O|  |TAMS 0x0000000085000000, 0x0000000085000000| Untracked 
|  80|0x0000000085000000, 0x0000000085100000, 0x0000000085100000|100%| O|  |TAMS 0x0000000085100000, 0x0000000085100000| Untracked 
|  81|0x0000000085100000, 0x0000000085200000, 0x0000000085200000|100%| O|  |TAMS 0x0000000085200000, 0x0000000085200000| Untracked 
|  82|0x0000000085200000, 0x0000000085300000, 0x0000000085300000|100%|HS|  |TAMS 0x0000000085300000, 0x0000000085300000| Complete 
|  83|0x0000000085300000, 0x0000000085400000, 0x0000000085400000|100%|HC|  |TAMS 0x0000000085400000, 0x0000000085400000| Complete 
|  84|0x0000000085400000, 0x0000000085500000, 0x0000000085500000|100%|HC|  |TAMS 0x0000000085500000, 0x0000000085500000| Complete 
|  85|0x0000000085500000, 0x0000000085600000, 0x0000000085600000|100%| O|  |TAMS 0x0000000085600000, 0x0000000085600000| Untracked 
|  86|0x0000000085600000, 0x0000000085600000, 0x0000000085700000|  0%| F|  |TAMS 0x0000000085600000, 0x0000000085600000| Untracked 
|  87|0x0000000085700000, 0x0000000085700000, 0x0000000085800000|  0%| F|  |TAMS 0x0000000085700000, 0x0000000085700000| Untracked 
|  88|0x0000000085800000, 0x0000000085900000, 0x0000000085900000|100%| O|  |TAMS 0x0000000085900000, 0x0000000085900000| Untracked 
|  89|0x0000000085900000, 0x0000000085a00000, 0x0000000085a00000|100%| O|  |TAMS 0x0000000085a00000, 0x0000000085a00000| Untracked 
|  90|0x0000000085a00000, 0x0000000085a00000, 0x0000000085b00000|  0%| F|  |TAMS 0x0000000085a00000, 0x0000000085a00000| Untracked 
|  91|0x0000000085b00000, 0x0000000085c00000, 0x0000000085c00000|100%| O|  |TAMS 0x0000000085c00000, 0x0000000085c00000| Untracked 
|  92|0x0000000085c00000, 0x0000000085c00000, 0x0000000085d00000|  0%| F|  |TAMS 0x0000000085c00000, 0x0000000085c00000| Untracked 
|  93|0x0000000085d00000, 0x0000000085d00000, 0x0000000085e00000|  0%| F|  |TAMS 0x0000000085d00000, 0x0000000085d00000| Untracked 
|  94|0x0000000085e00000, 0x0000000085f00000, 0x0000000085f00000|100%| O|  |TAMS 0x0000000085f00000, 0x0000000085f00000| Untracked 
|  95|0x0000000085f00000, 0x0000000086000000, 0x0000000086000000|100%| O|  |TAMS 0x0000000086000000, 0x0000000086000000| Untracked 
|  96|0x0000000086000000, 0x0000000086100000, 0x0000000086100000|100%| O|  |TAMS 0x0000000086100000, 0x0000000086100000| Untracked 
|  97|0x0000000086100000, 0x0000000086100000, 0x0000000086200000|  0%| F|  |TAMS 0x0000000086100000, 0x0000000086100000| Untracked 
|  98|0x0000000086200000, 0x0000000086300000, 0x0000000086300000|100%| O|  |TAMS 0x0000000086300000, 0x0000000086300000| Untracked 
|  99|0x0000000086300000, 0x0000000086400000, 0x0000000086400000|100%| O|  |TAMS 0x0000000086400000, 0x0000000086400000| Untracked 
| 100|0x0000000086400000, 0x0000000086500000, 0x0000000086500000|100%| O|  |TAMS 0x0000000086500000, 0x0000000086500000| Untracked 
| 101|0x0000000086500000, 0x0000000086500000, 0x0000000086600000|  0%| F|  |TAMS 0x0000000086500000, 0x0000000086500000| Untracked 
| 102|0x0000000086600000, 0x0000000086600000, 0x0000000086700000|  0%| F|  |TAMS 0x0000000086600000, 0x0000000086600000| Untracked 
| 103|0x0000000086700000, 0x0000000086800000, 0x0000000086800000|100%| O|  |TAMS 0x0000000086800000, 0x0000000086800000| Untracked 
| 104|0x0000000086800000, 0x0000000086900000, 0x0000000086900000|100%| O|  |TAMS 0x0000000086900000, 0x0000000086900000| Untracked 
| 105|0x0000000086900000, 0x0000000086a00000, 0x0000000086a00000|100%| O|  |TAMS 0x0000000086a00000, 0x0000000086a00000| Untracked 
| 106|0x0000000086a00000, 0x0000000086b00000, 0x0000000086b00000|100%| O|  |TAMS 0x0000000086b00000, 0x0000000086b00000| Untracked 
| 107|0x0000000086b00000, 0x0000000086c00000, 0x0000000086c00000|100%| O|  |TAMS 0x0000000086c00000, 0x0000000086c00000| Untracked 
| 108|0x0000000086c00000, 0x0000000086d00000, 0x0000000086d00000|100%| O|  |TAMS 0x0000000086d00000, 0x0000000086d00000| Untracked 
| 109|0x0000000086d00000, 0x0000000086d00000, 0x0000000086e00000|  0%| F|  |TAMS 0x0000000086d00000, 0x0000000086d00000| Untracked 
| 110|0x0000000086e00000, 0x0000000086f00000, 0x0000000086f00000|100%| O|  |TAMS 0x0000000086f00000, 0x0000000086f00000| Untracked 
| 111|0x0000000086f00000, 0x0000000087000000, 0x0000000087000000|100%| O|  |TAMS 0x0000000087000000, 0x0000000087000000| Untracked 
| 112|0x0000000087000000, 0x0000000087100000, 0x0000000087100000|100%| O|  |TAMS 0x0000000087100000, 0x0000000087100000| Untracked 
| 113|0x0000000087100000, 0x0000000087200000, 0x0000000087200000|100%| O|  |TAMS 0x0000000087200000, 0x0000000087200000| Untracked 
| 114|0x0000000087200000, 0x0000000087300000, 0x0000000087300000|100%| O|  |TAMS 0x0000000087300000, 0x0000000087300000| Untracked 
| 115|0x0000000087300000, 0x0000000087400000, 0x0000000087400000|100%| O|  |TAMS 0x0000000087400000, 0x0000000087400000| Untracked 
| 116|0x0000000087400000, 0x0000000087500000, 0x0000000087500000|100%| O|  |TAMS 0x0000000087500000, 0x0000000087500000| Untracked 
| 117|0x0000000087500000, 0x0000000087600000, 0x0000000087600000|100%| O|  |TAMS 0x0000000087600000, 0x0000000087600000| Untracked 
| 118|0x0000000087600000, 0x0000000087600000, 0x0000000087700000|  0%| F|  |TAMS 0x0000000087600000, 0x0000000087600000| Untracked 
| 119|0x0000000087700000, 0x0000000087700000, 0x0000000087800000|  0%| F|  |TAMS 0x0000000087700000, 0x0000000087700000| Untracked 
| 120|0x0000000087800000, 0x0000000087900000, 0x0000000087900000|100%|HS|  |TAMS 0x0000000087900000, 0x0000000087900000| Complete 
| 121|0x0000000087900000, 0x0000000087a00000, 0x0000000087a00000|100%|HC|  |TAMS 0x0000000087a00000, 0x0000000087a00000| Complete 
| 122|0x0000000087a00000, 0x0000000087a00000, 0x0000000087b00000|  0%| F|  |TAMS 0x0000000087a00000, 0x0000000087a00000| Untracked 
| 123|0x0000000087b00000, 0x0000000087c00000, 0x0000000087c00000|100%| O|  |TAMS 0x0000000087c00000, 0x0000000087c00000| Untracked 
| 124|0x0000000087c00000, 0x0000000087c00000, 0x0000000087d00000|  0%| F|  |TAMS 0x0000000087c00000, 0x0000000087c00000| Untracked 
| 125|0x0000000087d00000, 0x0000000087d00000, 0x0000000087e00000|  0%| F|  |TAMS 0x0000000087d00000, 0x0000000087d00000| Untracked 
| 126|0x0000000087e00000, 0x0000000087e00000, 0x0000000087f00000|  0%| F|  |TAMS 0x0000000087e00000, 0x0000000087e00000| Untracked 
| 127|0x0000000087f00000, 0x0000000087f00000, 0x0000000088000000|  0%| F|  |TAMS 0x0000000087f00000, 0x0000000087f00000| Untracked 
| 128|0x0000000088000000, 0x0000000088000000, 0x0000000088100000|  0%| F|  |TAMS 0x0000000088000000, 0x0000000088000000| Untracked 
| 129|0x0000000088100000, 0x0000000088100000, 0x0000000088200000|  0%| F|  |TAMS 0x0000000088100000, 0x0000000088100000| Untracked 
| 130|0x0000000088200000, 0x0000000088200000, 0x0000000088300000|  0%| F|  |TAMS 0x0000000088200000, 0x0000000088200000| Untracked 
| 131|0x0000000088300000, 0x0000000088300000, 0x0000000088400000|  0%| F|  |TAMS 0x0000000088300000, 0x0000000088300000| Untracked 
| 132|0x0000000088400000, 0x0000000088500000, 0x0000000088500000|100%| O|  |TAMS 0x0000000088500000, 0x0000000088500000| Untracked 
| 133|0x0000000088500000, 0x0000000088600000, 0x0000000088600000|100%| O|  |TAMS 0x0000000088600000, 0x0000000088600000| Untracked 
| 134|0x0000000088600000, 0x0000000088700000, 0x0000000088700000|100%| O|  |TAMS 0x0000000088700000, 0x0000000088700000| Untracked 
| 135|0x0000000088700000, 0x0000000088800000, 0x0000000088800000|100%| O|  |TAMS 0x0000000088800000, 0x0000000088800000| Untracked 
| 136|0x0000000088800000, 0x0000000088900000, 0x0000000088900000|100%| O|  |TAMS 0x0000000088900000, 0x0000000088900000| Untracked 
| 137|0x0000000088900000, 0x0000000088a00000, 0x0000000088a00000|100%| O|  |TAMS 0x0000000088a00000, 0x0000000088a00000| Untracked 
| 138|0x0000000088a00000, 0x0000000088a00000, 0x0000000088b00000|  0%| F|  |TAMS 0x0000000088a00000, 0x0000000088a00000| Untracked 
| 139|0x0000000088b00000, 0x0000000088b00000, 0x0000000088c00000|  0%| F|  |TAMS 0x0000000088b00000, 0x0000000088b00000| Untracked 
| 140|0x0000000088c00000, 0x0000000088c00000, 0x0000000088d00000|  0%| F|  |TAMS 0x0000000088c00000, 0x0000000088c00000| Untracked 
| 141|0x0000000088d00000, 0x0000000088d00000, 0x0000000088e00000|  0%| F|  |TAMS 0x0000000088d00000, 0x0000000088d00000| Untracked 
| 142|0x0000000088e00000, 0x0000000088e00000, 0x0000000088f00000|  0%| F|  |TAMS 0x0000000088e00000, 0x0000000088e00000| Untracked 
| 143|0x0000000088f00000, 0x0000000089000000, 0x0000000089000000|100%| O|  |TAMS 0x0000000089000000, 0x0000000089000000| Untracked 
| 144|0x0000000089000000, 0x0000000089000000, 0x0000000089100000|  0%| F|  |TAMS 0x0000000089000000, 0x0000000089000000| Untracked 
| 145|0x0000000089100000, 0x0000000089200000, 0x0000000089200000|100%| O|  |TAMS 0x0000000089200000, 0x0000000089200000| Untracked 
| 146|0x0000000089200000, 0x0000000089300000, 0x0000000089300000|100%| O|  |TAMS 0x0000000089300000, 0x0000000089300000| Untracked 
| 147|0x0000000089300000, 0x0000000089400000, 0x0000000089400000|100%| O|  |TAMS 0x0000000089400000, 0x0000000089400000| Untracked 
| 148|0x0000000089400000, 0x0000000089500000, 0x0000000089500000|100%| O|  |TAMS 0x0000000089500000, 0x0000000089500000| Untracked 
| 149|0x0000000089500000, 0x0000000089600000, 0x0000000089600000|100%| O|  |TAMS 0x0000000089600000, 0x0000000089600000| Untracked 
| 150|0x0000000089600000, 0x0000000089700000, 0x0000000089700000|100%| O|  |TAMS 0x0000000089700000, 0x0000000089700000| Untracked 
| 151|0x0000000089700000, 0x0000000089800000, 0x0000000089800000|100%| O|  |TAMS 0x0000000089800000, 0x0000000089800000| Untracked 
| 152|0x0000000089800000, 0x0000000089800000, 0x0000000089900000|  0%| F|  |TAMS 0x0000000089800000, 0x0000000089800000| Untracked 
| 153|0x0000000089900000, 0x0000000089900000, 0x0000000089a00000|  0%| F|  |TAMS 0x0000000089900000, 0x0000000089900000| Untracked 
| 154|0x0000000089a00000, 0x0000000089a00000, 0x0000000089b00000|  0%| F|  |TAMS 0x0000000089a00000, 0x0000000089a00000| Untracked 
| 155|0x0000000089b00000, 0x0000000089b00000, 0x0000000089c00000|  0%| F|  |TAMS 0x0000000089b00000, 0x0000000089b00000| Untracked 
| 156|0x0000000089c00000, 0x0000000089c00000, 0x0000000089d00000|  0%| F|  |TAMS 0x0000000089c00000, 0x0000000089c00000| Untracked 
| 157|0x0000000089d00000, 0x0000000089d00000, 0x0000000089e00000|  0%| F|  |TAMS 0x0000000089d00000, 0x0000000089d00000| Untracked 
| 158|0x0000000089e00000, 0x0000000089e00000, 0x0000000089f00000|  0%| F|  |TAMS 0x0000000089e00000, 0x0000000089e00000| Untracked 
| 159|0x0000000089f00000, 0x0000000089f00000, 0x000000008a000000|  0%| F|  |TAMS 0x0000000089f00000, 0x0000000089f00000| Untracked 
| 160|0x000000008a000000, 0x000000008a000000, 0x000000008a100000|  0%| F|  |TAMS 0x000000008a000000, 0x000000008a000000| Untracked 
| 161|0x000000008a100000, 0x000000008a200000, 0x000000008a200000|100%| O|  |TAMS 0x000000008a200000, 0x000000008a200000| Untracked 
| 162|0x000000008a200000, 0x000000008a300000, 0x000000008a300000|100%| O|  |TAMS 0x000000008a300000, 0x000000008a300000| Untracked 
| 163|0x000000008a300000, 0x000000008a400000, 0x000000008a400000|100%| O|  |TAMS 0x000000008a400000, 0x000000008a400000| Untracked 
| 164|0x000000008a400000, 0x000000008a500000, 0x000000008a500000|100%| O|  |TAMS 0x000000008a500000, 0x000000008a500000| Untracked 
| 165|0x000000008a500000, 0x000000008a600000, 0x000000008a600000|100%| O|  |TAMS 0x000000008a600000, 0x000000008a600000| Untracked 
| 166|0x000000008a600000, 0x000000008a600000, 0x000000008a700000|  0%| F|  |TAMS 0x000000008a600000, 0x000000008a600000| Untracked 
| 167|0x000000008a700000, 0x000000008a700000, 0x000000008a800000|  0%| F|  |TAMS 0x000000008a700000, 0x000000008a700000| Untracked 
| 168|0x000000008a800000, 0x000000008a800000, 0x000000008a900000|  0%| F|  |TAMS 0x000000008a800000, 0x000000008a800000| Untracked 
| 169|0x000000008a900000, 0x000000008a900000, 0x000000008aa00000|  0%| F|  |TAMS 0x000000008a900000, 0x000000008a900000| Untracked 
| 170|0x000000008aa00000, 0x000000008aa00000, 0x000000008ab00000|  0%| F|  |TAMS 0x000000008aa00000, 0x000000008aa00000| Untracked 
| 171|0x000000008ab00000, 0x000000008ab00000, 0x000000008ac00000|  0%| F|  |TAMS 0x000000008ab00000, 0x000000008ab00000| Untracked 
| 172|0x000000008ac00000, 0x000000008ac00000, 0x000000008ad00000|  0%| F|  |TAMS 0x000000008ac00000, 0x000000008ac00000| Untracked 
| 173|0x000000008ad00000, 0x000000008ad00000, 0x000000008ae00000|  0%| F|  |TAMS 0x000000008ad00000, 0x000000008ad00000| Untracked 
| 174|0x000000008ae00000, 0x000000008ae00000, 0x000000008af00000|  0%| F|  |TAMS 0x000000008ae00000, 0x000000008ae00000| Untracked 
| 175|0x000000008af00000, 0x000000008af00000, 0x000000008b000000|  0%| F|  |TAMS 0x000000008af00000, 0x000000008af00000| Untracked 
| 176|0x000000008b000000, 0x000000008b000000, 0x000000008b100000|  0%| F|  |TAMS 0x000000008b000000, 0x000000008b000000| Untracked 
| 177|0x000000008b100000, 0x000000008b100000, 0x000000008b200000|  0%| F|  |TAMS 0x000000008b100000, 0x000000008b100000| Untracked 
| 178|0x000000008b200000, 0x000000008b200000, 0x000000008b300000|  0%| F|  |TAMS 0x000000008b200000, 0x000000008b200000| Untracked 
| 179|0x000000008b300000, 0x000000008b300000, 0x000000008b400000|  0%| F|  |TAMS 0x000000008b300000, 0x000000008b300000| Untracked 
| 180|0x000000008b400000, 0x000000008b400000, 0x000000008b500000|  0%| F|  |TAMS 0x000000008b400000, 0x000000008b400000| Untracked 
| 181|0x000000008b500000, 0x000000008b500000, 0x000000008b600000|  0%| F|  |TAMS 0x000000008b500000, 0x000000008b500000| Untracked 
| 182|0x000000008b600000, 0x000000008b600000, 0x000000008b700000|  0%| F|  |TAMS 0x000000008b600000, 0x000000008b600000| Untracked 
| 183|0x000000008b700000, 0x000000008b700000, 0x000000008b800000|  0%| F|  |TAMS 0x000000008b700000, 0x000000008b700000| Untracked 
| 184|0x000000008b800000, 0x000000008b800000, 0x000000008b900000|  0%| F|  |TAMS 0x000000008b800000, 0x000000008b800000| Untracked 
| 185|0x000000008b900000, 0x000000008b900000, 0x000000008ba00000|  0%| F|  |TAMS 0x000000008b900000, 0x000000008b900000| Untracked 
| 186|0x000000008ba00000, 0x000000008ba7e220, 0x000000008bb00000| 49%| S|CS|TAMS 0x000000008ba00000, 0x000000008ba00000| Complete 
| 187|0x000000008bb00000, 0x000000008bc00000, 0x000000008bc00000|100%| S|CS|TAMS 0x000000008bb00000, 0x000000008bb00000| Complete 
| 188|0x000000008bc00000, 0x000000008bd00000, 0x000000008bd00000|100%| S|CS|TAMS 0x000000008bc00000, 0x000000008bc00000| Complete 
| 189|0x000000008bd00000, 0x000000008be00000, 0x000000008be00000|100%| S|CS|TAMS 0x000000008bd00000, 0x000000008bd00000| Complete 
| 190|0x000000008be00000, 0x000000008bf00000, 0x000000008bf00000|100%| S|CS|TAMS 0x000000008be00000, 0x000000008be00000| Complete 
| 191|0x000000008bf00000, 0x000000008c000000, 0x000000008c000000|100%| S|CS|TAMS 0x000000008bf00000, 0x000000008bf00000| Complete 
| 192|0x000000008c000000, 0x000000008c100000, 0x000000008c100000|100%| S|CS|TAMS 0x000000008c000000, 0x000000008c000000| Complete 
| 193|0x000000008c100000, 0x000000008c200000, 0x000000008c200000|100%| S|CS|TAMS 0x000000008c100000, 0x000000008c100000| Complete 
| 194|0x000000008c200000, 0x000000008c200000, 0x000000008c300000|  0%| F|  |TAMS 0x000000008c200000, 0x000000008c200000| Untracked 
| 195|0x000000008c300000, 0x000000008c300000, 0x000000008c400000|  0%| F|  |TAMS 0x000000008c300000, 0x000000008c300000| Untracked 
| 196|0x000000008c400000, 0x000000008c400000, 0x000000008c500000|  0%| F|  |TAMS 0x000000008c400000, 0x000000008c400000| Untracked 
| 197|0x000000008c500000, 0x000000008c500000, 0x000000008c600000|  0%| F|  |TAMS 0x000000008c500000, 0x000000008c500000| Untracked 
| 198|0x000000008c600000, 0x000000008c600000, 0x000000008c700000|  0%| F|  |TAMS 0x000000008c600000, 0x000000008c600000| Untracked 
| 199|0x000000008c700000, 0x000000008c700000, 0x000000008c800000|  0%| F|  |TAMS 0x000000008c700000, 0x000000008c700000| Untracked 
| 200|0x000000008c800000, 0x000000008c800000, 0x000000008c900000|  0%| F|  |TAMS 0x000000008c800000, 0x000000008c800000| Untracked 
| 201|0x000000008c900000, 0x000000008c900000, 0x000000008ca00000|  0%| F|  |TAMS 0x000000008c900000, 0x000000008c900000| Untracked 
| 202|0x000000008ca00000, 0x000000008ca00000, 0x000000008cb00000|  0%| F|  |TAMS 0x000000008ca00000, 0x000000008ca00000| Untracked 
| 203|0x000000008cb00000, 0x000000008cb00000, 0x000000008cc00000|  0%| F|  |TAMS 0x000000008cb00000, 0x000000008cb00000| Untracked 
| 204|0x000000008cc00000, 0x000000008cc00000, 0x000000008cd00000|  0%| F|  |TAMS 0x000000008cc00000, 0x000000008cc00000| Untracked 
| 205|0x000000008cd00000, 0x000000008cd00000, 0x000000008ce00000|  0%| F|  |TAMS 0x000000008cd00000, 0x000000008cd00000| Untracked 
| 206|0x000000008ce00000, 0x000000008ce00000, 0x000000008cf00000|  0%| F|  |TAMS 0x000000008ce00000, 0x000000008ce00000| Untracked 
| 207|0x000000008cf00000, 0x000000008cf00000, 0x000000008d000000|  0%| F|  |TAMS 0x000000008cf00000, 0x000000008cf00000| Untracked 
| 208|0x000000008d000000, 0x000000008d000000, 0x000000008d100000|  0%| F|  |TAMS 0x000000008d000000, 0x000000008d000000| Untracked 
| 209|0x000000008d100000, 0x000000008d100000, 0x000000008d200000|  0%| F|  |TAMS 0x000000008d100000, 0x000000008d100000| Untracked 
| 210|0x000000008d200000, 0x000000008d200000, 0x000000008d300000|  0%| F|  |TAMS 0x000000008d200000, 0x000000008d200000| Untracked 
| 211|0x000000008d300000, 0x000000008d300000, 0x000000008d400000|  0%| F|  |TAMS 0x000000008d300000, 0x000000008d300000| Untracked 
| 212|0x000000008d400000, 0x000000008d400000, 0x000000008d500000|  0%| F|  |TAMS 0x000000008d400000, 0x000000008d400000| Untracked 
| 213|0x000000008d500000, 0x000000008d500000, 0x000000008d600000|  0%| F|  |TAMS 0x000000008d500000, 0x000000008d500000| Untracked 
| 214|0x000000008d600000, 0x000000008d600000, 0x000000008d700000|  0%| F|  |TAMS 0x000000008d600000, 0x000000008d600000| Untracked 
| 215|0x000000008d700000, 0x000000008d700000, 0x000000008d800000|  0%| F|  |TAMS 0x000000008d700000, 0x000000008d700000| Untracked 
| 216|0x000000008d800000, 0x000000008d800000, 0x000000008d900000|  0%| F|  |TAMS 0x000000008d800000, 0x000000008d800000| Untracked 
| 217|0x000000008d900000, 0x000000008d900000, 0x000000008da00000|  0%| F|  |TAMS 0x000000008d900000, 0x000000008d900000| Untracked 
| 218|0x000000008da00000, 0x000000008da00000, 0x000000008db00000|  0%| F|  |TAMS 0x000000008da00000, 0x000000008da00000| Untracked 
| 219|0x000000008db00000, 0x000000008db00000, 0x000000008dc00000|  0%| F|  |TAMS 0x000000008db00000, 0x000000008db00000| Untracked 
| 220|0x000000008dc00000, 0x000000008dc00000, 0x000000008dd00000|  0%| F|  |TAMS 0x000000008dc00000, 0x000000008dc00000| Untracked 
| 221|0x000000008dd00000, 0x000000008dd00000, 0x000000008de00000|  0%| F|  |TAMS 0x000000008dd00000, 0x000000008dd00000| Untracked 
| 222|0x000000008de00000, 0x000000008de00000, 0x000000008df00000|  0%| F|  |TAMS 0x000000008de00000, 0x000000008de00000| Untracked 
| 223|0x000000008df00000, 0x000000008df00000, 0x000000008e000000|  0%| F|  |TAMS 0x000000008df00000, 0x000000008df00000| Untracked 
| 224|0x000000008e000000, 0x000000008e000000, 0x000000008e100000|  0%| F|  |TAMS 0x000000008e000000, 0x000000008e000000| Untracked 
| 225|0x000000008e100000, 0x000000008e100000, 0x000000008e200000|  0%| F|  |TAMS 0x000000008e100000, 0x000000008e100000| Untracked 
| 226|0x000000008e200000, 0x000000008e200000, 0x000000008e300000|  0%| F|  |TAMS 0x000000008e200000, 0x000000008e200000| Untracked 
| 227|0x000000008e300000, 0x000000008e300000, 0x000000008e400000|  0%| F|  |TAMS 0x000000008e300000, 0x000000008e300000| Untracked 
| 228|0x000000008e400000, 0x000000008e400000, 0x000000008e500000|  0%| F|  |TAMS 0x000000008e400000, 0x000000008e400000| Untracked 
| 229|0x000000008e500000, 0x000000008e500000, 0x000000008e600000|  0%| F|  |TAMS 0x000000008e500000, 0x000000008e500000| Untracked 
| 230|0x000000008e600000, 0x000000008e600000, 0x000000008e700000|  0%| F|  |TAMS 0x000000008e600000, 0x000000008e600000| Untracked 
| 231|0x000000008e700000, 0x000000008e700000, 0x000000008e800000|  0%| F|  |TAMS 0x000000008e700000, 0x000000008e700000| Untracked 
| 232|0x000000008e800000, 0x000000008e800000, 0x000000008e900000|  0%| F|  |TAMS 0x000000008e800000, 0x000000008e800000| Untracked 
| 233|0x000000008e900000, 0x000000008e900000, 0x000000008ea00000|  0%| F|  |TAMS 0x000000008e900000, 0x000000008e900000| Untracked 
| 234|0x000000008ea00000, 0x000000008ea00000, 0x000000008eb00000|  0%| F|  |TAMS 0x000000008ea00000, 0x000000008ea00000| Untracked 
| 235|0x000000008eb00000, 0x000000008eb00000, 0x000000008ec00000|  0%| F|  |TAMS 0x000000008eb00000, 0x000000008eb00000| Untracked 
| 236|0x000000008ec00000, 0x000000008ec00000, 0x000000008ed00000|  0%| F|  |TAMS 0x000000008ec00000, 0x000000008ec00000| Untracked 
| 237|0x000000008ed00000, 0x000000008ed00000, 0x000000008ee00000|  0%| F|  |TAMS 0x000000008ed00000, 0x000000008ed00000| Untracked 
| 238|0x000000008ee00000, 0x000000008ee00000, 0x000000008ef00000|  0%| F|  |TAMS 0x000000008ee00000, 0x000000008ee00000| Untracked 
| 239|0x000000008ef00000, 0x000000008ef00000, 0x000000008f000000|  0%| F|  |TAMS 0x000000008ef00000, 0x000000008ef00000| Untracked 
| 240|0x000000008f000000, 0x000000008f000000, 0x000000008f100000|  0%| F|  |TAMS 0x000000008f000000, 0x000000008f000000| Untracked 
| 241|0x000000008f100000, 0x000000008f100000, 0x000000008f200000|  0%| F|  |TAMS 0x000000008f100000, 0x000000008f100000| Untracked 
| 242|0x000000008f200000, 0x000000008f200000, 0x000000008f300000|  0%| F|  |TAMS 0x000000008f200000, 0x000000008f200000| Untracked 
| 243|0x000000008f300000, 0x000000008f300000, 0x000000008f400000|  0%| F|  |TAMS 0x000000008f300000, 0x000000008f300000| Untracked 
| 244|0x000000008f400000, 0x000000008f400000, 0x000000008f500000|  0%| F|  |TAMS 0x000000008f400000, 0x000000008f400000| Untracked 
| 245|0x000000008f500000, 0x000000008f500000, 0x000000008f600000|  0%| F|  |TAMS 0x000000008f500000, 0x000000008f500000| Untracked 
| 246|0x000000008f600000, 0x000000008f680800, 0x000000008f700000| 50%| E|  |TAMS 0x000000008f600000, 0x000000008f600000| Complete 
| 247|0x000000008f700000, 0x000000008f800000, 0x000000008f800000|100%| E|CS|TAMS 0x000000008f700000, 0x000000008f700000| Complete 
| 248|0x000000008f800000, 0x000000008f900000, 0x000000008f900000|100%| E|CS|TAMS 0x000000008f800000, 0x000000008f800000| Complete 
| 249|0x000000008f900000, 0x000000008fa00000, 0x000000008fa00000|100%| E|CS|TAMS 0x000000008f900000, 0x000000008f900000| Complete 
| 250|0x000000008fa00000, 0x000000008fb00000, 0x000000008fb00000|100%| E|CS|TAMS 0x000000008fa00000, 0x000000008fa00000| Complete 
| 251|0x000000008fb00000, 0x000000008fc00000, 0x000000008fc00000|100%| E|CS|TAMS 0x000000008fb00000, 0x000000008fb00000| Complete 
| 252|0x000000008fc00000, 0x000000008fd00000, 0x000000008fd00000|100%| E|CS|TAMS 0x000000008fc00000, 0x000000008fc00000| Complete 
| 253|0x000000008fd00000, 0x000000008fe00000, 0x000000008fe00000|100%| E|CS|TAMS 0x000000008fd00000, 0x000000008fd00000| Complete 
| 254|0x000000008fe00000, 0x000000008ff00000, 0x000000008ff00000|100%| E|CS|TAMS 0x000000008fe00000, 0x000000008fe00000| Complete 
| 255|0x000000008ff00000, 0x0000000090000000, 0x0000000090000000|100%| E|CS|TAMS 0x000000008ff00000, 0x000000008ff00000| Complete 
| 256|0x0000000090000000, 0x0000000090100000, 0x0000000090100000|100%| E|CS|TAMS 0x0000000090000000, 0x0000000090000000| Complete 
| 257|0x0000000090100000, 0x0000000090200000, 0x0000000090200000|100%| E|CS|TAMS 0x0000000090100000, 0x0000000090100000| Complete 
| 258|0x0000000090200000, 0x0000000090300000, 0x0000000090300000|100%| E|CS|TAMS 0x0000000090200000, 0x0000000090200000| Complete 
| 259|0x0000000090300000, 0x0000000090400000, 0x0000000090400000|100%| E|CS|TAMS 0x0000000090300000, 0x0000000090300000| Complete 
| 260|0x0000000090400000, 0x0000000090500000, 0x0000000090500000|100%| E|CS|TAMS 0x0000000090400000, 0x0000000090400000| Complete 
| 261|0x0000000090500000, 0x0000000090600000, 0x0000000090600000|100%| E|CS|TAMS 0x0000000090500000, 0x0000000090500000| Complete 
| 262|0x0000000090600000, 0x0000000090700000, 0x0000000090700000|100%| E|CS|TAMS 0x0000000090600000, 0x0000000090600000| Complete 
| 263|0x0000000090700000, 0x0000000090800000, 0x0000000090800000|100%| E|CS|TAMS 0x0000000090700000, 0x0000000090700000| Complete 
| 264|0x0000000090800000, 0x0000000090900000, 0x0000000090900000|100%| E|CS|TAMS 0x0000000090800000, 0x0000000090800000| Complete 
| 265|0x0000000090900000, 0x0000000090a00000, 0x0000000090a00000|100%| E|CS|TAMS 0x0000000090900000, 0x0000000090900000| Complete 
| 266|0x0000000090a00000, 0x0000000090b00000, 0x0000000090b00000|100%| E|CS|TAMS 0x0000000090a00000, 0x0000000090a00000| Complete 
| 267|0x0000000090b00000, 0x0000000090c00000, 0x0000000090c00000|100%| E|CS|TAMS 0x0000000090b00000, 0x0000000090b00000| Complete 
| 268|0x0000000090c00000, 0x0000000090d00000, 0x0000000090d00000|100%| E|CS|TAMS 0x0000000090c00000, 0x0000000090c00000| Complete 
| 269|0x0000000090d00000, 0x0000000090e00000, 0x0000000090e00000|100%| E|CS|TAMS 0x0000000090d00000, 0x0000000090d00000| Complete 

Card table byte_map: [0x00000177d23f0000,0x00000177d27f0000] _byte_map_base: 0x00000177d1ff0000

Marking Bits (Prev, Next): (CMBitMap*) 0x00000177beabd998, (CMBitMap*) 0x00000177beabd9d0
 Prev Bits: [0x00000177d2bf0000, 0x00000177d4bf0000)
 Next Bits: [0x00000177d4bf0000, 0x00000177d6bf0000)

Polling page: 0x00000177bd1b0000

Metaspace:

Usage:
  Non-class:    137.13 MB capacity,   133.68 MB ( 97%) used,     2.83 MB (  2%) free+waste,   639.69 KB ( <1%) overhead. 
      Class:     19.96 MB capacity,    18.03 MB ( 90%) used,     1.66 MB (  8%) free+waste,   274.56 KB (  1%) overhead. 
       Both:    157.08 MB capacity,   151.70 MB ( 97%) used,     4.49 MB (  3%) free+waste,   914.25 KB ( <1%) overhead. 

Virtual space:
  Non-class space:      138.00 MB reserved,     137.40 MB (>99%) committed 
      Class space:        1.00 GB reserved,      20.27 MB (  2%) committed 
             Both:        1.13 GB reserved,     157.67 MB ( 14%) committed 

Chunk freelists:
   Non-Class:  277.00 KB
       Class:  204.00 KB
        Both:  481.00 KB

MaxMetaspaceSize: 17179869184.00 GB
CompressedClassSpaceSize: 1.00 GB

CodeHeap 'non-profiled nmethods': size=120000Kb used=30281Kb max_used=30281Kb free=89718Kb
 bounds [0x00000177ca050000, 0x00000177cbdf0000, 0x00000177d1580000]
CodeHeap 'profiled nmethods': size=120000Kb used=66223Kb max_used=67825Kb free=53777Kb
 bounds [0x00000177c2b20000, 0x00000177c6e20000, 0x00000177ca050000]
CodeHeap 'non-nmethods': size=5760Kb used=2410Kb max_used=2490Kb free=3349Kb
 bounds [0x00000177c2580000, 0x00000177c2800000, 0x00000177c2b20000]
 total_blobs=31882 nmethods=30824 adapters=968
 compilation: enabled
              stopped_count=0, restarted_count=0
 full_count=0

Compilation events (20 events):
Event: 3644.496 Thread 0x00000177d9fb0000 nmethod 39062 0x00000177cbde7810 code [0x00000177cbde79c0, 0x00000177cbde7a78]
Event: 3644.496 Thread 0x00000177d9fb0000 39063       1       sun.rmi.transport.Target::isPermanent (5 bytes)
Event: 3644.496 Thread 0x00000177d9fb0000 nmethod 39063 0x00000177cbde7b10 code [0x00000177cbde7cc0, 0x00000177cbde7d78]
Event: 3644.985 Thread 0x00000177d9fb0000 39064       3       org.jetbrains.kotlin.gradle.logging.GradleKotlinLogger::debug (17 bytes)
Event: 3644.985 Thread 0x00000177d9fb0000 nmethod 39064 0x00000177c3f5e390 code [0x00000177c3f5e5c0, 0x00000177c3f5ec08]
Event: 3645.019 Thread 0x00000177d9fb0000 39065       3       org.gradle.api.internal.artifacts.ivyservice.ivyresolve.DynamicVersionResolver::<init> (66 bytes)
Event: 3645.020 Thread 0x00000177d9fb0000 nmethod 39065 0x00000177c406c890 code [0x00000177c406cac0, 0x00000177c406d3f8]
Event: 3645.020 Thread 0x00000177d9fb0000 39066       3       org.gradle.api.internal.artifacts.ivyservice.ivyresolve.RepositoryChainComponentMetaDataResolver::<init> (37 bytes)
Event: 3645.020 Thread 0x00000177d9fb0000 nmethod 39066 0x00000177c3fbfc90 code [0x00000177c3fbfea0, 0x00000177c3fc05f8]
Event: 3645.022 Thread 0x00000177d9f67800 39067       4       org.gradle.internal.component.local.model.OpaqueComponentArtifactIdentifier::<init> (10 bytes)
Event: 3645.024 Thread 0x00000177d9f67800 nmethod 39067 0x00000177cbde7e10 code [0x00000177cbde7fa0, 0x00000177cbde80d8]
Event: 3645.024 Thread 0x00000177d9f67800 39068       4       org.gradle.api.internal.artifacts.type.DefaultArtifactTypeRegistry::mapAttributesFor (77 bytes)
Event: 3645.043 Thread 0x00000177d9f67800 nmethod 39068 0x00000177cbde8190 code [0x00000177cbde8400, 0x00000177cbde8c50]
Event: 3645.085 Thread 0x00000177d9f67800 39069       4       org.gradle.execution.plan.LocalTaskNodeExecutor::detectMissingDependencies (271 bytes)
Event: 3645.126 Thread 0x00000177d9fb0000 39070       3       java.util.TreeMap::firstKey (8 bytes)
Event: 3645.126 Thread 0x00000177d9fb0000 nmethod 39070 0x00000177c3af7610 code [0x00000177c3af7800, 0x00000177c3af7ba8]
Event: 3645.197 Thread 0x00000177d9fb0000 39074       3       java.util.ComparableTimSort::mergeAt (356 bytes)
Event: 3645.197 Thread 0x00000177d9fb0000 nmethod 39074 0x00000177c4071290 code [0x00000177c40714c0, 0x00000177c4071c58]
Event: 3645.229 Thread 0x00000177d9fb0000 39075       3       java.util.ComparableTimSort::ensureCapacity (64 bytes)
Event: 3645.229 Thread 0x00000177d9fb0000 nmethod 39075 0x00000177c3b4f690 code [0x00000177c3b4f860, 0x00000177c3b4fc08]

GC Heap History (20 events):
Event: 3504.031 GC heap before
{Heap before GC invocations=191 (full 0):
 garbage-first heap   total 276480K, used 217043K [0x0000000080000000, 0x0000000100000000)
  region size 1024K, 80 young (81920K), 1 survivors (1024K)
 Metaspace       used 154977K, capacity 160549K, committed 161200K, reserved 1189888K
  class space    used 18456K, capacity 20431K, committed 20760K, reserved 1048576K
}
Event: 3504.041 GC heap after
{Heap after GC invocations=192 (full 0):
 garbage-first heap   total 276480K, used 142072K [0x0000000080000000, 0x0000000100000000)
  region size 1024K, 6 young (6144K), 6 survivors (6144K)
 Metaspace       used 154977K, capacity 160549K, committed 161200K, reserved 1189888K
  class space    used 18456K, capacity 20431K, committed 20760K, reserved 1048576K
}
Event: 3505.381 GC heap before
{Heap before GC invocations=193 (full 0):
 garbage-first heap   total 276480K, used 222968K [0x0000000080000000, 0x0000000100000000)
  region size 1024K, 84 young (86016K), 6 survivors (6144K)
 Metaspace       used 155068K, capacity 160620K, committed 161456K, reserved 1189888K
  class space    used 18456K, capacity 20431K, committed 20760K, reserved 1048576K
}
Event: 3505.397 GC heap after
{Heap after GC invocations=194 (full 0):
 garbage-first heap   total 276480K, used 159744K [0x0000000080000000, 0x0000000100000000)
  region size 1024K, 11 young (11264K), 11 survivors (11264K)
 Metaspace       used 155068K, capacity 160620K, committed 161456K, reserved 1189888K
  class space    used 18456K, capacity 20431K, committed 20760K, reserved 1048576K
}
Event: 3505.428 GC heap before
{Heap before GC invocations=194 (full 0):
 garbage-first heap   total 276480K, used 161792K [0x0000000080000000, 0x0000000100000000)
  region size 1024K, 13 young (13312K), 11 survivors (11264K)
 Metaspace       used 155069K, capacity 160620K, committed 161456K, reserved 1189888K
  class space    used 18456K, capacity 20431K, committed 20760K, reserved 1048576K
}
Event: 3505.450 GC heap after
{Heap after GC invocations=195 (full 0):
 garbage-first heap   total 276480K, used 147181K [0x0000000080000000, 0x0000000100000000)
  region size 1024K, 2 young (2048K), 2 survivors (2048K)
 Metaspace       used 155069K, capacity 160620K, committed 161456K, reserved 1189888K
  class space    used 18456K, capacity 20431K, committed 20760K, reserved 1048576K
}
Event: 3506.667 GC heap before
{Heap before GC invocations=195 (full 0):
 garbage-first heap   total 276480K, used 210669K [0x0000000080000000, 0x0000000100000000)
  region size 1024K, 66 young (67584K), 2 survivors (2048K)
 Metaspace       used 155160K, capacity 160763K, committed 161456K, reserved 1189888K
  class space    used 18457K, capacity 20433K, committed 20760K, reserved 1048576K
}
Event: 3506.676 GC heap after
{Heap after GC invocations=196 (full 0):
 garbage-first heap   total 276480K, used 150066K [0x0000000080000000, 0x0000000100000000)
  region size 1024K, 4 young (4096K), 4 survivors (4096K)
 Metaspace       used 155160K, capacity 160763K, committed 161456K, reserved 1189888K
  class space    used 18457K, capacity 20433K, committed 20760K, reserved 1048576K
}
Event: 3513.059 GC heap before
{Heap before GC invocations=197 (full 0):
 garbage-first heap   total 276480K, used 226866K [0x0000000080000000, 0x0000000100000000)
  region size 1024K, 76 young (77824K), 4 survivors (4096K)
 Metaspace       used 155204K, capacity 160764K, committed 161456K, reserved 1189888K
  class space    used 18459K, capacity 20433K, committed 20760K, reserved 1048576K
}
Event: 3513.065 GC heap after
{Heap after GC invocations=198 (full 0):
 garbage-first heap   total 276480K, used 148598K [0x0000000080000000, 0x0000000100000000)
  region size 1024K, 3 young (3072K), 3 survivors (3072K)
 Metaspace       used 155204K, capacity 160764K, committed 161456K, reserved 1189888K
  class space    used 18459K, capacity 20433K, committed 20760K, reserved 1048576K
}
Event: 3513.138 GC heap before
{Heap before GC invocations=198 (full 0):
 garbage-first heap   total 276480K, used 158838K [0x0000000080000000, 0x0000000100000000)
  region size 1024K, 13 young (13312K), 3 survivors (3072K)
 Metaspace       used 155212K, capacity 160764K, committed 161456K, reserved 1189888K
  class space    used 18459K, capacity 20433K, committed 20760K, reserved 1048576K
}
Event: 3513.153 GC heap after
{Heap after GC invocations=199 (full 0):
 garbage-first heap   total 276480K, used 141126K [0x0000000080000000, 0x0000000100000000)
  region size 1024K, 1 young (1024K), 1 survivors (1024K)
 Metaspace       used 155212K, capacity 160764K, committed 161456K, reserved 1189888K
  class space    used 18459K, capacity 20433K, committed 20760K, reserved 1048576K
}
Event: 3513.469 GC heap before
{Heap before GC invocations=199 (full 0):
 garbage-first heap   total 276480K, used 185158K [0x0000000080000000, 0x0000000100000000)
  region size 1024K, 45 young (46080K), 1 survivors (1024K)
 Metaspace       used 155241K, capacity 160851K, committed 161456K, reserved 1189888K
  class space    used 18460K, capacity 20436K, committed 20760K, reserved 1048576K
}
Event: 3513.475 GC heap after
{Heap after GC invocations=200 (full 0):
 garbage-first heap   total 276480K, used 141302K [0x0000000080000000, 0x0000000100000000)
  region size 1024K, 1 young (1024K), 1 survivors (1024K)
 Metaspace       used 155241K, capacity 160851K, committed 161456K, reserved 1189888K
  class space    used 18460K, capacity 20436K, committed 20760K, reserved 1048576K
}
Event: 3611.434 GC heap before
{Heap before GC invocations=201 (full 0):
 garbage-first heap   total 276480K, used 254966K [0x0000000080000000, 0x0000000100000000)
  region size 1024K, 85 young (87040K), 1 survivors (1024K)
 Metaspace       used 155327K, capacity 160855K, committed 161456K, reserved 1189888K
  class space    used 18461K, capacity 20436K, committed 20760K, reserved 1048576K
}
Event: 3611.438 GC heap after
{Heap after GC invocations=202 (full 0):
 garbage-first heap   total 276480K, used 138202K [0x0000000080000000, 0x0000000100000000)
  region size 1024K, 1 young (1024K), 1 survivors (1024K)
 Metaspace       used 155327K, capacity 160855K, committed 161456K, reserved 1189888K
  class space    used 18461K, capacity 20436K, committed 20760K, reserved 1048576K
}
Event: 3644.013 GC heap before
{Heap before GC invocations=202 (full 0):
 garbage-first heap   total 276480K, used 149466K [0x0000000080000000, 0x0000000100000000)
  region size 1024K, 13 young (13312K), 1 survivors (1024K)
 Metaspace       used 155332K, capacity 160855K, committed 161456K, reserved 1189888K
  class space    used 18461K, capacity 20436K, committed 20760K, reserved 1048576K
}
Event: 3644.023 GC heap after
{Heap after GC invocations=203 (full 0):
 garbage-first heap   total 276480K, used 129862K [0x0000000080000000, 0x0000000100000000)
  region size 1024K, 2 young (2048K), 2 survivors (2048K)
 Metaspace       used 155332K, capacity 160855K, committed 161456K, reserved 1189888K
  class space    used 18461K, capacity 20436K, committed 20760K, reserved 1048576K
}
Event: 3645.108 GC heap before
{Heap before GC invocations=203 (full 0):
 garbage-first heap   total 276480K, used 203590K [0x0000000080000000, 0x0000000100000000)
  region size 1024K, 76 young (77824K), 2 survivors (2048K)
 Metaspace       used 155345K, capacity 160855K, committed 161456K, reserved 1189888K
  class space    used 18461K, capacity 20436K, committed 20760K, reserved 1048576K
}
Event: 3645.125 GC heap after
{Heap after GC invocations=204 (full 0):
 garbage-first heap   total 276480K, used 135582K [0x0000000080000000, 0x0000000100000000)
  region size 1024K, 8 young (8192K), 8 survivors (8192K)
 Metaspace       used 155345K, capacity 160855K, committed 161456K, reserved 1189888K
  class space    used 18461K, capacity 20436K, committed 20760K, reserved 1048576K
}

Deoptimization events (20 events):
Event: 3645.156 Thread 0x00000177e596c000 DEOPT PACKING pc=0x00000177c4af3865 sp=0x0000001e1a2f9fb0
Event: 3645.156 Thread 0x00000177e596c000 DEOPT UNPACKING pc=0x00000177c25a764e sp=0x0000001e1a2f9580 mode 0
Event: 3645.157 Thread 0x00000177e596c000 DEOPT PACKING pc=0x00000177c4af3865 sp=0x0000001e1a2f9fb0
Event: 3645.157 Thread 0x00000177e596c000 DEOPT UNPACKING pc=0x00000177c25a764e sp=0x0000001e1a2f9580 mode 0
Event: 3645.160 Thread 0x00000177e596c000 DEOPT PACKING pc=0x00000177c4b054c7 sp=0x0000001e1a2fa670
Event: 3645.160 Thread 0x00000177e596c000 DEOPT UNPACKING pc=0x00000177c25a764e sp=0x0000001e1a2f9bb8 mode 0
Event: 3645.185 Thread 0x00000177e596c000 DEOPT PACKING pc=0x00000177c4b28540 sp=0x0000001e1a2f9f70
Event: 3645.185 Thread 0x00000177e596c000 DEOPT UNPACKING pc=0x00000177c25a764e sp=0x0000001e1a2f95a0 mode 0
Event: 3645.201 Thread 0x00000177e596c000 DEOPT PACKING pc=0x00000177c4b28540 sp=0x0000001e1a2f9f70
Event: 3645.201 Thread 0x00000177e596c000 DEOPT UNPACKING pc=0x00000177c25a764e sp=0x0000001e1a2f95a0 mode 0
Event: 3645.204 Thread 0x00000177e596c000 DEOPT PACKING pc=0x00000177c4b3ba2c sp=0x0000001e1a2f9f40
Event: 3645.204 Thread 0x00000177e596c000 DEOPT UNPACKING pc=0x00000177c25a764e sp=0x0000001e1a2f95a0 mode 0
Event: 3645.223 Thread 0x00000177e596c000 DEOPT PACKING pc=0x00000177c4b28540 sp=0x0000001e1a2f9f70
Event: 3645.223 Thread 0x00000177e596c000 DEOPT UNPACKING pc=0x00000177c25a764e sp=0x0000001e1a2f95a0 mode 0
Event: 3645.236 Thread 0x00000177e596c000 DEOPT PACKING pc=0x00000177c4b28540 sp=0x0000001e1a2f9f70
Event: 3645.236 Thread 0x00000177e596c000 DEOPT UNPACKING pc=0x00000177c25a764e sp=0x0000001e1a2f95a0 mode 0
Event: 3645.243 Thread 0x00000177e596c000 DEOPT PACKING pc=0x00000177c4b288df sp=0x0000001e1a2f9f70
Event: 3645.243 Thread 0x00000177e596c000 DEOPT UNPACKING pc=0x00000177c25a764e sp=0x0000001e1a2f95a0 mode 0
Event: 3645.246 Thread 0x00000177e596c000 DEOPT PACKING pc=0x00000177c4b28540 sp=0x0000001e1a2f9f70
Event: 3645.246 Thread 0x00000177e596c000 DEOPT UNPACKING pc=0x00000177c25a764e sp=0x0000001e1a2f95a0 mode 0

Classes redefined (0 events):
No events

Internal exceptions (20 events):
Event: 3513.179 Thread 0x00000177dc608000 Exception <a 'sun/nio/fs/WindowsException'{0x00000000909e2748}> (0x00000000909e2748) thrown at [./src/hotspot/share/prims/jni.cpp, line 615]
Event: 3513.183 Thread 0x00000177dc608000 Exception <a 'sun/nio/fs/WindowsException'{0x00000000909f8268}> (0x00000000909f8268) thrown at [./src/hotspot/share/prims/jni.cpp, line 615]
Event: 3513.187 Thread 0x00000177dc608000 Exception <a 'sun/nio/fs/WindowsException'{0x00000000908c3c08}> (0x00000000908c3c08) thrown at [./src/hotspot/share/prims/jni.cpp, line 615]
Event: 3513.235 Thread 0x00000177df8b7000 Exception <a 'sun/nio/fs/WindowsException'{0x000000008fff6988}> (0x000000008fff6988) thrown at [./src/hotspot/share/prims/jni.cpp, line 615]
Event: 3513.238 Thread 0x00000177df8b6000 Exception <a 'sun/nio/fs/WindowsException'{0x000000008fd46590}> (0x000000008fd46590) thrown at [./src/hotspot/share/prims/jni.cpp, line 615]
Event: 3513.247 Thread 0x00000177df8b7000 Exception <a 'sun/nio/fs/WindowsException'{0x000000008f975b68}> (0x000000008f975b68) thrown at [./src/hotspot/share/prims/jni.cpp, line 615]
Event: 3513.286 Thread 0x00000177df8b6000 Exception <a 'sun/nio/fs/WindowsException'{0x000000008f112488}> (0x000000008f112488) thrown at [./src/hotspot/share/prims/jni.cpp, line 615]
Event: 3528.151 Thread 0x00000177e5961800 Exception <a 'sun/nio/fs/WindowsException'{0x000000008f562c80}> (0x000000008f562c80) thrown at [./src/hotspot/share/prims/jni.cpp, line 615]
Event: 3528.243 Thread 0x00000177e5961800 Exception <a 'sun/nio/fs/WindowsException'{0x000000008ea3abe0}> (0x000000008ea3abe0) thrown at [./src/hotspot/share/prims/jni.cpp, line 615]
Event: 3528.249 Thread 0x00000177e5961800 Exception <a 'sun/nio/fs/WindowsException'{0x000000008ead6330}> (0x000000008ead6330) thrown at [./src/hotspot/share/prims/jni.cpp, line 615]
Event: 3528.249 Thread 0x00000177e5961800 Exception <a 'sun/nio/fs/WindowsException'{0x000000008ead72c8}> (0x000000008ead72c8) thrown at [./src/hotspot/share/prims/jni.cpp, line 615]
Event: 3528.249 Thread 0x00000177e5961800 Exception <a 'sun/nio/fs/WindowsException'{0x000000008ead82b0}> (0x000000008ead82b0) thrown at [./src/hotspot/share/prims/jni.cpp, line 615]
Event: 3528.249 Thread 0x00000177e5961800 Exception <a 'sun/nio/fs/WindowsException'{0x000000008ead9298}> (0x000000008ead9298) thrown at [./src/hotspot/share/prims/jni.cpp, line 615]
Event: 3644.045 Thread 0x00000177dc839000 Exception <a 'sun/nio/fs/WindowsException'{0x000000009052d7b0}> (0x000000009052d7b0) thrown at [./src/hotspot/share/prims/jni.cpp, line 615]
Event: 3644.091 Thread 0x00000177dc839000 Exception <a 'sun/nio/fs/WindowsException'{0x000000008fbe84b0}> (0x000000008fbe84b0) thrown at [./src/hotspot/share/prims/jni.cpp, line 615]
Event: 3644.096 Thread 0x00000177dc839000 Exception <a 'sun/nio/fs/WindowsException'{0x000000008fa89358}> (0x000000008fa89358) thrown at [./src/hotspot/share/prims/jni.cpp, line 615]
Event: 3644.096 Thread 0x00000177dc839000 Exception <a 'sun/nio/fs/WindowsException'{0x000000008fa8a2f0}> (0x000000008fa8a2f0) thrown at [./src/hotspot/share/prims/jni.cpp, line 615]
Event: 3644.096 Thread 0x00000177dc839000 Exception <a 'sun/nio/fs/WindowsException'{0x000000008fa8b2d8}> (0x000000008fa8b2d8) thrown at [./src/hotspot/share/prims/jni.cpp, line 615]
Event: 3644.096 Thread 0x00000177dc839000 Exception <a 'sun/nio/fs/WindowsException'{0x000000008fa8c2c0}> (0x000000008fa8c2c0) thrown at [./src/hotspot/share/prims/jni.cpp, line 615]
Event: 3644.494 Thread 0x00000177dc600800 Exception <a 'java/lang/InterruptedException'{0x000000008caa08a0}> (0x000000008caa08a0) thrown at [./src/hotspot/share/runtime/objectMonitor.cpp, line 1635]

Events (20 events):
Event: 3644.234 Executing VM operation: RevokeBias
Event: 3644.234 Executing VM operation: RevokeBias done
Event: 3644.248 Executing VM operation: RevokeBias
Event: 3644.248 Executing VM operation: RevokeBias done
Event: 3644.281 Executing VM operation: RevokeBias
Event: 3644.281 Executing VM operation: RevokeBias done
Event: 3644.487 Thread 0x00000177e5963000 Thread exited: 0x00000177e5963000
Event: 3644.492 Thread 0x00000177dc600800 Thread added: 0x00000177dc600800
Event: 3644.492 Executing VM operation: RevokeBias
Event: 3644.492 Executing VM operation: RevokeBias done
Event: 3644.500 Thread 0x00000177dc5fb000 Thread added: 0x00000177dc5fb000
Event: 3644.984 Executing VM operation: RevokeBias
Event: 3644.984 Executing VM operation: RevokeBias done
Event: 3645.108 Executing VM operation: G1CollectForAllocation
Event: 3645.125 Executing VM operation: G1CollectForAllocation done
Event: 3645.125 Executing VM operation: RevokeBias
Event: 3645.126 Executing VM operation: RevokeBias done
Event: 3645.126 Executing VM operation: RevokeBias
Event: 3645.126 Executing VM operation: RevokeBias done
Event: 3645.128 Thread 0x00000177dc600800 Thread exited: 0x00000177dc600800


Dynamic libraries:
0x00007ff602a00000 - 0x00007ff602a0a000 	C:\Program Files\Android\Android Studio\jre\bin\java.exe
0x00007ff84ac50000 - 0x00007ff84ae45000 	C:\Windows\SYSTEM32\ntdll.dll
0x00007ff84a750000 - 0x00007ff84a80e000 	C:\Windows\System32\KERNEL32.DLL
0x00007ff848670000 - 0x00007ff848938000 	C:\Windows\System32\KERNELBASE.dll
0x00007ff8484d0000 - 0x00007ff8485d0000 	C:\Windows\System32\ucrtbase.dll
0x00007ff82c4e0000 - 0x00007ff82c4f7000 	C:\Program Files\Android\Android Studio\jre\bin\VCRUNTIME140.dll
0x00007ff82c450000 - 0x00007ff82c469000 	C:\Program Files\Android\Android Studio\jre\bin\jli.dll
0x00007ff849a00000 - 0x00007ff849ba1000 	C:\Windows\System32\USER32.dll
0x00007ff8489a0000 - 0x00007ff8489c2000 	C:\Windows\System32\win32u.dll
0x00007ff839770000 - 0x00007ff839a0a000 	C:\Windows\WinSxS\amd64_microsoft.windows.common-controls_6595b64144ccf1df_6.0.19041.1110_none_60b5254171f9507e\COMCTL32.dll
0x00007ff849920000 - 0x00007ff84994b000 	C:\Windows\System32\GDI32.dll
0x00007ff84ab00000 - 0x00007ff84ab9e000 	C:\Windows\System32\msvcrt.dll
0x00007ff848330000 - 0x00007ff84843d000 	C:\Windows\System32\gdi32full.dll
0x00007ff8485d0000 - 0x00007ff84866d000 	C:\Windows\System32\msvcp_win.dll
0x00007ff84aba0000 - 0x00007ff84abd0000 	C:\Windows\System32\IMM32.DLL
0x00007ff819aa0000 - 0x00007ff819b3d000 	C:\Program Files\Android\Android Studio\jre\bin\msvcp140.dll
0x00007fffdc6b0000 - 0x00007fffdd17f000 	C:\Program Files\Android\Android Studio\jre\bin\server\jvm.dll
0x00007ff849950000 - 0x00007ff8499fe000 	C:\Windows\System32\ADVAPI32.dll
0x00007ff84a580000 - 0x00007ff84a61c000 	C:\Windows\System32\sechost.dll
0x00007ff84a810000 - 0x00007ff84a935000 	C:\Windows\System32\RPCRT4.dll
0x00007ff849fe0000 - 0x00007ff849fe8000 	C:\Windows\System32\PSAPI.DLL
0x00007ff842e50000 - 0x00007ff842e59000 	C:\Windows\SYSTEM32\WSOCK32.dll
0x00007ff83d550000 - 0x00007ff83d577000 	C:\Windows\SYSTEM32\WINMM.dll
0x00007ff841ea0000 - 0x00007ff841eaa000 	C:\Windows\SYSTEM32\VERSION.dll
0x00007ff849dc0000 - 0x00007ff849e2b000 	C:\Windows\System32\WS2_32.dll
0x00007ff846240000 - 0x00007ff846252000 	C:\Windows\SYSTEM32\kernel.appcore.dll
0x00007ff8393f0000 - 0x00007ff839401000 	C:\Program Files\Android\Android Studio\jre\bin\verify.dll
0x00007ff8339c0000 - 0x00007ff833ba4000 	C:\Windows\SYSTEM32\DBGHELP.DLL
0x00007ff8338f0000 - 0x00007ff83391c000 	C:\Windows\SYSTEM32\dbgcore.DLL
0x00007ff848440000 - 0x00007ff8484c2000 	C:\Windows\System32\bcryptPrimitives.dll
0x00007ff82de80000 - 0x00007ff82dea9000 	C:\Program Files\Android\Android Studio\jre\bin\java.dll
0x00007ff842e00000 - 0x00007ff842e0b000 	C:\Program Files\Android\Android Studio\jre\bin\jimage.dll
0x00007ff82e830000 - 0x00007ff82e848000 	C:\Program Files\Android\Android Studio\jre\bin\zip.dll
0x00007ff849170000 - 0x00007ff8498b4000 	C:\Windows\System32\SHELL32.dll
0x00007ff846440000 - 0x00007ff846bd5000 	C:\Windows\SYSTEM32\windows.storage.dll
0x00007ff848d40000 - 0x00007ff849095000 	C:\Windows\System32\combase.dll
0x00007ff847d80000 - 0x00007ff847dae000 	C:\Windows\SYSTEM32\Wldp.dll
0x00007ff849ff0000 - 0x00007ff84a09d000 	C:\Windows\System32\SHCORE.dll
0x00007ff84a520000 - 0x00007ff84a575000 	C:\Windows\System32\shlwapi.dll
0x00007ff848270000 - 0x00007ff84828f000 	C:\Windows\SYSTEM32\profapi.dll
0x00007ff82ded0000 - 0x00007ff82deea000 	C:\Program Files\Android\Android Studio\jre\bin\net.dll
0x00007ff8403f0000 - 0x00007ff8404fc000 	C:\Windows\SYSTEM32\WINHTTP.dll
0x00007ff847ae0000 - 0x00007ff847b4a000 	C:\Windows\system32\mswsock.dll
0x00007ff82c980000 - 0x00007ff82c994000 	C:\Program Files\Android\Android Studio\jre\bin\nio.dll
0x00007ff82c500000 - 0x00007ff82c527000 	C:\Users\q2ve\.gradle\native\8bec1ad78214c89d9ad589b4d07fe93259594b29d510b10fafb7a158f7737e5d\windows-amd64\native-platform.dll
0x00007ff80a3a0000 - 0x00007ff80a4dd000 	C:\Users\q2ve\.gradle\native\53dbd7edfb1c66fb8903c78663c9afc45aea4f116125fa6feffd364cf09443e8\windows-amd64\native-platform-file-events.dll
0x00007ff83a3f0000 - 0x00007ff83a3fa000 	C:\Program Files\Android\Android Studio\jre\bin\management.dll
0x00007ff8328c0000 - 0x00007ff8328cc000 	C:\Program Files\Android\Android Studio\jre\bin\management_ext.dll
0x00007ff847cd0000 - 0x00007ff847ce8000 	C:\Windows\SYSTEM32\CRYPTSP.dll
0x00007ff8473f0000 - 0x00007ff847424000 	C:\Windows\system32\rsaenh.dll
0x00007ff848b30000 - 0x00007ff848b57000 	C:\Windows\System32\bcrypt.dll
0x00007ff8481f0000 - 0x00007ff84821e000 	C:\Windows\SYSTEM32\USERENV.dll
0x00007ff847cf0000 - 0x00007ff847cfc000 	C:\Windows\SYSTEM32\CRYPTBASE.dll
0x00007ff847780000 - 0x00007ff8477bb000 	C:\Windows\SYSTEM32\IPHLPAPI.DLL
0x00007ff84abd0000 - 0x00007ff84abd8000 	C:\Windows\System32\NSI.dll
0x00007ff8416c0000 - 0x00007ff8416d7000 	C:\Windows\SYSTEM32\dhcpcsvc6.DLL
0x00007ff841600000 - 0x00007ff84161d000 	C:\Windows\SYSTEM32\dhcpcsvc.DLL
0x00007ff8477d0000 - 0x00007ff84789b000 	C:\Windows\SYSTEM32\DNSAPI.dll
0x00007ff82c430000 - 0x00007ff82c44e000 	C:\Users\q2ve\AppData\Local\Temp\native-platform3713769489072256937dir\native-platform.dll
0x00007ff82fe20000 - 0x00007ff82fe28000 	C:\Program Files\Android\Android Studio\jre\bin\rmi.dll
0x00007ff8301d0000 - 0x00007ff8301f7000 	C:\Program Files\Android\Android Studio\jre\bin\sunec.dll
0x00007ff841dd0000 - 0x00007ff841dda000 	C:\Windows\System32\rasadhlp.dll
0x00007ff83f5d0000 - 0x00007ff83f64f000 	C:\Windows\System32\fwpuclnt.dll

dbghelp: loaded successfully - version: 4.0.5 - missing functions: none
symbol engine: initialized successfully - sym options: 0x614 - pdb path: .;C:\Program Files\Android\Android Studio\jre\bin;C:\Windows\SYSTEM32;C:\Windows\WinSxS\amd64_microsoft.windows.common-controls_6595b64144ccf1df_6.0.19041.1110_none_60b5254171f9507e;C:\Program Files\Android\Android Studio\jre\bin\server;C:\Users\q2ve\.gradle\native\8bec1ad78214c89d9ad589b4d07fe93259594b29d510b10fafb7a158f7737e5d\windows-amd64;C:\Users\q2ve\.gradle\native\53dbd7edfb1c66fb8903c78663c9afc45aea4f116125fa6feffd364cf09443e8\windows-amd64;C:\Users\q2ve\AppData\Local\Temp\native-platform3713769489072256937dir

VM Arguments:
jvm_args: --add-opens=java.base/java.util=ALL-UNNAMED --add-opens=java.base/java.lang=ALL-UNNAMED --add-opens=java.base/java.lang.invoke=ALL-UNNAMED --add-opens=java.base/java.util=ALL-UNNAMED --add-opens=java.prefs/java.util.prefs=ALL-UNNAMED --add-opens=java.prefs/java.util.prefs=ALL-UNNAMED --add-opens=java.base/java.nio.charset=ALL-UNNAMED --add-opens=java.base/java.net=ALL-UNNAMED --add-opens=java.base/java.util.concurrent.atomic=ALL-UNNAMED -Xmx2048m -Dfile.encoding=UTF-8 -Duser.country=RU -Duser.language=ru -Duser.variant 
java_command: org.gradle.launcher.daemon.bootstrap.GradleDaemon 7.0.2
java_class_path (initial): C:\Users\q2ve\.gradle\wrapper\dists\gradle-7.0.2-bin\857tjihv64xamwrf0h14cai3r\gradle-7.0.2\lib\gradle-launcher-7.0.2.jar
Launcher Type: SUN_STANDARD

[Global flags]
     intx CICompilerCount                          = 4                                         {product} {ergonomic}
     uint ConcGCThreads                            = 2                                         {product} {ergonomic}
     uint G1ConcRefinementThreads                  = 8                                         {product} {ergonomic}
   size_t G1HeapRegionSize                         = 1048576                                   {product} {ergonomic}
    uintx GCDrainStackTargetSize                   = 64                                        {product} {ergonomic}
   size_t InitialHeapSize                          = 268435456                                 {product} {ergonomic}
   size_t MarkStackSize                            = 4194304                                   {product} {ergonomic}
   size_t MaxHeapSize                              = 2147483648                                {product} {command line}
   size_t MaxNewSize                               = 1287651328                                {product} {ergonomic}
   size_t MinHeapDeltaBytes                        = 1048576                                   {product} {ergonomic}
    uintx NonNMethodCodeHeapSize                   = 5836300                                {pd product} {ergonomic}
    uintx NonProfiledCodeHeapSize                  = 122910970                              {pd product} {ergonomic}
    uintx ProfiledCodeHeapSize                     = 122910970                              {pd product} {ergonomic}
    uintx ReservedCodeCacheSize                    = 251658240                              {pd product} {ergonomic}
     bool SegmentedCodeCache                       = true                                      {product} {ergonomic}
     bool UseCompressedClassPointers               = true                                 {lp64_product} {ergonomic}
     bool UseCompressedOops                        = true                                 {lp64_product} {ergonomic}
     bool UseG1GC                                  = true                                      {product} {ergonomic}
     bool UseLargePagesIndividualAllocation        = false                                  {pd product} {ergonomic}

Logging:
Log output configuration:
 #0: stdout all=warning uptime,level,tags
 #1: stderr all=off uptime,level,tags

Environment Variables:
PATH=C:\Program Files (x86)\Common Files\Oracle\Java\javapath;C:\Windows\system32;C:\Windows;C:\Windows\System32\Wbem;C:\Windows\System32\WindowsPowerShell\v1.0\;C:\Windows\System32\OpenSSH\;C:\Program Files (x86)\NVIDIA Corporation\PhysX\Common;C:\Program Files\Git\cmd;C:\Program Files\dotnet\;C:\Users\q2ve\AppData\Local\Microsoft\WindowsApps;C:\Program Files\Python;
USERNAME=q2ve
OS=Windows_NT
PROCESSOR_IDENTIFIER=Intel64 Family 6 Model 42 Stepping 7, GenuineIntel



---------------  S Y S T E M  ---------------

OS: Windows 10 , 64 bit Build 19041 (10.0.19041.1466)
OS uptime: 7 days 2:29 hours

CPU:total 8 (initial active 8) (4 cores per cpu, 2 threads per core) family 6 model 42 stepping 7 microcode 0x2f, cmov, cx8, fxsr, mmx, sse, sse2, sse3, ssse3, sse4.1, sse4.2, popcnt, avx, aes, clmul, ht, tsc, tscinvbit

Memory: 4k page, system-wide physical 16345M (1969M free)
TotalPageFile size 41358M (AvailPageFile size 5302M)
current process WorkingSet (physical memory assigned to process): 685M, peak: 732M
current process commit charge ("private bytes"): 775M, peak: 793M

vm_info: OpenJDK 64-Bit Server VM (11.0.10+0-b96-7249189) for windows-amd64 JRE (11.0.10+0-b96-7249189), built on Mar 31 2021 21:44:00 by "builder" with MS VC++ 14.0 (VS2015)

END.
