#
# A fatal error has been detected by the Java Runtime Environment:
#
#  EXCEPTION_ACCESS_VIOLATION (0xc0000005) at pc=0x00007ffc5b997f98, pid=14360, tid=9080
#
# JRE version: OpenJDK Runtime Environment (11.0.10) (build 11.0.10+0-b96-7249189)
# Java VM: OpenJDK 64-Bit Server VM (11.0.10+0-b96-7249189, mixed mode, tiered, compressed oops, g1 gc, windows-amd64)
# Problematic frame:
# V  [jvm.dll+0x357f98]
#
# No core dump will be written. Minidumps are not enabled by default on client versions of Windows
#
# If you would like to submit a bug report, please visit:
#   https://bugreport.java.com/bugreport/crash.jsp
#

---------------  S U M M A R Y ------------

Command Line: --add-opens=java.base/java.util=ALL-UNNAMED --add-opens=java.base/java.lang=ALL-UNNAMED --add-opens=java.base/java.lang.invoke=ALL-UNNAMED --add-opens=java.base/java.util=ALL-UNNAMED --add-opens=java.prefs/java.util.prefs=ALL-UNNAMED --add-opens=java.prefs/java.util.prefs=ALL-UNNAMED --add-opens=java.base/java.nio.charset=ALL-UNNAMED --add-opens=java.base/java.net=ALL-UNNAMED --add-opens=java.base/java.util.concurrent.atomic=ALL-UNNAMED -Xmx2048m -Dfile.encoding=UTF-8 -Duser.country=RU -Duser.language=ru -Duser.variant org.gradle.launcher.daemon.bootstrap.GradleDaemon 7.0.2

Host: Intel(R) Core(TM) i7-2600K CPU @ 3.40GHz, 8 cores, 15G,  Windows 10 , 64 bit Build 19041 (10.0.19041.1348)
Time: Thu Jan  6 05:13:17 2022 RTZ 2 (зима) elapsed time: 75.937832 seconds (0d 0h 1m 15s)

---------------  T H R E A D  ---------------

Current thread (0x0000027b728a1000):  JavaThread "C2 CompilerThread1" daemon [_thread_in_native, id=9080, stack(0x000000e806600000,0x000000e806700000)]


Current CompileTask:
C2:  75937 13820   !   4       java.nio.file.FileTreeWalker::visit (204 bytes)

Stack: [0x000000e806600000,0x000000e806700000],  sp=0x000000e8066fc338,  free space=1008k
Native frames: (J=compiled Java code, j=interpreted, Vv=VM code, C=native code)
V  [jvm.dll+0x357f98]


siginfo: EXCEPTION_ACCESS_VIOLATION (0xc0000005), writing address 0x00007f7c5c037c38


Register to memory mapping:

RIP=0x00007ffc5b997f98 jvm.dll
RAX=0x000000e8066fed50 is pointing into the stack for thread: 0x0000027b728a1000
RBX=0x000000e8066fc530 is pointing into the stack for thread: 0x0000027b728a1000
RCX=0x0000027b726e8b40 points into unknown readable memory: 0x0000027b726e9320 | 20 93 6e 72 7b 02 00 00
RDX=0x000000e8066ffa10 is pointing into the stack for thread: 0x0000027b728a1000
RSP=0x000000e8066fc338 is pointing into the stack for thread: 0x0000027b728a1000
RBP=0x0000000000000138 is an unknown value
RSI=0x0000027b7685c2a0 points into unknown readable memory: 0x0000000000000000 | 00 00 00 00 00 00 00 00
RDI=0x0000000000000003 is an unknown value
R8 =0x0000027b6e32c2d8 points into unknown readable memory: 0x0000027b728a1000 | 00 10 8a 72 7b 02 00 00
R9 =0x00007f7c5c037c38 is an unknown value
R10=0x0000000000000018 is an unknown value
R11=0x0000027b7685c2a0 points into unknown readable memory: 0x0000000000000000 | 00 00 00 00 00 00 00 00
R12=0x0000027b70d800d0 points into unknown readable memory: 0x0000027b7684ff90 | 90 ff 84 76 7b 02 00 00
R13=0x0000027b70d86020 points into unknown readable memory: 0x0000027b78f3e3c8 | c8 e3 f3 78 7b 02 00 00
R14=0x0000027b78d65098 points into unknown readable memory: 0x00007ffc5be28568 | 68 85 e2 5b fc 7f 00 00
R15=0x0000027b75f92de0 points into unknown readable memory: 0x0000000000000006 | 06 00 00 00 00 00 00 00


Registers:
RAX=0x000000e8066fed50, RBX=0x000000e8066fc530, RCX=0x0000027b726e8b40, RDX=0x000000e8066ffa10
RSP=0x000000e8066fc338, RBP=0x0000000000000138, RSI=0x0000027b7685c2a0, RDI=0x0000000000000003
R8 =0x0000027b6e32c2d8, R9 =0x00007f7c5c037c38, R10=0x0000000000000018, R11=0x0000027b7685c2a0
R12=0x0000027b70d800d0, R13=0x0000027b70d86020, R14=0x0000027b78d65098, R15=0x0000027b75f92de0
RIP=0x00007ffc5b997f98, EFLAGS=0x0000000000010206

Top of Stack: (sp=0x000000e8066fc338)
0x000000e8066fc338:   00007ffc5bb2a977 000000e8066fc530
0x000000e8066fc348:   000000e8066fc530 0000000000000358
0x000000e8066fc358:   000000000000006b 0000027b6e32c2d8
0x000000e8066fc368:   0000027b75f92de0 0000027b70d800d0
0x000000e8066fc378:   0000027b70d86020 00000000001e9da0
0x000000e8066fc388:   0000027b70d880b8 00007ffc5beade48
0x000000e8066fc398:   0000027b75f92de0 0000000000000040
0x000000e8066fc3a8:   0000027b6ef8f690 000000e8066fc4c0
0x000000e8066fc3b8:   0000027b7202daf0 0000027b7202db00
0x000000e8066fc3c8:   0000000000000008 00000000000003d8
0x000000e8066fc3d8:   0000027b7202ded8 000000e8066fc948
0x000000e8066fc3e8:   000000e8066fc500 000000e8066fc860
0x000000e8066fc3f8:   00007ffc5b7d7a85 000000e800000001
0x000000e8066fc408:   000000e800000001 000000e800000000
0x000000e8066fc418:   0000027b7684ffa0 0000000000009a00
0x000000e8066fc428:   0000000000000000 000000e800000006 

Instructions: (pc=0x00007ffc5b997f98)
0x00007ffc5b997e98:   01 41 89 09 49 8b c9 41 89 41 08 e8 78 33 e4 ff
0x00007ffc5b997ea8:   eb 8a cc cc cc cc cc cc 40 53 48 83 ec 20 8b 0d
0x00007ffc5b997eb8:   c0 b8 6d 00 65 48 8b 04 25 58 00 00 00 ba 08 00
0x00007ffc5b997ec8:   00 00 48 8b 04 c8 48 8b 0c 10 48 8b 81 d0 04 00
0x00007ffc5b997ed8:   00 48 8b 98 88 00 00 00 48 8b 83 88 08 00 00 48
0x00007ffc5b997ee8:   85 c0 75 0c e8 ff 06 00 00 48 8b 83 88 08 00 00
0x00007ffc5b997ef8:   48 8b 08 48 89 8b 88 08 00 00 33 c9 48 89 08 48
0x00007ffc5b997f08:   89 48 08 48 89 48 10 48 89 48 18 48 83 c4 20 5b
0x00007ffc5b997f18:   c3 cc cc cc cc cc cc cc 48 89 5c 24 08 57 48 83
0x00007ffc5b997f28:   ec 20 8b da 48 8b f9 e8 7c ff ff ff 48 8b 4f 08
0x00007ffc5b997f38:   8b d3 48 8b 5c 24 30 48 c1 ea 08 48 89 04 d1 48
0x00007ffc5b997f48:   83 c4 20 5f c3 cc cc cc 4c 8b d9 8b c2 8b 15 21
0x00007ffc5b997f58:   b8 6d 00 4c 8d 14 c5 00 00 00 00 48 8b 41 08 b9
0x00007ffc5b997f68:   08 00 00 00 4d 8b 0c 02 65 48 8b 04 25 58 00 00
0x00007ffc5b997f78:   00 4c 8b 04 d0 4c 03 c1 49 8b 00 48 8b 90 d0 04
0x00007ffc5b997f88:   00 00 48 8b 82 88 00 00 00 48 8b 88 88 08 00 00
0x00007ffc5b997f98:   49 89 09 49 8b 00 48 8b 88 d0 04 00 00 48 8b 81
0x00007ffc5b997fa8:   88 00 00 00 48 8d 0d 85 fc 69 00 4c 89 88 88 08
0x00007ffc5b997fb8:   00 00 49 8b 43 08 49 89 0c 02 c3 cc cc cc cc cc
0x00007ffc5b997fc8:   cc cc cc cc cc cc cc cc 48 89 5c 24 18 57 48 83
0x00007ffc5b997fd8:   ec 20 81 c2 ff 00 00 00 33 db c1 ea 08 48 8b f9
0x00007ffc5b997fe8:   89 19 89 91 90 00 00 00 83 fa 10 77 0d 48 8d 41
0x00007ffc5b997ff8:   10 48 89 41 08 e9 90 00 00 00 8b 0d 74 b7 6d 00
0x00007ffc5b998008:   65 48 8b 04 25 58 00 00 00 48 89 6c 24 30 41 b8
0x00007ffc5b998018:   08 00 00 00 8b ea 48 8b 04 c8 48 c1 e5 03 48 89
0x00007ffc5b998028:   74 24 38 4a 8b 0c 00 48 8b 81 d0 04 00 00 48 8b
0x00007ffc5b998038:   88 88 00 00 00 48 8b c5 48 f7 d0 48 8b b1 80 08
0x00007ffc5b998048:   00 00 48 3b 46 18 73 12 4c 8d 05 69 64 48 00 48
0x00007ffc5b998058:   8b d5 48 8b ce e8 8e 4d d6 ff 48 8b 46 18 48 8d
0x00007ffc5b998068:   0c 28 48 3b 4e 20 76 10 45 33 c0 48 8b d5 48 8b
0x00007ffc5b998078:   ce e8 52 49 d6 ff eb 04 48 89 4e 18 48 8b 74 24
0x00007ffc5b998088:   38 48 8b 6c 24 30 48 89 47 08 39 9f 90 00 00 00 


Stack slot to memory mapping:
stack at sp + 0 slots: 0x00007ffc5bb2a977 jvm.dll
stack at sp + 1 slots: 0x000000e8066fc530 is pointing into the stack for thread: 0x0000027b728a1000
stack at sp + 2 slots: 0x000000e8066fc530 is pointing into the stack for thread: 0x0000027b728a1000
stack at sp + 3 slots: 0x0000000000000358 is an unknown value
stack at sp + 4 slots: 0x000000000000006b is an unknown value
stack at sp + 5 slots: 0x0000027b6e32c2d8 points into unknown readable memory: 0x0000027b728a1000 | 00 10 8a 72 7b 02 00 00
stack at sp + 6 slots: 0x0000027b75f92de0 points into unknown readable memory: 0x0000000000000006 | 06 00 00 00 00 00 00 00
stack at sp + 7 slots: 0x0000027b70d800d0 points into unknown readable memory: 0x0000027b7684ff90 | 90 ff 84 76 7b 02 00 00


---------------  P R O C E S S  ---------------

Threads class SMR info:
_java_thread_list=0x0000027b73d04c30, length=70, elements={
0x0000027b4fc18800, 0x0000027b6b030800, 0x0000027b6b033800, 0x0000027b6b051000,
0x0000027b6b052000, 0x0000027b6b054000, 0x0000027b6b0a1000, 0x0000027b6b0b0000,
0x0000027b6b0cc000, 0x0000027b6b21d800, 0x0000027b6cb7b800, 0x0000027b6d565800,
0x0000027b6d08b800, 0x0000027b6c87d800, 0x0000027b6c6f6000, 0x0000027b6dea8800,
0x0000027b6d11b800, 0x0000027b6dd16800, 0x0000027b6b0b1000, 0x0000027b6b0b1800,
0x0000027b6b0b2800, 0x0000027b6b0b3800, 0x0000027b6b0ae800, 0x0000027b6b0b4000,
0x0000027b6b0af000, 0x0000027b6eb47000, 0x0000027b6eb48800, 0x0000027b6eb49800,
0x0000027b6eb4c000, 0x0000027b6eb4d800, 0x0000027b6eb48000, 0x0000027b6e7e6000,
0x0000027b6e7e8800, 0x0000027b6e7ea000, 0x0000027b6e7e4800, 0x0000027b6e7e7800,
0x0000027b6e7e5800, 0x0000027b6e7ec000, 0x0000027b6e7eb000, 0x0000027b6e7ec800,
0x0000027b6e7e7000, 0x0000027b6e7f2800, 0x0000027b6e7ef000, 0x0000027b6e7ed800,
0x0000027b6e7ee800, 0x0000027b6e7f0000, 0x0000027b6e7f0800, 0x0000027b6e7f1800,
0x0000027b70b91000, 0x0000027b70b93800, 0x0000027b70b94800, 0x0000027b70b95000,
0x0000027b70b92800, 0x0000027b70b8f800, 0x0000027b70b97000, 0x0000027b70b92000,
0x0000027b70b9b000, 0x0000027b70b96000, 0x0000027b70b98800, 0x0000027b70b9b800,
0x0000027b70b9a000, 0x0000027b70b9e000, 0x0000027b70b97800, 0x0000027b6b0ad800,
0x0000027b6eb4b000, 0x0000027b7289f000, 0x0000027b728a2800, 0x0000027b728a0000,
0x0000027b728a1000, 0x0000027b728a5000
}

Java Threads: ( => current thread )
  0x0000027b4fc18800 JavaThread "main" [_thread_blocked, id=11300, stack(0x000000e806900000,0x000000e806a00000)]
  0x0000027b6b030800 JavaThread "Reference Handler" daemon [_thread_blocked, id=9828, stack(0x000000e807000000,0x000000e807100000)]
  0x0000027b6b033800 JavaThread "Finalizer" daemon [_thread_blocked, id=11704, stack(0x000000e807100000,0x000000e807200000)]
  0x0000027b6b051000 JavaThread "Signal Dispatcher" daemon [_thread_blocked, id=11924, stack(0x000000e807200000,0x000000e807300000)]
  0x0000027b6b052000 JavaThread "Attach Listener" daemon [_thread_blocked, id=384, stack(0x000000e807300000,0x000000e807400000)]
  0x0000027b6b054000 JavaThread "Service Thread" daemon [_thread_blocked, id=14964, stack(0x000000e807400000,0x000000e807500000)]
  0x0000027b6b0a1000 JavaThread "C2 CompilerThread0" daemon [_thread_in_native, id=8024, stack(0x000000e807500000,0x000000e807600000)]
  0x0000027b6b0b0000 JavaThread "C1 CompilerThread0" daemon [_thread_blocked, id=6100, stack(0x000000e807600000,0x000000e807700000)]
  0x0000027b6b0cc000 JavaThread "Sweeper thread" daemon [_thread_blocked, id=9288, stack(0x000000e807700000,0x000000e807800000)]
  0x0000027b6b21d800 JavaThread "Common-Cleaner" daemon [_thread_blocked, id=11344, stack(0x000000e807800000,0x000000e807900000)]
  0x0000027b6cb7b800 JavaThread "Daemon health stats" [_thread_blocked, id=9564, stack(0x000000e808100000,0x000000e808200000)]
  0x0000027b6d565800 JavaThread "Incoming local TCP Connector on port 52705" [_thread_in_native, id=10952, stack(0x000000e808200000,0x000000e808300000)]
  0x0000027b6d08b800 JavaThread "Daemon periodic checks" [_thread_blocked, id=4484, stack(0x000000e808300000,0x000000e808400000)]
  0x0000027b6c87d800 JavaThread "Daemon" [_thread_blocked, id=1736, stack(0x000000e808400000,0x000000e808500000)]
  0x0000027b6c6f6000 JavaThread "Handler for socket connection from /127.0.0.1:52705 to /127.0.0.1:52706" [_thread_in_native, id=3044, stack(0x000000e808500000,0x000000e808600000)]
  0x0000027b6dea8800 JavaThread "Cancel handler" [_thread_blocked, id=1064, stack(0x000000e808600000,0x000000e808700000)]
  0x0000027b6d11b800 JavaThread "Daemon worker" [_thread_blocked, id=7708, stack(0x000000e808700000,0x000000e808800000)]
  0x0000027b6dd16800 JavaThread "Asynchronous log dispatcher for DefaultDaemonConnection: socket connection from /127.0.0.1:52705 to /127.0.0.1:52706" [_thread_blocked, id=8844, stack(0x000000e808800000,0x000000e808900000)]
  0x0000027b6b0b1000 JavaThread "Daemon client event forwarder" [_thread_blocked, id=12064, stack(0x000000e808a00000,0x000000e808b00000)]
  0x0000027b6b0b1800 JavaThread "Cache worker for file hash cache (C:\Users\q2ve\.gradle\caches\7.0.2\fileHashes)" [_thread_blocked, id=4100, stack(0x000000e807a00000,0x000000e807b00000)]
  0x0000027b6b0b2800 JavaThread "File lock request listener" [_thread_in_native, id=15220, stack(0x000000e807b00000,0x000000e807c00000)]
  0x0000027b6b0b3800 JavaThread "Cache worker for journal cache (C:\Users\q2ve\.gradle\caches\journal-1)" [_thread_blocked, id=6036, stack(0x000000e808e00000,0x000000e808f00000)]
  0x0000027b6b0ae800 JavaThread "Cache worker for file hash cache (C:\MyFiles\YandexDisk\Programming\Android\SchedAppV2\.gradle\7.0.2\fileHashes)" [_thread_blocked, id=8144, stack(0x000000e809000000,0x000000e809100000)]
  0x0000027b6b0b4000 JavaThread "File watcher server" daemon [_thread_in_native, id=6936, stack(0x000000e809100000,0x000000e809200000)]
  0x0000027b6b0af000 JavaThread "File watcher consumer" daemon [_thread_blocked, id=13200, stack(0x000000e809200000,0x000000e809300000)]
  0x0000027b6eb47000 JavaThread "Cache worker for checksums cache (C:\MyFiles\YandexDisk\Programming\Android\SchedAppV2\.gradle\checksums)" [_thread_blocked, id=13232, stack(0x000000e809300000,0x000000e809400000)]
  0x0000027b6eb48800 JavaThread "Cache worker for cache directory md-supplier (C:\Users\q2ve\.gradle\caches\7.0.2\md-supplier)" [_thread_blocked, id=7156, stack(0x000000e809400000,0x000000e809500000)]
  0x0000027b6eb49800 JavaThread "Cache worker for cache directory md-rule (C:\Users\q2ve\.gradle\caches\7.0.2\md-rule)" [_thread_blocked, id=9532, stack(0x000000e809500000,0x000000e809600000)]
  0x0000027b6eb4c000 JavaThread "Cache worker for execution history cache (C:\Users\q2ve\.gradle\caches\7.0.2\executionHistory)" [_thread_blocked, id=11408, stack(0x000000e809700000,0x000000e809800000)]
  0x0000027b6eb4d800 JavaThread "jar transforms" [_thread_blocked, id=6800, stack(0x000000e809800000,0x000000e809900000)]
  0x0000027b6eb48000 JavaThread "jar transforms Thread 2" [_thread_blocked, id=5444, stack(0x000000e809900000,0x000000e809a00000)]
  0x0000027b6e7e6000 JavaThread "Cache worker for file content cache (C:\Users\q2ve\.gradle\caches\7.0.2\fileContent)" [_thread_blocked, id=5260, stack(0x000000e809a00000,0x000000e809b00000)]
  0x0000027b6e7e8800 JavaThread "Cache worker for dependencies-accessors (C:\MyFiles\YandexDisk\Programming\Android\SchedAppV2\.gradle\7.0.2\dependencies-accessors)" [_thread_blocked, id=11660, stack(0x000000e809b00000,0x000000e809c00000)]
  0x0000027b6e7ea000 JavaThread "jar transforms Thread 3" [_thread_blocked, id=2652, stack(0x000000e809c00000,0x000000e809d00000)]
  0x0000027b6e7e4800 JavaThread "Cache worker for Build Output Cleanup Cache (C:\MyFiles\YandexDisk\Programming\Android\SchedAppV2\.gradle\buildOutputCleanup)" [_thread_blocked, id=13896, stack(0x000000e809d00000,0x000000e809e00000)]
  0x0000027b6e7e7800 JavaThread "Build operations" [_thread_blocked, id=10064, stack(0x000000e808f00000,0x000000e809000000)]
  0x0000027b6e7e5800 JavaThread "Build operations Thread 2" [_thread_blocked, id=10668, stack(0x000000e809600000,0x000000e809700000)]
  0x0000027b6e7ec000 JavaThread "Build operations Thread 3" [_thread_blocked, id=3360, stack(0x000000e809e00000,0x000000e809f00000)]
  0x0000027b6e7eb000 JavaThread "Build operations Thread 4" [_thread_blocked, id=4960, stack(0x000000e809f00000,0x000000e80a000000)]
  0x0000027b6e7ec800 JavaThread "Build operations Thread 5" [_thread_blocked, id=9236, stack(0x000000e80a000000,0x000000e80a100000)]
  0x0000027b6e7e7000 JavaThread "Build operations Thread 6" [_thread_blocked, id=13192, stack(0x000000e80a100000,0x000000e80a200000)]
  0x0000027b6e7f2800 JavaThread "Build operations Thread 7" [_thread_blocked, id=9252, stack(0x000000e80a200000,0x000000e80a300000)]
  0x0000027b6e7ef000 JavaThread "Build operations Thread 8" [_thread_blocked, id=9268, stack(0x000000e80a300000,0x000000e80a400000)]
  0x0000027b6e7ed800 JavaThread "jar transforms Thread 4" [_thread_blocked, id=1636, stack(0x000000e80a500000,0x000000e80a600000)]
  0x0000027b6e7ee800 JavaThread "jar transforms Thread 5" [_thread_blocked, id=15048, stack(0x000000e80a600000,0x000000e80a700000)]
  0x0000027b6e7f0000 JavaThread "jar transforms Thread 6" [_thread_blocked, id=13072, stack(0x000000e80a700000,0x000000e80a800000)]
  0x0000027b6e7f0800 JavaThread "jar transforms Thread 7" [_thread_blocked, id=13748, stack(0x000000e80a400000,0x000000e80a500000)]
  0x0000027b6e7f1800 JavaThread "jar transforms Thread 8" [_thread_blocked, id=14908, stack(0x000000e80a800000,0x000000e80a900000)]
  0x0000027b70b91000 JavaThread "Memory manager" [_thread_blocked, id=14848, stack(0x000000e80ad00000,0x000000e80ae00000)]
  0x0000027b70b93800 JavaThread "build event listener" [_thread_blocked, id=4036, stack(0x000000e80ae00000,0x000000e80af00000)]
  0x0000027b70b94800 JavaThread "Execution worker for ':'" [_thread_blocked, id=11928, stack(0x000000e80af00000,0x000000e80b000000)]
  0x0000027b70b95000 JavaThread "Execution worker for ':' Thread 2" [_thread_blocked, id=12404, stack(0x000000e80b000000,0x000000e80b100000)]
  0x0000027b70b92800 JavaThread "Execution worker for ':' Thread 3" [_thread_blocked, id=2740, stack(0x000000e80b100000,0x000000e80b200000)]
  0x0000027b70b8f800 JavaThread "Execution worker for ':' Thread 4" [_thread_blocked, id=6928, stack(0x000000e80b200000,0x000000e80b300000)]
  0x0000027b70b97000 JavaThread "Execution worker for ':' Thread 5" [_thread_blocked, id=10092, stack(0x000000e80b300000,0x000000e80b400000)]
  0x0000027b70b92000 JavaThread "Execution worker for ':' Thread 6" [_thread_blocked, id=8836, stack(0x000000e80b400000,0x000000e80b500000)]
  0x0000027b70b9b000 JavaThread "Execution worker for ':' Thread 7" [_thread_blocked, id=2132, stack(0x000000e80b500000,0x000000e80b600000)]
  0x0000027b70b96000 JavaThread "Cache worker for execution history cache (C:\MyFiles\YandexDisk\Programming\Android\SchedAppV2\.gradle\7.0.2\executionHistory)" [_thread_blocked, id=7056, stack(0x000000e80b600000,0x000000e80b700000)]
  0x0000027b70b98800 JavaThread "WorkerExecutor Queue Thread 2" [_thread_in_native, id=8440, stack(0x000000e80a900000,0x000000e80aa00000)]
  0x0000027b70b9b800 JavaThread "pool-3-thread-1" [_thread_blocked, id=5096, stack(0x000000e80b900000,0x000000e80ba00000)]
  0x0000027b70b9a000 JavaThread "stderr" [_thread_in_native, id=15148, stack(0x000000e80ba00000,0x000000e80bb00000)]
  0x0000027b70b9e000 JavaThread "stdout" [_thread_in_native, id=8528, stack(0x000000e80bb00000,0x000000e80bc00000)]
  0x0000027b70b97800 JavaThread "RMI Scheduler(0)" daemon [_thread_blocked, id=1704, stack(0x000000e80aa00000,0x000000e80ab00000)]
  0x0000027b6b0ad800 JavaThread "RMI GC Daemon" daemon [_thread_blocked, id=15164, stack(0x000000e80bc00000,0x000000e80bd00000)]
  0x0000027b6eb4b000 JavaThread "RMI TCP Accept-0" daemon [_thread_in_native, id=1264, stack(0x000000e80bd00000,0x000000e80be00000)]
  0x0000027b7289f000 JavaThread "RMI Reaper" [_thread_blocked, id=6456, stack(0x000000e80be00000,0x000000e80bf00000)]
  0x0000027b728a2800 JavaThread "RMI TCP Connection(1)-127.0.0.1" daemon [_thread_in_native, id=6724, stack(0x000000e80bf00000,0x000000e80c000000)]
  0x0000027b728a0000 JavaThread "WorkerExecutor Queue Thread 3" [_thread_blocked, id=8660, stack(0x000000e806800000,0x000000e806900000)]
=>0x0000027b728a1000 JavaThread "C2 CompilerThread1" daemon [_thread_in_native, id=9080, stack(0x000000e806600000,0x000000e806700000)]
  0x0000027b728a5000 JavaThread "C2 CompilerThread2" daemon [_thread_in_native, id=7620, stack(0x000000e806700000,0x000000e806800000)]

Other Threads:
  0x0000027b6b02d000 VMThread "VM Thread" [stack: 0x000000e806f00000,0x000000e807000000] [id=1844]
  0x0000027b6b233800 WatcherThread [stack: 0x000000e807900000,0x000000e807a00000] [id=12760]
  0x0000027b4fc35000 GCTaskThread "GC Thread#0" [stack: 0x000000e806a00000,0x000000e806b00000] [id=10284]
  0x0000027b6bf08000 GCTaskThread "GC Thread#1" [stack: 0x000000e807c00000,0x000000e807d00000] [id=14628]
  0x0000027b6bf08800 GCTaskThread "GC Thread#2" [stack: 0x000000e807d00000,0x000000e807e00000] [id=5180]
  0x0000027b6c13e000 GCTaskThread "GC Thread#3" [stack: 0x000000e807e00000,0x000000e807f00000] [id=2424]
  0x0000027b6bf4b800 GCTaskThread "GC Thread#4" [stack: 0x000000e807f00000,0x000000e808000000] [id=352]
  0x0000027b6bf4c800 GCTaskThread "GC Thread#5" [stack: 0x000000e808000000,0x000000e808100000] [id=8724]
  0x0000027b6c861000 GCTaskThread "GC Thread#6" [stack: 0x000000e808b00000,0x000000e808c00000] [id=9404]
  0x0000027b6c797800 GCTaskThread "GC Thread#7" [stack: 0x000000e808c00000,0x000000e808d00000] [id=14264]
  0x0000027b4fc68000 ConcurrentGCThread "G1 Main Marker" [stack: 0x000000e806b00000,0x000000e806c00000] [id=7732]
  0x0000027b4fc69000 ConcurrentGCThread "G1 Conc#0" [stack: 0x000000e806c00000,0x000000e806d00000] [id=10260]
  0x0000027b6bf81000 ConcurrentGCThread "G1 Conc#1" [stack: 0x000000e808d00000,0x000000e808e00000] [id=8092]
  0x0000027b6a679000 ConcurrentGCThread "G1 Refine#0" [stack: 0x000000e806d00000,0x000000e806e00000] [id=8176]
  0x0000027b6e8b9800 ConcurrentGCThread "G1 Refine#1" [stack: 0x000000e80b700000,0x000000e80b800000] [id=14720]
  0x0000027b6a67a000 ConcurrentGCThread "G1 Young RemSet Sampling" [stack: 0x000000e806e00000,0x000000e806f00000] [id=14532]

Threads with active compile tasks:
C2 CompilerThread0  75968 13868   !   4       sun.nio.ch.IOUtil::read (129 bytes)
C2 CompilerThread1  75968 13820   !   4       java.nio.file.FileTreeWalker::visit (204 bytes)
C2 CompilerThread2  75968 13809   !   4       java.nio.file.FileTreeWalker::next (144 bytes)

VM state:not at safepoint (normal execution)

VM Mutex/Monitor currently owned by a thread: None

Heap address: 0x0000000080000000, size: 2048 MB, Compressed Oops mode: 32-bit
Narrow klass base: 0x0000000000000000, Narrow klass shift: 3
Compressed class space size: 1073741824 Address: 0x0000000100000000

Heap:
 garbage-first heap   total 262144K, used 133725K [0x0000000080000000, 0x0000000100000000)
  region size 1024K, 21 young (21504K), 5 survivors (5120K)
 Metaspace       used 110470K, capacity 113070K, committed 113528K, reserved 1148928K
  class space    used 13871K, capacity 14854K, committed 15052K, reserved 1048576K
Heap Regions: E=young(eden), S=young(survivor), O=old, HS=humongous(starts), HC=humongous(continues), CS=collection set, F=free, A=archive, TAMS=top-at-mark-start (previous, next)
|   0|0x0000000080000000, 0x0000000080100000, 0x0000000080100000|100%| O|  |TAMS 0x0000000080100000, 0x0000000080000000| Untracked 
|   1|0x0000000080100000, 0x0000000080200000, 0x0000000080200000|100%| O|  |TAMS 0x0000000080200000, 0x0000000080100000| Untracked 
|   2|0x0000000080200000, 0x0000000080300000, 0x0000000080300000|100%| O|  |TAMS 0x0000000080300000, 0x0000000080200000| Untracked 
|   3|0x0000000080300000, 0x0000000080400000, 0x0000000080400000|100%|HS|  |TAMS 0x0000000080400000, 0x0000000080300000| Complete 
|   4|0x0000000080400000, 0x0000000080500000, 0x0000000080500000|100%|HC|  |TAMS 0x0000000080500000, 0x0000000080400000| Complete 
|   5|0x0000000080500000, 0x0000000080600000, 0x0000000080600000|100%|HC|  |TAMS 0x0000000080600000, 0x0000000080500000| Complete 
|   6|0x0000000080600000, 0x0000000080700000, 0x0000000080700000|100%| O|  |TAMS 0x0000000080700000, 0x0000000080600000| Complete 
|   7|0x0000000080700000, 0x0000000080800000, 0x0000000080800000|100%| O|  |TAMS 0x0000000080800000, 0x0000000080700000| Complete 
|   8|0x0000000080800000, 0x0000000080900000, 0x0000000080900000|100%| O|  |TAMS 0x0000000080900000, 0x0000000080800000| Untracked 
|   9|0x0000000080900000, 0x0000000080a00000, 0x0000000080a00000|100%| O|  |TAMS 0x0000000080a00000, 0x0000000080900000| Complete 
|  10|0x0000000080a00000, 0x0000000080b00000, 0x0000000080b00000|100%| O|  |TAMS 0x0000000080b00000, 0x0000000080a00000| Untracked 
|  11|0x0000000080b00000, 0x0000000080c00000, 0x0000000080c00000|100%| O|  |TAMS 0x0000000080c00000, 0x0000000080b00000| Complete 
|  12|0x0000000080c00000, 0x0000000080d00000, 0x0000000080d00000|100%| O|  |TAMS 0x0000000080d00000, 0x0000000080c00000| Untracked 
|  13|0x0000000080d00000, 0x0000000080e00000, 0x0000000080e00000|100%| O|  |TAMS 0x0000000080e00000, 0x0000000080d00000| Untracked 
|  14|0x0000000080e00000, 0x0000000080f00000, 0x0000000080f00000|100%| O|  |TAMS 0x0000000080f00000, 0x0000000080e00000| Untracked 
|  15|0x0000000080f00000, 0x0000000081000000, 0x0000000081000000|100%| O|  |TAMS 0x0000000081000000, 0x0000000080f00000| Untracked 
|  16|0x0000000081000000, 0x0000000081100000, 0x0000000081100000|100%| O|  |TAMS 0x0000000081100000, 0x0000000081000000| Untracked 
|  17|0x0000000081100000, 0x0000000081200000, 0x0000000081200000|100%|HS|  |TAMS 0x0000000081200000, 0x0000000081100000| Complete 
|  18|0x0000000081200000, 0x0000000081300000, 0x0000000081300000|100%|HS|  |TAMS 0x0000000081300000, 0x0000000081200000| Complete 
|  19|0x0000000081300000, 0x0000000081400000, 0x0000000081400000|100%|HS|  |TAMS 0x0000000081400000, 0x0000000081300000| Complete 
|  20|0x0000000081400000, 0x0000000081500000, 0x0000000081500000|100%|HS|  |TAMS 0x0000000081500000, 0x0000000081400000| Complete 
|  21|0x0000000081500000, 0x0000000081600000, 0x0000000081600000|100%|HC|  |TAMS 0x0000000081600000, 0x0000000081500000| Complete 
|  22|0x0000000081600000, 0x0000000081700000, 0x0000000081700000|100%|HC|  |TAMS 0x0000000081700000, 0x0000000081600000| Complete 
|  23|0x0000000081700000, 0x0000000081800000, 0x0000000081800000|100%|HS|  |TAMS 0x0000000081800000, 0x0000000081700000| Complete 
|  24|0x0000000081800000, 0x0000000081900000, 0x0000000081900000|100%|HC|  |TAMS 0x0000000081900000, 0x0000000081800000| Complete 
|  25|0x0000000081900000, 0x0000000081a00000, 0x0000000081a00000|100%| O|  |TAMS 0x0000000081a00000, 0x0000000081900000| Untracked 
|  26|0x0000000081a00000, 0x0000000081b00000, 0x0000000081b00000|100%| O|  |TAMS 0x0000000081b00000, 0x0000000081a00000| Untracked 
|  27|0x0000000081b00000, 0x0000000081c00000, 0x0000000081c00000|100%| O|  |TAMS 0x0000000081c00000, 0x0000000081b00000| Untracked 
|  28|0x0000000081c00000, 0x0000000081d00000, 0x0000000081d00000|100%| O|  |TAMS 0x0000000081d00000, 0x0000000081c00000| Untracked 
|  29|0x0000000081d00000, 0x0000000081e00000, 0x0000000081e00000|100%| O|  |TAMS 0x0000000081e00000, 0x0000000081d00000| Untracked 
|  30|0x0000000081e00000, 0x0000000081f00000, 0x0000000081f00000|100%| O|  |TAMS 0x0000000081f00000, 0x0000000081e00000| Untracked 
|  31|0x0000000081f00000, 0x0000000082000000, 0x0000000082000000|100%| O|  |TAMS 0x0000000082000000, 0x0000000081f00000| Untracked 
|  32|0x0000000082000000, 0x0000000082100000, 0x0000000082100000|100%| O|  |TAMS 0x0000000082100000, 0x0000000082000000| Complete 
|  33|0x0000000082100000, 0x0000000082200000, 0x0000000082200000|100%| O|  |TAMS 0x0000000082200000, 0x0000000082100000| Untracked 
|  34|0x0000000082200000, 0x0000000082300000, 0x0000000082300000|100%| O|  |TAMS 0x0000000082300000, 0x0000000082200000| Complete 
|  35|0x0000000082300000, 0x0000000082400000, 0x0000000082400000|100%| O|  |TAMS 0x0000000082400000, 0x0000000082300000| Untracked 
|  36|0x0000000082400000, 0x0000000082500000, 0x0000000082500000|100%| O|  |TAMS 0x0000000082500000, 0x0000000082400000| Untracked 
|  37|0x0000000082500000, 0x0000000082600000, 0x0000000082600000|100%| O|  |TAMS 0x0000000082600000, 0x0000000082500000| Untracked 
|  38|0x0000000082600000, 0x0000000082700000, 0x0000000082700000|100%| O|  |TAMS 0x0000000082700000, 0x0000000082600000| Untracked 
|  39|0x0000000082700000, 0x0000000082800000, 0x0000000082800000|100%| O|  |TAMS 0x0000000082800000, 0x0000000082700000| Untracked 
|  40|0x0000000082800000, 0x0000000082900000, 0x0000000082900000|100%| O|  |TAMS 0x0000000082900000, 0x0000000082800000| Untracked 
|  41|0x0000000082900000, 0x0000000082a00000, 0x0000000082a00000|100%| O|  |TAMS 0x0000000082a00000, 0x0000000082900000| Untracked 
|  42|0x0000000082a00000, 0x0000000082b00000, 0x0000000082b00000|100%| O|  |TAMS 0x0000000082b00000, 0x0000000082a00000| Untracked 
|  43|0x0000000082b00000, 0x0000000082c00000, 0x0000000082c00000|100%| O|  |TAMS 0x0000000082c00000, 0x0000000082b00000| Untracked 
|  44|0x0000000082c00000, 0x0000000082d00000, 0x0000000082d00000|100%| O|  |TAMS 0x0000000082d00000, 0x0000000082c00000| Untracked 
|  45|0x0000000082d00000, 0x0000000082e00000, 0x0000000082e00000|100%| O|  |TAMS 0x0000000082e00000, 0x0000000082d00000| Untracked 
|  46|0x0000000082e00000, 0x0000000082f00000, 0x0000000082f00000|100%| O|  |TAMS 0x0000000082f00000, 0x0000000082e00000| Untracked 
|  47|0x0000000082f00000, 0x0000000083000000, 0x0000000083000000|100%| O|  |TAMS 0x0000000083000000, 0x0000000082f00000| Complete 
|  48|0x0000000083000000, 0x0000000083100000, 0x0000000083100000|100%| O|  |TAMS 0x0000000083100000, 0x0000000083000000| Complete 
|  49|0x0000000083100000, 0x0000000083200000, 0x0000000083200000|100%| O|  |TAMS 0x0000000083200000, 0x0000000083100000| Complete 
|  50|0x0000000083200000, 0x0000000083300000, 0x0000000083300000|100%| O|  |TAMS 0x0000000083300000, 0x0000000083200000| Untracked 
|  51|0x0000000083300000, 0x0000000083400000, 0x0000000083400000|100%| O|  |TAMS 0x0000000083400000, 0x0000000083300000| Untracked 
|  52|0x0000000083400000, 0x0000000083500000, 0x0000000083500000|100%| O|  |TAMS 0x0000000083500000, 0x0000000083400000| Untracked 
|  53|0x0000000083500000, 0x0000000083600000, 0x0000000083600000|100%| O|  |TAMS 0x0000000083600000, 0x0000000083500000| Untracked 
|  54|0x0000000083600000, 0x0000000083700000, 0x0000000083700000|100%| O|  |TAMS 0x0000000083700000, 0x0000000083600000| Untracked 
|  55|0x0000000083700000, 0x0000000083800000, 0x0000000083800000|100%| O|  |TAMS 0x0000000083800000, 0x0000000083700000| Complete 
|  56|0x0000000083800000, 0x0000000083900000, 0x0000000083900000|100%| O|  |TAMS 0x0000000083900000, 0x0000000083800000| Complete 
|  57|0x0000000083900000, 0x0000000083a00000, 0x0000000083a00000|100%| O|  |TAMS 0x0000000083a00000, 0x0000000083900000| Complete 
|  58|0x0000000083a00000, 0x0000000083b00000, 0x0000000083b00000|100%| O|  |TAMS 0x0000000083b00000, 0x0000000083a00000| Untracked 
|  59|0x0000000083b00000, 0x0000000083c00000, 0x0000000083c00000|100%| O|  |TAMS 0x0000000083c00000, 0x0000000083b00000| Untracked 
|  60|0x0000000083c00000, 0x0000000083d00000, 0x0000000083d00000|100%| O|  |TAMS 0x0000000083d00000, 0x0000000083c00000| Untracked 
|  61|0x0000000083d00000, 0x0000000083e00000, 0x0000000083e00000|100%| O|  |TAMS 0x0000000083e00000, 0x0000000083d00000| Untracked 
|  62|0x0000000083e00000, 0x0000000083f00000, 0x0000000083f00000|100%| O|  |TAMS 0x0000000083f00000, 0x0000000083e00000| Untracked 
|  63|0x0000000083f00000, 0x0000000084000000, 0x0000000084000000|100%| O|  |TAMS 0x0000000084000000, 0x0000000083f00000| Untracked 
|  64|0x0000000084000000, 0x0000000084100000, 0x0000000084100000|100%| O|  |TAMS 0x0000000084100000, 0x0000000084000000| Complete 
|  65|0x0000000084100000, 0x0000000084200000, 0x0000000084200000|100%| O|  |TAMS 0x0000000084200000, 0x0000000084100000| Complete 
|  66|0x0000000084200000, 0x0000000084300000, 0x0000000084300000|100%| O|  |TAMS 0x0000000084300000, 0x0000000084200000| Complete 
|  67|0x0000000084300000, 0x0000000084400000, 0x0000000084400000|100%| O|  |TAMS 0x0000000084400000, 0x0000000084300000| Complete 
|  68|0x0000000084400000, 0x0000000084500000, 0x0000000084500000|100%| O|  |TAMS 0x0000000084500000, 0x0000000084400000| Complete 
|  69|0x0000000084500000, 0x0000000084600000, 0x0000000084600000|100%| O|  |TAMS 0x0000000084600000, 0x0000000084500000| Complete 
|  70|0x0000000084600000, 0x0000000084700000, 0x0000000084700000|100%| O|  |TAMS 0x0000000084700000, 0x0000000084600000| Complete 
|  71|0x0000000084700000, 0x0000000084800000, 0x0000000084800000|100%| O|  |TAMS 0x0000000084800000, 0x0000000084700000| Complete 
|  72|0x0000000084800000, 0x0000000084900000, 0x0000000084900000|100%| O|  |TAMS 0x0000000084900000, 0x0000000084800000| Complete 
|  73|0x0000000084900000, 0x0000000084a00000, 0x0000000084a00000|100%| O|  |TAMS 0x0000000084a00000, 0x0000000084900000| Complete 
|  74|0x0000000084a00000, 0x0000000084b00000, 0x0000000084b00000|100%| O|  |TAMS 0x0000000084b00000, 0x0000000084a00000| Complete 
|  75|0x0000000084b00000, 0x0000000084b00000, 0x0000000084c00000|  0%| F|  |TAMS 0x0000000084b00000, 0x0000000084b00000| Untracked 
|  76|0x0000000084c00000, 0x0000000084d00000, 0x0000000084d00000|100%| O|  |TAMS 0x0000000084d00000, 0x0000000084c00000| Complete 
|  77|0x0000000084d00000, 0x0000000084d00000, 0x0000000084e00000|  0%| F|  |TAMS 0x0000000084d00000, 0x0000000084d00000| Untracked 
|  78|0x0000000084e00000, 0x0000000084e00000, 0x0000000084f00000|  0%| F|  |TAMS 0x0000000084e00000, 0x0000000084e00000| Untracked 
|  79|0x0000000084f00000, 0x0000000085000000, 0x0000000085000000|100%| O|  |TAMS 0x0000000085000000, 0x0000000084f00000| Complete 
|  80|0x0000000085000000, 0x0000000085000000, 0x0000000085100000|  0%| F|  |TAMS 0x0000000085000000, 0x0000000085000000| Untracked 
|  81|0x0000000085100000, 0x0000000085200000, 0x0000000085200000|100%| O|  |TAMS 0x0000000085200000, 0x0000000085100000| Untracked 
|  82|0x0000000085200000, 0x0000000085300000, 0x0000000085300000|100%| O|  |TAMS 0x0000000085300000, 0x0000000085200000| Untracked 
|  83|0x0000000085300000, 0x0000000085400000, 0x0000000085400000|100%| O|  |TAMS 0x0000000085400000, 0x0000000085300000| Complete 
|  84|0x0000000085400000, 0x0000000085500000, 0x0000000085500000|100%| O|  |TAMS 0x0000000085500000, 0x0000000085400000| Complete 
|  85|0x0000000085500000, 0x0000000085600000, 0x0000000085600000|100%| O|  |TAMS 0x0000000085600000, 0x0000000085500000| Complete 
|  86|0x0000000085600000, 0x0000000085700000, 0x0000000085700000|100%| O|  |TAMS 0x0000000085700000, 0x0000000085600000| Complete 
|  87|0x0000000085700000, 0x0000000085800000, 0x0000000085800000|100%| O|  |TAMS 0x0000000085800000, 0x0000000085700000| Complete 
|  88|0x0000000085800000, 0x0000000085900000, 0x0000000085900000|100%| O|  |TAMS 0x0000000085900000, 0x0000000085800000| Complete 
|  89|0x0000000085900000, 0x0000000085a00000, 0x0000000085a00000|100%| O|  |TAMS 0x0000000085a00000, 0x0000000085900000| Untracked 
|  90|0x0000000085a00000, 0x0000000085b00000, 0x0000000085b00000|100%| O|  |TAMS 0x0000000085b00000, 0x0000000085a00000| Complete 
|  91|0x0000000085b00000, 0x0000000085c00000, 0x0000000085c00000|100%| O|  |TAMS 0x0000000085c00000, 0x0000000085b00000| Complete 
|  92|0x0000000085c00000, 0x0000000085d00000, 0x0000000085d00000|100%| O|  |TAMS 0x0000000085d00000, 0x0000000085c00000| Complete 
|  93|0x0000000085d00000, 0x0000000085e00000, 0x0000000085e00000|100%| O|  |TAMS 0x0000000085e00000, 0x0000000085d00000| Untracked 
|  94|0x0000000085e00000, 0x0000000085f00000, 0x0000000085f00000|100%| O|  |TAMS 0x0000000085f00000, 0x0000000085e00000| Complete 
|  95|0x0000000085f00000, 0x0000000086000000, 0x0000000086000000|100%| O|  |TAMS 0x0000000086000000, 0x0000000085f00000| Complete 
|  96|0x0000000086000000, 0x0000000086100000, 0x0000000086100000|100%| O|  |TAMS 0x0000000086100000, 0x0000000086000000| Complete 
|  97|0x0000000086100000, 0x0000000086200000, 0x0000000086200000|100%| O|  |TAMS 0x0000000086200000, 0x0000000086100000| Untracked 
|  98|0x0000000086200000, 0x0000000086300000, 0x0000000086300000|100%| O|  |TAMS 0x0000000086300000, 0x0000000086200000| Untracked 
|  99|0x0000000086300000, 0x0000000086400000, 0x0000000086400000|100%| O|  |TAMS 0x0000000086400000, 0x0000000086300000| Untracked 
| 100|0x0000000086400000, 0x0000000086500000, 0x0000000086500000|100%| O|  |TAMS 0x0000000086500000, 0x0000000086400000| Untracked 
| 101|0x0000000086500000, 0x0000000086600000, 0x0000000086600000|100%| O|  |TAMS 0x0000000086600000, 0x0000000086500000| Complete 
| 102|0x0000000086600000, 0x0000000086700000, 0x0000000086700000|100%| O|  |TAMS 0x0000000086700000, 0x0000000086600000| Complete 
| 103|0x0000000086700000, 0x0000000086800000, 0x0000000086800000|100%|HS|  |TAMS 0x0000000086800000, 0x0000000086700000| Complete 
| 104|0x0000000086800000, 0x0000000086900000, 0x0000000086900000|100%|HC|  |TAMS 0x0000000086900000, 0x0000000086800000| Complete 
| 105|0x0000000086900000, 0x0000000086a00000, 0x0000000086a00000|100%|HC|  |TAMS 0x0000000086a00000, 0x0000000086900000| Complete 
| 106|0x0000000086a00000, 0x0000000086a00000, 0x0000000086b00000|  0%| F|  |TAMS 0x0000000086a00000, 0x0000000086a00000| Untracked 
| 107|0x0000000086b00000, 0x0000000086b00000, 0x0000000086c00000|  0%| F|  |TAMS 0x0000000086b00000, 0x0000000086b00000| Untracked 
| 108|0x0000000086c00000, 0x0000000086c00000, 0x0000000086d00000|  0%| F|  |TAMS 0x0000000086c00000, 0x0000000086c00000| Untracked 
| 109|0x0000000086d00000, 0x0000000086d00000, 0x0000000086e00000|  0%| F|  |TAMS 0x0000000086d00000, 0x0000000086d00000| Untracked 
| 110|0x0000000086e00000, 0x0000000086f00000, 0x0000000086f00000|100%| O|  |TAMS 0x0000000086f00000, 0x0000000086e00000| Untracked 
| 111|0x0000000086f00000, 0x0000000087000000, 0x0000000087000000|100%| O|  |TAMS 0x0000000087000000, 0x0000000086f00000| Untracked 
| 112|0x0000000087000000, 0x0000000087100000, 0x0000000087100000|100%| O|  |TAMS 0x0000000087100000, 0x0000000087000000| Untracked 
| 113|0x0000000087100000, 0x0000000087200000, 0x0000000087200000|100%| O|  |TAMS 0x0000000087200000, 0x0000000087100000| Untracked 
| 114|0x0000000087200000, 0x0000000087300000, 0x0000000087300000|100%| O|  |TAMS 0x0000000087300000, 0x0000000087200000| Untracked 
| 115|0x0000000087300000, 0x0000000087400000, 0x0000000087400000|100%| O|  |TAMS 0x0000000087400000, 0x0000000087300000| Untracked 
| 116|0x0000000087400000, 0x0000000087500000, 0x0000000087500000|100%| O|  |TAMS 0x0000000087500000, 0x0000000087400000| Untracked 
| 117|0x0000000087500000, 0x0000000087600000, 0x0000000087600000|100%| O|  |TAMS 0x0000000087600000, 0x0000000087500000| Untracked 
| 118|0x0000000087600000, 0x0000000087700000, 0x0000000087700000|100%| O|  |TAMS 0x0000000087700000, 0x0000000087600000| Complete 
| 119|0x0000000087700000, 0x0000000087749c00, 0x0000000087800000| 28%| O|  |TAMS 0x0000000087749c00, 0x0000000087700000| Untracked 
| 120|0x0000000087800000, 0x0000000087800000, 0x0000000087900000|  0%| F|  |TAMS 0x0000000087800000, 0x0000000087800000| Untracked 
| 121|0x0000000087900000, 0x0000000087900000, 0x0000000087a00000|  0%| F|  |TAMS 0x0000000087900000, 0x0000000087900000| Untracked 
| 122|0x0000000087a00000, 0x0000000087a00000, 0x0000000087b00000|  0%| F|  |TAMS 0x0000000087a00000, 0x0000000087a00000| Untracked 
| 123|0x0000000087b00000, 0x0000000087b00000, 0x0000000087c00000|  0%| F|  |TAMS 0x0000000087b00000, 0x0000000087b00000| Untracked 
| 124|0x0000000087c00000, 0x0000000087c00000, 0x0000000087d00000|  0%| F|  |TAMS 0x0000000087c00000, 0x0000000087c00000| Untracked 
| 125|0x0000000087d00000, 0x0000000087d00000, 0x0000000087e00000|  0%| F|  |TAMS 0x0000000087d00000, 0x0000000087d00000| Untracked 
| 126|0x0000000087e00000, 0x0000000087e00000, 0x0000000087f00000|  0%| F|  |TAMS 0x0000000087e00000, 0x0000000087e00000| Untracked 
| 127|0x0000000087f00000, 0x0000000087f00000, 0x0000000088000000|  0%| F|  |TAMS 0x0000000087f00000, 0x0000000087f00000| Untracked 
| 128|0x0000000088000000, 0x0000000088000000, 0x0000000088100000|  0%| F|  |TAMS 0x0000000088000000, 0x0000000088000000| Untracked 
| 129|0x0000000088100000, 0x0000000088100000, 0x0000000088200000|  0%| F|  |TAMS 0x0000000088100000, 0x0000000088100000| Untracked 
| 130|0x0000000088200000, 0x0000000088200000, 0x0000000088300000|  0%| F|  |TAMS 0x0000000088200000, 0x0000000088200000| Untracked 
| 131|0x0000000088300000, 0x0000000088300000, 0x0000000088400000|  0%| F|  |TAMS 0x0000000088300000, 0x0000000088300000| Untracked 
| 132|0x0000000088400000, 0x0000000088400000, 0x0000000088500000|  0%| F|  |TAMS 0x0000000088400000, 0x0000000088400000| Untracked 
| 133|0x0000000088500000, 0x0000000088500000, 0x0000000088600000|  0%| F|  |TAMS 0x0000000088500000, 0x0000000088500000| Untracked 
| 134|0x0000000088600000, 0x0000000088600000, 0x0000000088700000|  0%| F|  |TAMS 0x0000000088600000, 0x0000000088600000| Untracked 
| 135|0x0000000088700000, 0x0000000088700000, 0x0000000088800000|  0%| F|  |TAMS 0x0000000088700000, 0x0000000088700000| Untracked 
| 136|0x0000000088800000, 0x0000000088800000, 0x0000000088900000|  0%| F|  |TAMS 0x0000000088800000, 0x0000000088800000| Untracked 
| 137|0x0000000088900000, 0x0000000088900000, 0x0000000088a00000|  0%| F|  |TAMS 0x0000000088900000, 0x0000000088900000| Untracked 
| 138|0x0000000088a00000, 0x0000000088a00000, 0x0000000088b00000|  0%| F|  |TAMS 0x0000000088a00000, 0x0000000088a00000| Untracked 
| 139|0x0000000088b00000, 0x0000000088b00000, 0x0000000088c00000|  0%| F|  |TAMS 0x0000000088b00000, 0x0000000088b00000| Untracked 
| 140|0x0000000088c00000, 0x0000000088c00000, 0x0000000088d00000|  0%| F|  |TAMS 0x0000000088c00000, 0x0000000088c00000| Untracked 
| 141|0x0000000088d00000, 0x0000000088d00000, 0x0000000088e00000|  0%| F|  |TAMS 0x0000000088d00000, 0x0000000088d00000| Untracked 
| 142|0x0000000088e00000, 0x0000000088e00000, 0x0000000088f00000|  0%| F|  |TAMS 0x0000000088e00000, 0x0000000088e00000| Untracked 
| 143|0x0000000088f00000, 0x0000000088f00000, 0x0000000089000000|  0%| F|  |TAMS 0x0000000088f00000, 0x0000000088f00000| Untracked 
| 144|0x0000000089000000, 0x0000000089000000, 0x0000000089100000|  0%| F|  |TAMS 0x0000000089000000, 0x0000000089000000| Untracked 
| 145|0x0000000089100000, 0x0000000089100000, 0x0000000089200000|  0%| F|  |TAMS 0x0000000089100000, 0x0000000089100000| Untracked 
| 146|0x0000000089200000, 0x0000000089200000, 0x0000000089300000|  0%| F|  |TAMS 0x0000000089200000, 0x0000000089200000| Untracked 
| 147|0x0000000089300000, 0x0000000089300000, 0x0000000089400000|  0%| F|  |TAMS 0x0000000089300000, 0x0000000089300000| Untracked 
| 148|0x0000000089400000, 0x0000000089400000, 0x0000000089500000|  0%| F|  |TAMS 0x0000000089400000, 0x0000000089400000| Untracked 
| 149|0x0000000089500000, 0x0000000089500000, 0x0000000089600000|  0%| F|  |TAMS 0x0000000089500000, 0x0000000089500000| Untracked 
| 150|0x0000000089600000, 0x0000000089600000, 0x0000000089700000|  0%| F|  |TAMS 0x0000000089600000, 0x0000000089600000| Untracked 
| 151|0x0000000089700000, 0x0000000089700000, 0x0000000089800000|  0%| F|  |TAMS 0x0000000089700000, 0x0000000089700000| Untracked 
| 152|0x0000000089800000, 0x0000000089800000, 0x0000000089900000|  0%| F|  |TAMS 0x0000000089800000, 0x0000000089800000| Untracked 
| 153|0x0000000089900000, 0x0000000089900000, 0x0000000089a00000|  0%| F|  |TAMS 0x0000000089900000, 0x0000000089900000| Untracked 
| 154|0x0000000089a00000, 0x0000000089a00000, 0x0000000089b00000|  0%| F|  |TAMS 0x0000000089a00000, 0x0000000089a00000| Untracked 
| 155|0x0000000089b00000, 0x0000000089b00000, 0x0000000089c00000|  0%| F|  |TAMS 0x0000000089b00000, 0x0000000089b00000| Untracked 
| 156|0x0000000089c00000, 0x0000000089c00000, 0x0000000089d00000|  0%| F|  |TAMS 0x0000000089c00000, 0x0000000089c00000| Untracked 
| 157|0x0000000089d00000, 0x0000000089d00000, 0x0000000089e00000|  0%| F|  |TAMS 0x0000000089d00000, 0x0000000089d00000| Untracked 
| 158|0x0000000089e00000, 0x0000000089e00000, 0x0000000089f00000|  0%| F|  |TAMS 0x0000000089e00000, 0x0000000089e00000| Untracked 
| 159|0x0000000089f00000, 0x0000000089f00000, 0x000000008a000000|  0%| F|  |TAMS 0x0000000089f00000, 0x0000000089f00000| Untracked 
| 160|0x000000008a000000, 0x000000008a000000, 0x000000008a100000|  0%| F|  |TAMS 0x000000008a000000, 0x000000008a000000| Untracked 
| 161|0x000000008a100000, 0x000000008a100000, 0x000000008a200000|  0%| F|  |TAMS 0x000000008a100000, 0x000000008a100000| Untracked 
| 162|0x000000008a200000, 0x000000008a200000, 0x000000008a300000|  0%| F|  |TAMS 0x000000008a200000, 0x000000008a200000| Untracked 
| 163|0x000000008a300000, 0x000000008a300000, 0x000000008a400000|  0%| F|  |TAMS 0x000000008a300000, 0x000000008a300000| Untracked 
| 164|0x000000008a400000, 0x000000008a400000, 0x000000008a500000|  0%| F|  |TAMS 0x000000008a400000, 0x000000008a400000| Untracked 
| 165|0x000000008a500000, 0x000000008a500000, 0x000000008a600000|  0%| F|  |TAMS 0x000000008a500000, 0x000000008a500000| Untracked 
| 166|0x000000008a600000, 0x000000008a600000, 0x000000008a700000|  0%| F|  |TAMS 0x000000008a600000, 0x000000008a600000| Untracked 
| 167|0x000000008a700000, 0x000000008a700000, 0x000000008a800000|  0%| F|  |TAMS 0x000000008a700000, 0x000000008a700000| Untracked 
| 168|0x000000008a800000, 0x000000008a800000, 0x000000008a900000|  0%| F|  |TAMS 0x000000008a800000, 0x000000008a800000| Untracked 
| 169|0x000000008a900000, 0x000000008a900000, 0x000000008aa00000|  0%| F|  |TAMS 0x000000008a900000, 0x000000008a900000| Untracked 
| 170|0x000000008aa00000, 0x000000008aa00000, 0x000000008ab00000|  0%| F|  |TAMS 0x000000008aa00000, 0x000000008aa00000| Untracked 
| 171|0x000000008ab00000, 0x000000008ab00000, 0x000000008ac00000|  0%| F|  |TAMS 0x000000008ab00000, 0x000000008ab00000| Untracked 
| 172|0x000000008ac00000, 0x000000008ac00000, 0x000000008ad00000|  0%| F|  |TAMS 0x000000008ac00000, 0x000000008ac00000| Untracked 
| 173|0x000000008ad00000, 0x000000008ad00000, 0x000000008ae00000|  0%| F|  |TAMS 0x000000008ad00000, 0x000000008ad00000| Untracked 
| 174|0x000000008ae00000, 0x000000008ae00000, 0x000000008af00000|  0%| F|  |TAMS 0x000000008ae00000, 0x000000008ae00000| Untracked 
| 175|0x000000008af00000, 0x000000008af00000, 0x000000008b000000|  0%| F|  |TAMS 0x000000008af00000, 0x000000008af00000| Untracked 
| 176|0x000000008b000000, 0x000000008b000000, 0x000000008b100000|  0%| F|  |TAMS 0x000000008b000000, 0x000000008b000000| Untracked 
| 177|0x000000008b100000, 0x000000008b100000, 0x000000008b200000|  0%| F|  |TAMS 0x000000008b100000, 0x000000008b100000| Untracked 
| 178|0x000000008b200000, 0x000000008b200000, 0x000000008b300000|  0%| F|  |TAMS 0x000000008b200000, 0x000000008b200000| Untracked 
| 179|0x000000008b300000, 0x000000008b300000, 0x000000008b400000|  0%| F|  |TAMS 0x000000008b300000, 0x000000008b300000| Untracked 
| 180|0x000000008b400000, 0x000000008b400000, 0x000000008b500000|  0%| F|  |TAMS 0x000000008b400000, 0x000000008b400000| Untracked 
| 181|0x000000008b500000, 0x000000008b500000, 0x000000008b600000|  0%| F|  |TAMS 0x000000008b500000, 0x000000008b500000| Untracked 
| 182|0x000000008b600000, 0x000000008b600000, 0x000000008b700000|  0%| F|  |TAMS 0x000000008b600000, 0x000000008b600000| Untracked 
| 183|0x000000008b700000, 0x000000008b700000, 0x000000008b800000|  0%| F|  |TAMS 0x000000008b700000, 0x000000008b700000| Untracked 
| 184|0x000000008b800000, 0x000000008b800000, 0x000000008b900000|  0%| F|  |TAMS 0x000000008b800000, 0x000000008b800000| Untracked 
| 185|0x000000008b900000, 0x000000008b900000, 0x000000008ba00000|  0%| F|  |TAMS 0x000000008b900000, 0x000000008b900000| Untracked 
| 186|0x000000008ba00000, 0x000000008ba00000, 0x000000008bb00000|  0%| F|  |TAMS 0x000000008ba00000, 0x000000008ba00000| Untracked 
| 187|0x000000008bb00000, 0x000000008bb00000, 0x000000008bc00000|  0%| F|  |TAMS 0x000000008bb00000, 0x000000008bb00000| Untracked 
| 188|0x000000008bc00000, 0x000000008bc00000, 0x000000008bd00000|  0%| F|  |TAMS 0x000000008bc00000, 0x000000008bc00000| Untracked 
| 189|0x000000008bd00000, 0x000000008bd00000, 0x000000008be00000|  0%| F|  |TAMS 0x000000008bd00000, 0x000000008bd00000| Untracked 
| 190|0x000000008be00000, 0x000000008be00000, 0x000000008bf00000|  0%| F|  |TAMS 0x000000008be00000, 0x000000008be00000| Untracked 
| 191|0x000000008bf00000, 0x000000008bf00000, 0x000000008c000000|  0%| F|  |TAMS 0x000000008bf00000, 0x000000008bf00000| Untracked 
| 192|0x000000008c000000, 0x000000008c000000, 0x000000008c100000|  0%| F|  |TAMS 0x000000008c000000, 0x000000008c000000| Untracked 
| 193|0x000000008c100000, 0x000000008c100000, 0x000000008c200000|  0%| F|  |TAMS 0x000000008c100000, 0x000000008c100000| Untracked 
| 194|0x000000008c200000, 0x000000008c200000, 0x000000008c300000|  0%| F|  |TAMS 0x000000008c200000, 0x000000008c200000| Untracked 
| 195|0x000000008c300000, 0x000000008c300000, 0x000000008c400000|  0%| F|  |TAMS 0x000000008c300000, 0x000000008c300000| Untracked 
| 196|0x000000008c400000, 0x000000008c400000, 0x000000008c500000|  0%| F|  |TAMS 0x000000008c400000, 0x000000008c400000| Untracked 
| 197|0x000000008c500000, 0x000000008c500000, 0x000000008c600000|  0%| F|  |TAMS 0x000000008c500000, 0x000000008c500000| Untracked 
| 198|0x000000008c600000, 0x000000008c600000, 0x000000008c700000|  0%| F|  |TAMS 0x000000008c600000, 0x000000008c600000| Untracked 
| 199|0x000000008c700000, 0x000000008c700000, 0x000000008c800000|  0%| F|  |TAMS 0x000000008c700000, 0x000000008c700000| Untracked 
| 200|0x000000008c800000, 0x000000008c800000, 0x000000008c900000|  0%| F|  |TAMS 0x000000008c800000, 0x000000008c800000| Untracked 
| 201|0x000000008c900000, 0x000000008c900000, 0x000000008ca00000|  0%| F|  |TAMS 0x000000008c900000, 0x000000008c900000| Untracked 
| 202|0x000000008ca00000, 0x000000008ca00000, 0x000000008cb00000|  0%| F|  |TAMS 0x000000008ca00000, 0x000000008ca00000| Untracked 
| 203|0x000000008cb00000, 0x000000008cb4d8e0, 0x000000008cc00000| 30%| S|CS|TAMS 0x000000008cb00000, 0x000000008cb00000| Complete 
| 204|0x000000008cc00000, 0x000000008cd00000, 0x000000008cd00000|100%| S|CS|TAMS 0x000000008cc00000, 0x000000008cc00000| Complete 
| 205|0x000000008cd00000, 0x000000008ce00000, 0x000000008ce00000|100%| S|CS|TAMS 0x000000008cd00000, 0x000000008cd00000| Complete 
| 206|0x000000008ce00000, 0x000000008cf00000, 0x000000008cf00000|100%| S|CS|TAMS 0x000000008ce00000, 0x000000008ce00000| Complete 
| 207|0x000000008cf00000, 0x000000008d000000, 0x000000008d000000|100%| S|CS|TAMS 0x000000008cf00000, 0x000000008cf00000| Complete 
| 208|0x000000008d000000, 0x000000008d000000, 0x000000008d100000|  0%| F|  |TAMS 0x000000008d000000, 0x000000008d000000| Untracked 
| 209|0x000000008d100000, 0x000000008d100000, 0x000000008d200000|  0%| F|  |TAMS 0x000000008d100000, 0x000000008d100000| Untracked 
| 210|0x000000008d200000, 0x000000008d200000, 0x000000008d300000|  0%| F|  |TAMS 0x000000008d200000, 0x000000008d200000| Untracked 
| 211|0x000000008d300000, 0x000000008d300000, 0x000000008d400000|  0%| F|  |TAMS 0x000000008d300000, 0x000000008d300000| Untracked 
| 212|0x000000008d400000, 0x000000008d400000, 0x000000008d500000|  0%| F|  |TAMS 0x000000008d400000, 0x000000008d400000| Untracked 
| 213|0x000000008d500000, 0x000000008d500000, 0x000000008d600000|  0%| F|  |TAMS 0x000000008d500000, 0x000000008d500000| Untracked 
| 214|0x000000008d600000, 0x000000008d600000, 0x000000008d700000|  0%| F|  |TAMS 0x000000008d600000, 0x000000008d600000| Untracked 
| 215|0x000000008d700000, 0x000000008d700000, 0x000000008d800000|  0%| F|  |TAMS 0x000000008d700000, 0x000000008d700000| Untracked 
| 216|0x000000008d800000, 0x000000008d800000, 0x000000008d900000|  0%| F|  |TAMS 0x000000008d800000, 0x000000008d800000| Untracked 
| 217|0x000000008d900000, 0x000000008d900000, 0x000000008da00000|  0%| F|  |TAMS 0x000000008d900000, 0x000000008d900000| Untracked 
| 218|0x000000008da00000, 0x000000008da00000, 0x000000008db00000|  0%| F|  |TAMS 0x000000008da00000, 0x000000008da00000| Untracked 
| 219|0x000000008db00000, 0x000000008db00000, 0x000000008dc00000|  0%| F|  |TAMS 0x000000008db00000, 0x000000008db00000| Untracked 
| 220|0x000000008dc00000, 0x000000008dc00000, 0x000000008dd00000|  0%| F|  |TAMS 0x000000008dc00000, 0x000000008dc00000| Untracked 
| 221|0x000000008dd00000, 0x000000008dd00000, 0x000000008de00000|  0%| F|  |TAMS 0x000000008dd00000, 0x000000008dd00000| Untracked 
| 222|0x000000008de00000, 0x000000008de00000, 0x000000008df00000|  0%| F|  |TAMS 0x000000008de00000, 0x000000008de00000| Untracked 
| 223|0x000000008df00000, 0x000000008df00000, 0x000000008e000000|  0%| F|  |TAMS 0x000000008df00000, 0x000000008df00000| Untracked 
| 224|0x000000008e000000, 0x000000008e000000, 0x000000008e100000|  0%| F|  |TAMS 0x000000008e000000, 0x000000008e000000| Untracked 
| 225|0x000000008e100000, 0x000000008e100000, 0x000000008e200000|  0%| F|  |TAMS 0x000000008e100000, 0x000000008e100000| Untracked 
| 226|0x000000008e200000, 0x000000008e200000, 0x000000008e300000|  0%| F|  |TAMS 0x000000008e200000, 0x000000008e200000| Untracked 
| 227|0x000000008e300000, 0x000000008e300000, 0x000000008e400000|  0%| F|  |TAMS 0x000000008e300000, 0x000000008e300000| Untracked 
| 228|0x000000008e400000, 0x000000008e400000, 0x000000008e500000|  0%| F|  |TAMS 0x000000008e400000, 0x000000008e400000| Untracked 
| 229|0x000000008e500000, 0x000000008e500000, 0x000000008e600000|  0%| F|  |TAMS 0x000000008e500000, 0x000000008e500000| Untracked 
| 230|0x000000008e600000, 0x000000008e600000, 0x000000008e700000|  0%| F|  |TAMS 0x000000008e600000, 0x000000008e600000| Untracked 
| 231|0x000000008e700000, 0x000000008e700000, 0x000000008e800000|  0%| F|  |TAMS 0x000000008e700000, 0x000000008e700000| Untracked 
| 232|0x000000008e800000, 0x000000008e800000, 0x000000008e900000|  0%| F|  |TAMS 0x000000008e800000, 0x000000008e800000| Untracked 
| 233|0x000000008e900000, 0x000000008e900000, 0x000000008ea00000|  0%| F|  |TAMS 0x000000008e900000, 0x000000008e900000| Untracked 
| 234|0x000000008ea00000, 0x000000008ea00000, 0x000000008eb00000|  0%| F|  |TAMS 0x000000008ea00000, 0x000000008ea00000| Untracked 
| 235|0x000000008eb00000, 0x000000008eb00000, 0x000000008ec00000|  0%| F|  |TAMS 0x000000008eb00000, 0x000000008eb00000| Untracked 
| 236|0x000000008ec00000, 0x000000008ec00000, 0x000000008ed00000|  0%| F|  |TAMS 0x000000008ec00000, 0x000000008ec00000| Untracked 
| 237|0x000000008ed00000, 0x000000008ed00000, 0x000000008ee00000|  0%| F|  |TAMS 0x000000008ed00000, 0x000000008ed00000| Untracked 
| 238|0x000000008ee00000, 0x000000008ee00000, 0x000000008ef00000|  0%| F|  |TAMS 0x000000008ee00000, 0x000000008ee00000| Untracked 
| 239|0x000000008ef00000, 0x000000008ef00000, 0x000000008f000000|  0%| F|  |TAMS 0x000000008ef00000, 0x000000008ef00000| Untracked 
| 240|0x000000008f000000, 0x000000008f080800, 0x000000008f100000| 50%| E|  |TAMS 0x000000008f000000, 0x000000008f000000| Complete 
| 241|0x000000008f100000, 0x000000008f200000, 0x000000008f200000|100%| E|CS|TAMS 0x000000008f100000, 0x000000008f100000| Complete 
| 242|0x000000008f200000, 0x000000008f300000, 0x000000008f300000|100%| E|CS|TAMS 0x000000008f200000, 0x000000008f200000| Complete 
| 243|0x000000008f300000, 0x000000008f400000, 0x000000008f400000|100%| E|CS|TAMS 0x000000008f300000, 0x000000008f300000| Complete 
| 244|0x000000008f400000, 0x000000008f500000, 0x000000008f500000|100%| E|CS|TAMS 0x000000008f400000, 0x000000008f400000| Complete 
| 245|0x000000008f500000, 0x000000008f600000, 0x000000008f600000|100%| E|CS|TAMS 0x000000008f500000, 0x000000008f500000| Complete 
| 246|0x000000008f600000, 0x000000008f700000, 0x000000008f700000|100%| E|CS|TAMS 0x000000008f600000, 0x000000008f600000| Complete 
| 247|0x000000008f700000, 0x000000008f800000, 0x000000008f800000|100%| E|CS|TAMS 0x000000008f700000, 0x000000008f700000| Complete 
| 248|0x000000008f800000, 0x000000008f900000, 0x000000008f900000|100%| E|CS|TAMS 0x000000008f800000, 0x000000008f800000| Complete 
| 249|0x000000008f900000, 0x000000008fa00000, 0x000000008fa00000|100%| E|CS|TAMS 0x000000008f900000, 0x000000008f900000| Complete 
| 250|0x000000008fa00000, 0x000000008fb00000, 0x000000008fb00000|100%| E|CS|TAMS 0x000000008fa00000, 0x000000008fa00000| Complete 
| 251|0x000000008fb00000, 0x000000008fc00000, 0x000000008fc00000|100%| E|CS|TAMS 0x000000008fb00000, 0x000000008fb00000| Complete 
| 252|0x000000008fc00000, 0x000000008fd00000, 0x000000008fd00000|100%| E|CS|TAMS 0x000000008fc00000, 0x000000008fc00000| Complete 
| 253|0x000000008fd00000, 0x000000008fe00000, 0x000000008fe00000|100%| E|CS|TAMS 0x000000008fd00000, 0x000000008fd00000| Complete 
| 254|0x000000008fe00000, 0x000000008ff00000, 0x000000008ff00000|100%| E|CS|TAMS 0x000000008fe00000, 0x000000008fe00000| Complete 
| 255|0x000000008ff00000, 0x0000000090000000, 0x0000000090000000|100%| E|CS|TAMS 0x000000008ff00000, 0x000000008ff00000| Complete 

Card table byte_map: [0x0000027b63580000,0x0000027b63980000] _byte_map_base: 0x0000027b63180000

Marking Bits (Prev, Next): (CMBitMap*) 0x0000027b4fc5f080, (CMBitMap*) 0x0000027b4fc5f048
 Prev Bits: [0x0000027b65d80000, 0x0000027b67d80000)
 Next Bits: [0x0000027b63d80000, 0x0000027b65d80000)

Polling page: 0x0000027b4e380000

Metaspace:

Usage:
  Non-class:     95.91 MB capacity,    94.33 MB ( 98%) used,     1.29 MB (  1%) free+waste,   300.13 KB ( <1%) overhead. 
      Class:     14.51 MB capacity,    13.55 MB ( 93%) used,   848.91 KB (  6%) free+waste,   133.25 KB ( <1%) overhead. 
       Both:    110.42 MB capacity,   107.88 MB ( 98%) used,     2.12 MB (  2%) free+waste,   433.38 KB ( <1%) overhead. 

Virtual space:
  Non-class space:       98.00 MB reserved,      96.17 MB ( 98%) committed 
      Class space:        1.00 GB reserved,      14.70 MB (  1%) committed 
             Both:        1.10 GB reserved,     110.87 MB ( 10%) committed 

Chunk freelists:
   Non-Class:  196.00 KB
       Class:  90.00 KB
        Both:  286.00 KB

MaxMetaspaceSize: 17179869184.00 GB
CompressedClassSpaceSize: 1.00 GB

CodeHeap 'non-profiled nmethods': size=120000Kb used=9742Kb max_used=9742Kb free=110257Kb
 bounds [0x0000027b5b1e0000, 0x0000027b5bb70000, 0x0000027b62710000]
CodeHeap 'profiled nmethods': size=120000Kb used=31030Kb max_used=31030Kb free=88969Kb
 bounds [0x0000027b53cb0000, 0x0000027b55b00000, 0x0000027b5b1e0000]
CodeHeap 'non-nmethods': size=5760Kb used=2340Kb max_used=2397Kb free=3419Kb
 bounds [0x0000027b53710000, 0x0000027b53980000, 0x0000027b53cb0000]
 total_blobs=14735 nmethods=13767 adapters=879
 compilation: enabled
              stopped_count=0, restarted_count=0
 full_count=0

Compilation events (20 events):
Event: 75.909 Thread 0x0000027b6b0b0000 13856   !   3       jdk.nio.zipfs.ZipFileSystem::isDirectory (42 bytes)
Event: 75.911 Thread 0x0000027b6b0b0000 nmethod 13856 0x0000027b55af7090 code [0x0000027b55af7340, 0x0000027b55af7fe8]
Event: 75.911 Thread 0x0000027b6b0b0000 13857       3       jdk.nio.zipfs.ZipDirectoryStream::<init> (49 bytes)
Event: 75.911 Thread 0x0000027b6b0b0000 nmethod 13857 0x0000027b55af8510 code [0x0000027b55af8720, 0x0000027b55af8d58]
Event: 75.915 Thread 0x0000027b6b0b0000 13858       3       jdk.nio.zipfs.ZipPath::getFileName (5 bytes)
Event: 75.915 Thread 0x0000027b6b0b0000 nmethod 13858 0x0000027b55af9010 code [0x0000027b55af91c0, 0x0000027b55af92e8]
Event: 75.916 Thread 0x0000027b6b0b0000 13859       3       com.sun.tools.javac.file.JavacFileManager$ArchiveContainer::isValid (39 bytes)
Event: 75.916 Thread 0x0000027b6b0b0000 nmethod 13859 0x0000027b55af9390 code [0x0000027b55af95c0, 0x0000027b55af9c38]
Event: 75.921 Thread 0x0000027b6b0b0000 13860       3       jdk.nio.zipfs.ZipFileSystem$IndexNode::<init> (25 bytes)
Event: 75.922 Thread 0x0000027b6b0b0000 nmethod 13860 0x0000027b55af9f10 code [0x0000027b55afa0e0, 0x0000027b55afa348]
Event: 75.922 Thread 0x0000027b6b0b0000 13861       3       com.sun.tools.javac.file.RelativePath$RelativeDirectory::<init> (44 bytes)
Event: 75.923 Thread 0x0000027b6b0b0000 nmethod 13861 0x0000027b55afa490 code [0x0000027b55afa740, 0x0000027b55afb3b8]
Event: 75.925 Thread 0x0000027b6b0a1000 nmethod 13852 0x0000027b5bb60610 code [0x0000027b5bb60820, 0x0000027b5bb61220]
Event: 75.925 Thread 0x0000027b6b0a1000 13862       4       java.util.concurrent.locks.AbstractQueuedSynchronizer::doReleaseShared (79 bytes)
Event: 75.925 Thread 0x0000027b6b0b0000 13864       3       jdk.nio.zipfs.ZipPath::compareTo (95 bytes)
Event: 75.926 Thread 0x0000027b6b0b0000 nmethod 13864 0x0000027b55afb810 code [0x0000027b55afba40, 0x0000027b55afc218]
Event: 75.927 Thread 0x0000027b6b0a1000 nmethod 13862 0x0000027b5bb61710 code [0x0000027b5bb618c0, 0x0000027b5bb61a18]
Event: 75.927 Thread 0x0000027b6b0a1000 13863       4       sun.nio.ch.FileDispatcherImpl::read (8 bytes)
Event: 75.927 Thread 0x0000027b6b0a1000 nmethod 13863 0x0000027b5bb61b10 code [0x0000027b5bb61ca0, 0x0000027b5bb61d28]
Event: 75.927 Thread 0x0000027b6b0a1000 13854       4       jdk.nio.zipfs.ZipPath::resolve (42 bytes)

GC Heap History (20 events):
Event: 32.512 GC heap before
{Heap before GC invocations=8 (full 0):
 garbage-first heap   total 262144K, used 67579K [0x0000000080000000, 0x0000000100000000)
  region size 1024K, 37 young (37888K), 18 survivors (18432K)
 Metaspace       used 58662K, capacity 60200K, committed 60236K, reserved 1101824K
  class space    used 7422K, capacity 7982K, committed 8012K, reserved 1048576K
}
Event: 32.533 GC heap after
{Heap after GC invocations=9 (full 0):
 garbage-first heap   total 262144K, used 52636K [0x0000000080000000, 0x0000000100000000)
  region size 1024K, 3 young (3072K), 3 survivors (3072K)
 Metaspace       used 58662K, capacity 60200K, committed 60236K, reserved 1101824K
  class space    used 7422K, capacity 7982K, committed 8012K, reserved 1048576K
}
Event: 33.746 GC heap before
{Heap before GC invocations=10 (full 0):
 garbage-first heap   total 262144K, used 141724K [0x0000000080000000, 0x0000000100000000)
  region size 1024K, 90 young (92160K), 3 survivors (3072K)
 Metaspace       used 65900K, capacity 67413K, committed 67532K, reserved 1107968K
  class space    used 8332K, capacity 8874K, committed 8908K, reserved 1048576K
}
Event: 33.755 GC heap after
{Heap after GC invocations=11 (full 0):
 garbage-first heap   total 262144K, used 56949K [0x0000000080000000, 0x0000000100000000)
  region size 1024K, 8 young (8192K), 8 survivors (8192K)
 Metaspace       used 65900K, capacity 67413K, committed 67532K, reserved 1107968K
  class space    used 8332K, capacity 8874K, committed 8908K, reserved 1048576K
}
Event: 35.022 GC heap before
{Heap before GC invocations=12 (full 0):
 garbage-first heap   total 262144K, used 152181K [0x0000000080000000, 0x0000000100000000)
  region size 1024K, 101 young (103424K), 8 survivors (8192K)
 Metaspace       used 72116K, capacity 73789K, committed 73932K, reserved 1114112K
  class space    used 9284K, capacity 9885K, committed 9932K, reserved 1048576K
}
Event: 35.034 GC heap after
{Heap after GC invocations=13 (full 0):
 garbage-first heap   total 262144K, used 64254K [0x0000000080000000, 0x0000000100000000)
  region size 1024K, 13 young (13312K), 13 survivors (13312K)
 Metaspace       used 72116K, capacity 73789K, committed 73932K, reserved 1114112K
  class space    used 9284K, capacity 9885K, committed 9932K, reserved 1048576K
}
Event: 36.597 GC heap before
{Heap before GC invocations=13 (full 0):
 garbage-first heap   total 262144K, used 163582K [0x0000000080000000, 0x0000000100000000)
  region size 1024K, 110 young (112640K), 13 survivors (13312K)
 Metaspace       used 81663K, capacity 83525K, committed 83788K, reserved 1122304K
  class space    used 10586K, capacity 11247K, committed 11340K, reserved 1048576K
}
Event: 36.613 GC heap after
{Heap after GC invocations=14 (full 0):
 garbage-first heap   total 262144K, used 71315K [0x0000000080000000, 0x0000000100000000)
  region size 1024K, 14 young (14336K), 14 survivors (14336K)
 Metaspace       used 81663K, capacity 83525K, committed 83788K, reserved 1122304K
  class space    used 10586K, capacity 11247K, committed 11340K, reserved 1048576K
}
Event: 39.302 GC heap before
{Heap before GC invocations=14 (full 0):
 garbage-first heap   total 262144K, used 173715K [0x0000000080000000, 0x0000000100000000)
  region size 1024K, 113 young (115712K), 14 survivors (14336K)
 Metaspace       used 85761K, capacity 87838K, committed 88012K, reserved 1126400K
  class space    used 11072K, capacity 11878K, committed 11980K, reserved 1048576K
}
Event: 39.319 GC heap after
{Heap after GC invocations=15 (full 0):
 garbage-first heap   total 262144K, used 83180K [0x0000000080000000, 0x0000000100000000)
  region size 1024K, 15 young (15360K), 15 survivors (15360K)
 Metaspace       used 85761K, capacity 87838K, committed 88012K, reserved 1126400K
  class space    used 11072K, capacity 11878K, committed 11980K, reserved 1048576K
}
Event: 41.634 GC heap before
{Heap before GC invocations=15 (full 0):
 garbage-first heap   total 262144K, used 195820K [0x0000000080000000, 0x0000000100000000)
  region size 1024K, 111 young (113664K), 15 survivors (15360K)
 Metaspace       used 91870K, capacity 94129K, committed 94284K, reserved 1130496K
  class space    used 11759K, capacity 12579K, committed 12620K, reserved 1048576K
}
Event: 41.653 GC heap after
{Heap after GC invocations=16 (full 0):
 garbage-first heap   total 262144K, used 96411K [0x0000000080000000, 0x0000000100000000)
  region size 1024K, 13 young (13312K), 13 survivors (13312K)
 Metaspace       used 91870K, capacity 94129K, committed 94284K, reserved 1130496K
  class space    used 11759K, capacity 12579K, committed 12620K, reserved 1048576K
}
Event: 45.396 GC heap before
{Heap before GC invocations=16 (full 0):
 garbage-first heap   total 262144K, used 188571K [0x0000000080000000, 0x0000000100000000)
  region size 1024K, 104 young (106496K), 13 survivors (13312K)
 Metaspace       used 95891K, capacity 98176K, committed 98380K, reserved 1134592K
  class space    used 12251K, capacity 13059K, committed 13132K, reserved 1048576K
}
Event: 45.407 GC heap after
{Heap after GC invocations=17 (full 0):
 garbage-first heap   total 262144K, used 101619K [0x0000000080000000, 0x0000000100000000)
  region size 1024K, 6 young (6144K), 6 survivors (6144K)
 Metaspace       used 95891K, capacity 98176K, committed 98380K, reserved 1134592K
  class space    used 12251K, capacity 13059K, committed 13132K, reserved 1048576K
}
Event: 50.108 GC heap before
{Heap before GC invocations=17 (full 0):
 garbage-first heap   total 262144K, used 194803K [0x0000000080000000, 0x0000000100000000)
  region size 1024K, 98 young (100352K), 6 survivors (6144K)
 Metaspace       used 99387K, capacity 101685K, committed 101836K, reserved 1138688K
  class space    used 12659K, capacity 13499K, committed 13516K, reserved 1048576K
}
Event: 50.118 GC heap after
{Heap after GC invocations=18 (full 0):
 garbage-first heap   total 262144K, used 107323K [0x0000000080000000, 0x0000000100000000)
  region size 1024K, 12 young (12288K), 12 survivors (12288K)
 Metaspace       used 99387K, capacity 101685K, committed 101836K, reserved 1138688K
  class space    used 12659K, capacity 13499K, committed 13516K, reserved 1048576K
}
Event: 74.696 GC heap before
{Heap before GC invocations=18 (full 0):
 garbage-first heap   total 262144K, used 201531K [0x0000000080000000, 0x0000000100000000)
  region size 1024K, 103 young (105472K), 12 survivors (12288K)
 Metaspace       used 102551K, capacity 105122K, committed 105164K, reserved 1140736K
  class space    used 13069K, capacity 14012K, committed 14028K, reserved 1048576K
}
Event: 74.709 GC heap after
{Heap after GC invocations=19 (full 0):
 garbage-first heap   total 262144K, used 116294K [0x0000000080000000, 0x0000000100000000)
  region size 1024K, 13 young (13312K), 13 survivors (13312K)
 Metaspace       used 102551K, capacity 105122K, committed 105164K, reserved 1140736K
  class space    used 13069K, capacity 14012K, committed 14028K, reserved 1048576K
}
Event: 75.520 GC heap before
{Heap before GC invocations=19 (full 0):
 garbage-first heap   total 262144K, used 171590K [0x0000000080000000, 0x0000000100000000)
  region size 1024K, 61 young (62464K), 13 survivors (13312K)
 Metaspace       used 109623K, capacity 112358K, committed 112460K, reserved 1146880K
  class space    used 13829K, capacity 14855K, committed 14924K, reserved 1048576K
}
Event: 75.531 GC heap after
{Heap after GC invocations=20 (full 0):
 garbage-first heap   total 262144K, used 121437K [0x0000000080000000, 0x0000000100000000)
  region size 1024K, 5 young (5120K), 5 survivors (5120K)
 Metaspace       used 109623K, capacity 112358K, committed 112460K, reserved 1146880K
  class space    used 13829K, capacity 14855K, committed 14924K, reserved 1048576K
}

Deoptimization events (20 events):
Event: 75.585 Thread 0x0000027b70b98800 Uncommon trap: trap_request=0xffffff4d fr.pc=0x0000027b5b53e0c8 relative=0x00000000000000a8
Event: 75.585 Thread 0x0000027b70b98800 Uncommon trap: reason=unstable_if action=reinterpret pc=0x0000027b5b53e0c8 method=java.lang.CharacterDataLatin1.digit(II)I @ 12 c2
Event: 75.585 Thread 0x0000027b70b98800 DEOPT PACKING pc=0x0000027b5b53e0c8 sp=0x000000e80a9fccc0
Event: 75.585 Thread 0x0000027b70b98800 DEOPT UNPACKING pc=0x0000027b5373782f sp=0x000000e80a9fcb78 mode 2
Event: 75.595 Thread 0x0000027b70b98800 Uncommon trap: trap_request=0xffffff4d fr.pc=0x0000027b5b9d6438 relative=0x0000000000000098
Event: 75.595 Thread 0x0000027b70b98800 Uncommon trap: reason=unstable_if action=reinterpret pc=0x0000027b5b9d6438 method=java.lang.CharacterDataLatin1.digit(II)I @ 7 c2
Event: 75.595 Thread 0x0000027b70b98800 DEOPT PACKING pc=0x0000027b5b9d6438 sp=0x000000e80a9fcb40
Event: 75.595 Thread 0x0000027b70b98800 DEOPT UNPACKING pc=0x0000027b5373782f sp=0x000000e80a9fcac0 mode 2
Event: 75.637 Thread 0x0000027b70b98800 Uncommon trap: trap_request=0xffffffbe fr.pc=0x0000027b5b35e2dc relative=0x00000000000009dc
Event: 75.637 Thread 0x0000027b70b98800 Uncommon trap: reason=profile_predicate action=maybe_recompile pc=0x0000027b5b35e2dc method=jdk.internal.jimage.ImageStringsReader.charsFromByteBuffer([CLjava/nio/ByteBuffer;)V @ 6 c2
Event: 75.637 Thread 0x0000027b70b98800 DEOPT PACKING pc=0x0000027b5b35e2dc sp=0x000000e80a9fc070
Event: 75.637 Thread 0x0000027b70b98800 DEOPT UNPACKING pc=0x0000027b5373782f sp=0x000000e80a9fbe78 mode 2
Event: 75.684 Thread 0x0000027b70b98800 Uncommon trap: trap_request=0xffffff4d fr.pc=0x0000027b5b347cdc relative=0x000000000000013c
Event: 75.684 Thread 0x0000027b70b98800 Uncommon trap: reason=unstable_if action=reinterpret pc=0x0000027b5b347cdc method=java.util.Arrays.hashCode([B)I @ 1 c2
Event: 75.684 Thread 0x0000027b70b98800 DEOPT PACKING pc=0x0000027b5b347cdc sp=0x000000e80a9fc650
Event: 75.684 Thread 0x0000027b70b98800 DEOPT UNPACKING pc=0x0000027b5373782f sp=0x000000e80a9fc5c0 mode 2
Event: 75.703 Thread 0x0000027b70b98800 Uncommon trap: trap_request=0xffffff4d fr.pc=0x0000027b5b82ca84 relative=0x00000000000001c4
Event: 75.703 Thread 0x0000027b70b98800 Uncommon trap: reason=unstable_if action=reinterpret pc=0x0000027b5b82ca84 method=java.lang.CharacterDataLatin1.isJavaIdentifierPart(I)Z @ 11 c2
Event: 75.703 Thread 0x0000027b70b98800 DEOPT PACKING pc=0x0000027b5b82ca84 sp=0x000000e80a9fc670
Event: 75.703 Thread 0x0000027b70b98800 DEOPT UNPACKING pc=0x0000027b5373782f sp=0x000000e80a9fc528 mode 2

Classes redefined (0 events):
No events

Internal exceptions (20 events):
Event: 59.405 Thread 0x0000027b70b99800 Exception <a 'java/lang/NoSuchMethodError'{0x000000008df5abe0}: 'java.lang.Object java.lang.invoke.DirectMethodHandle$Holder.invokeStatic(java.lang.Object, java.lang.Object, int, java.lang.Object, long)'> (0x000000008df5abe0) thrown at [./src/hotspot/share/interpreter/linkResolver.cpp, line 773]
Event: 59.424 Thread 0x0000027b70b95000 Exception <a 'java/lang/NoSuchMethodError'{0x000000008df8ef20}: <clinit>> (0x000000008df8ef20) thrown at [./src/hotspot/share/prims/jni.cpp, line 1362]
Event: 59.425 Thread 0x0000027b70b95000 Exception <a 'java/lang/NoSuchMethodError'{0x000000008dfa0d18}: <clinit>> (0x000000008dfa0d18) thrown at [./src/hotspot/share/prims/jni.cpp, line 1362]
Event: 59.426 Thread 0x0000027b70b95000 Exception <a 'java/lang/NoSuchMethodError'{0x000000008dfb2ae8}: <clinit>> (0x000000008dfb2ae8) thrown at [./src/hotspot/share/prims/jni.cpp, line 1362]
Event: 59.434 Thread 0x0000027b70b95000 Exception <a 'java/lang/NoSuchMethodError'{0x000000008dfd7ce8}: <clinit>> (0x000000008dfd7ce8) thrown at [./src/hotspot/share/prims/jni.cpp, line 1362]
Event: 59.459 Thread 0x0000027b70b95000 Exception <a 'java/lang/NoSuchMethodError'{0x000000008dd8afb8}: <clinit>> (0x000000008dd8afb8) thrown at [./src/hotspot/share/prims/jni.cpp, line 1362]
Event: 59.544 Thread 0x0000027b728a2800 Exception <a 'java/lang/NoSuchMethodError'{0x000000008db43390}: 'java.lang.Object java.lang.invoke.DirectMethodHandle$Holder.invokeStatic(java.lang.Object, java.lang.Object, java.lang.Object, java.lang.Object, java.lang.Object, java.lang.Object, java.lang.Object, java.lang.Object, java.lang.Object, java.lang.Object, java.lang.Object, java.lang.Object, java.lang.Object, int)'> (0x000000008db43390) thrown at [./src/hotspot/share/interpreter/linkResolver.cpp, line 773]
Event: 59.545 Thread 0x0000027b728a2800 Exception <a 'java/lang/NoSuchMethodError'{0x000000008db4fe18}: 'java.lang.Object java.lang.invoke.DirectMethodHandle$Holder.invokeStatic(java.lang.Object, java.lang.Object, java.lang.Object, java.lang.Object, java.lang.Object, java.lang.Object, java.lang.Object, java.lang.Object, java.lang.Object, java.lang.Object, java.lang.Object, java.lang.Object, java.lang.Object, int, int)'> (0x000000008db4fe18) thrown at [./src/hotspot/share/interpreter/linkResolver.cpp, line 773]
Event: 74.472 Thread 0x0000027b6e7ef000 Exception <a 'java/lang/NoSuchMethodError'{0x000000008b55a698}: <clinit>> (0x000000008b55a698) thrown at [./src/hotspot/share/prims/jni.cpp, line 1362]
Event: 74.913 Thread 0x0000027b70b95000 Exception <a 'java/lang/NoSuchMethodError'{0x000000008f2bfe68}: <clinit>> (0x000000008f2bfe68) thrown at [./src/hotspot/share/prims/jni.cpp, line 1362]
Event: 75.022 Thread 0x0000027b70b98800 Exception <a 'java/lang/NoSuchMethodError'{0x000000008eb55150}: <clinit>> (0x000000008eb55150) thrown at [./src/hotspot/share/prims/jni.cpp, line 1362]
Event: 75.024 Thread 0x0000027b70b98800 Exception <a 'java/lang/NoSuchMethodError'{0x000000008eb64c80}: <clinit>> (0x000000008eb64c80) thrown at [./src/hotspot/share/prims/jni.cpp, line 1362]
Event: 75.049 Thread 0x0000027b70b98800 Exception <a 'java/lang/NoSuchMethodError'{0x000000008ea2d128}: <clinit>> (0x000000008ea2d128) thrown at [./src/hotspot/share/prims/jni.cpp, line 1362]
Event: 75.251 Thread 0x0000027b70b98800 Exception <a 'sun/nio/fs/WindowsException'{0x000000008e3de4f8}> (0x000000008e3de4f8) thrown at [./src/hotspot/share/prims/jni.cpp, line 615]
Event: 75.252 Thread 0x0000027b70b98800 Exception <a 'sun/nio/fs/WindowsException'{0x000000008e3e0460}> (0x000000008e3e0460) thrown at [./src/hotspot/share/prims/jni.cpp, line 615]
Event: 75.253 Thread 0x0000027b70b98800 Exception <a 'sun/nio/fs/WindowsException'{0x000000008e3e27f8}> (0x000000008e3e27f8) thrown at [./src/hotspot/share/prims/jni.cpp, line 615]
Event: 75.438 Thread 0x0000027b70b98800 Exception <a 'sun/nio/fs/WindowsException'{0x000000008d6711e8}> (0x000000008d6711e8) thrown at [./src/hotspot/share/prims/jni.cpp, line 615]
Event: 75.438 Thread 0x0000027b70b98800 Exception <a 'sun/nio/fs/WindowsException'{0x000000008d671268}> (0x000000008d671268) thrown at [./src/hotspot/share/prims/jni.cpp, line 615]
Event: 75.534 Thread 0x0000027b70b98800 Implicit null exception at 0x0000027b5b3734a2 to 0x0000027b5b375ab8
Event: 75.684 Thread 0x0000027b70b98800 Implicit null exception at 0x0000027b5b347bac to 0x0000027b5b347cce

Events (20 events):
Event: 75.634 loading class com/sun/tools/javac/code/DeferredCompletionFailureHandler$FlipSymbolDescription done
Event: 75.634 loading class com/sun/tools/javac/code/DeferredCompletionFailureHandler$FlipSymbolDescription
Event: 75.634 loading class com/sun/tools/javac/code/DeferredCompletionFailureHandler$FlipSymbolDescription done
Event: 75.635 loading class com/sun/tools/javac/code/Symbol$PackageSymbol
Event: 75.635 loading class com/sun/tools/javac/code/Symbol$PackageSymbol done
Event: 75.638 loading class jdk/internal/jimage/ImageReader$LinkNode
Event: 75.638 loading class jdk/internal/jimage/ImageReader$LinkNode done
Event: 75.638 Executing VM operation: Deoptimize
Event: 75.639 Executing VM operation: Deoptimize done
Event: 75.649 Executing VM operation: CGC_Operation
Event: 75.660 Executing VM operation: CGC_Operation done
Event: 75.675 loading class com/sun/tools/javac/resources/spi/ctProvider
Event: 75.675 loading class com/sun/tools/javac/resources/spi/ctProvider done
Event: 75.681 loading class com/sun/tools/javac/code/Symbol$PackageSymbol
Event: 75.681 loading class com/sun/tools/javac/code/Symbol$PackageSymbol done
Event: 75.681 loading class com/sun/tools/javac/code/ClassFinder
Event: 75.681 loading class com/sun/tools/javac/code/ClassFinder done
Event: 75.694 Thread 0x0000027b728a5000 Thread added: 0x0000027b728a5000
Event: 75.726 Executing VM operation: CGC_Operation
Event: 75.726 Executing VM operation: CGC_Operation done


Dynamic libraries:
0x00007ff6cd520000 - 0x00007ff6cd52a000 	C:\Program Files\Android\Android Studio\jre\bin\java.exe
0x00007ffca6f90000 - 0x00007ffca7185000 	C:\Windows\SYSTEM32\ntdll.dll
0x00007ffca5040000 - 0x00007ffca50fe000 	C:\Windows\System32\KERNEL32.DLL
0x00007ffca4880000 - 0x00007ffca4b48000 	C:\Windows\System32\KERNELBASE.dll
0x00007ffca4c90000 - 0x00007ffca4d90000 	C:\Windows\System32\ucrtbase.dll
0x00007ffc9f640000 - 0x00007ffc9f657000 	C:\Program Files\Android\Android Studio\jre\bin\VCRUNTIME140.dll
0x00007ffc89ef0000 - 0x00007ffc89f09000 	C:\Program Files\Android\Android Studio\jre\bin\jli.dll
0x00007ffca5900000 - 0x00007ffca5aa1000 	C:\Windows\System32\USER32.dll
0x00007ffca3a40000 - 0x00007ffca3cda000 	C:\Windows\WinSxS\amd64_microsoft.windows.common-controls_6595b64144ccf1df_6.0.19041.1110_none_60b5254171f9507e\COMCTL32.dll
0x00007ffca4b50000 - 0x00007ffca4b72000 	C:\Windows\System32\win32u.dll
0x00007ffca6790000 - 0x00007ffca682e000 	C:\Windows\System32\msvcrt.dll
0x00007ffca6a70000 - 0x00007ffca6a9b000 	C:\Windows\System32\GDI32.dll
0x00007ffca4b80000 - 0x00007ffca4c8d000 	C:\Windows\System32\gdi32full.dll
0x00007ffca46d0000 - 0x00007ffca476d000 	C:\Windows\System32\msvcp_win.dll
0x00007ffca6e00000 - 0x00007ffca6e30000 	C:\Windows\System32\IMM32.DLL
0x00007ffc72d90000 - 0x00007ffc72e2d000 	C:\Program Files\Android\Android Studio\jre\bin\msvcp140.dll
0x00007ffc5b640000 - 0x00007ffc5c10f000 	C:\Program Files\Android\Android Studio\jre\bin\server\jvm.dll
0x00007ffca6200000 - 0x00007ffca62ac000 	C:\Windows\System32\ADVAPI32.dll
0x00007ffca4fa0000 - 0x00007ffca503b000 	C:\Windows\System32\sechost.dll
0x00007ffca57d0000 - 0x00007ffca58fa000 	C:\Windows\System32\RPCRT4.dll
0x00007ffca5400000 - 0x00007ffca5408000 	C:\Windows\System32\PSAPI.DLL
0x00007ffc96b20000 - 0x00007ffc96b47000 	C:\Windows\SYSTEM32\WINMM.dll
0x00007ffca1400000 - 0x00007ffca140a000 	C:\Windows\SYSTEM32\VERSION.dll
0x00007ffc696c0000 - 0x00007ffc696c9000 	C:\Windows\SYSTEM32\WSOCK32.dll
0x00007ffca5410000 - 0x00007ffca547b000 	C:\Windows\System32\WS2_32.dll
0x00007ffca18a0000 - 0x00007ffca18b2000 	C:\Windows\SYSTEM32\kernel.appcore.dll
0x00007ffc5b620000 - 0x00007ffc5b631000 	C:\Program Files\Android\Android Studio\jre\bin\verify.dll
0x00007ffca4090000 - 0x00007ffca4274000 	C:\Windows\SYSTEM32\DBGHELP.DLL
0x00007ffca3e40000 - 0x00007ffca3e6c000 	C:\Windows\SYSTEM32\dbgcore.DLL
0x00007ffca47c0000 - 0x00007ffca4842000 	C:\Windows\System32\bcryptPrimitives.dll
0x00007ffc5b5f0000 - 0x00007ffc5b619000 	C:\Program Files\Android\Android Studio\jre\bin\java.dll
0x00007ffc626b0000 - 0x00007ffc626bb000 	C:\Program Files\Android\Android Studio\jre\bin\jimage.dll
0x00007ffc5b5d0000 - 0x00007ffc5b5e8000 	C:\Program Files\Android\Android Studio\jre\bin\zip.dll
0x00007ffca5ab0000 - 0x00007ffca61f4000 	C:\Windows\System32\SHELL32.dll
0x00007ffca1aa0000 - 0x00007ffca2234000 	C:\Windows\SYSTEM32\windows.storage.dll
0x00007ffca6aa0000 - 0x00007ffca6df5000 	C:\Windows\System32\combase.dll
0x00007ffca39d0000 - 0x00007ffca39fe000 	C:\Windows\SYSTEM32\Wldp.dll
0x00007ffca69c0000 - 0x00007ffca6a6d000 	C:\Windows\System32\SHCORE.dll
0x00007ffca5250000 - 0x00007ffca52a5000 	C:\Windows\System32\shlwapi.dll
0x00007ffca45b0000 - 0x00007ffca45cf000 	C:\Windows\SYSTEM32\profapi.dll
0x00007ffc5b5b0000 - 0x00007ffc5b5ca000 	C:\Program Files\Android\Android Studio\jre\bin\net.dll
0x00007ffc99e90000 - 0x00007ffc99f9c000 	C:\Windows\SYSTEM32\WINHTTP.dll
0x00007ffca3920000 - 0x00007ffca398a000 	C:\Windows\system32\mswsock.dll
0x00007ffc5b590000 - 0x00007ffc5b5a4000 	C:\Program Files\Android\Android Studio\jre\bin\nio.dll
0x00007ffc89fc0000 - 0x00007ffc89fe7000 	C:\Users\q2ve\.gradle\native\8bec1ad78214c89d9ad589b4d07fe93259594b29d510b10fafb7a158f7737e5d\windows-amd64\native-platform.dll
0x00007ffc7ead0000 - 0x00007ffc7ec0d000 	C:\Users\q2ve\.gradle\native\53dbd7edfb1c66fb8903c78663c9afc45aea4f116125fa6feffd364cf09443e8\windows-amd64\native-platform-file-events.dll
0x00007ffc608b0000 - 0x00007ffc608ba000 	C:\Program Files\Android\Android Studio\jre\bin\management.dll
0x00007ffc60860000 - 0x00007ffc6086c000 	C:\Program Files\Android\Android Studio\jre\bin\management_ext.dll
0x00007ffca43f0000 - 0x00007ffca4408000 	C:\Windows\SYSTEM32\CRYPTSP.dll
0x00007ffca30d0000 - 0x00007ffca3104000 	C:\Windows\system32\rsaenh.dll
0x00007ffca4850000 - 0x00007ffca4877000 	C:\Windows\System32\bcrypt.dll
0x00007ffca4530000 - 0x00007ffca455e000 	C:\Windows\SYSTEM32\USERENV.dll
0x00007ffca3810000 - 0x00007ffca381c000 	C:\Windows\SYSTEM32\CRYPTBASE.dll
0x00007ffca38a0000 - 0x00007ffca38db000 	C:\Windows\SYSTEM32\IPHLPAPI.DLL
0x00007ffca57c0000 - 0x00007ffca57c8000 	C:\Windows\System32\NSI.dll
0x00007ffc9d490000 - 0x00007ffc9d4a7000 	C:\Windows\SYSTEM32\dhcpcsvc6.DLL
0x00007ffc9d470000 - 0x00007ffc9d48d000 	C:\Windows\SYSTEM32\dhcpcsvc.DLL
0x00007ffca3420000 - 0x00007ffca34eb000 	C:\Windows\SYSTEM32\DNSAPI.dll
0x00007ffc7e730000 - 0x00007ffc7e74e000 	C:\Users\q2ve\AppData\Local\Temp\native-platform8233383607173378195dir\native-platform.dll
0x00007ffc89fb0000 - 0x00007ffc89fb8000 	C:\Program Files\Android\Android Studio\jre\bin\rmi.dll

dbghelp: loaded successfully - version: 4.0.5 - missing functions: none
symbol engine: initialized successfully - sym options: 0x614 - pdb path: .;C:\Program Files\Android\Android Studio\jre\bin;C:\Windows\SYSTEM32;C:\Windows\WinSxS\amd64_microsoft.windows.common-controls_6595b64144ccf1df_6.0.19041.1110_none_60b5254171f9507e;C:\Program Files\Android\Android Studio\jre\bin\server;C:\Users\q2ve\.gradle\native\8bec1ad78214c89d9ad589b4d07fe93259594b29d510b10fafb7a158f7737e5d\windows-amd64;C:\Users\q2ve\.gradle\native\53dbd7edfb1c66fb8903c78663c9afc45aea4f116125fa6feffd364cf09443e8\windows-amd64;C:\Users\q2ve\AppData\Local\Temp\native-platform8233383607173378195dir

VM Arguments:
jvm_args: --add-opens=java.base/java.util=ALL-UNNAMED --add-opens=java.base/java.lang=ALL-UNNAMED --add-opens=java.base/java.lang.invoke=ALL-UNNAMED --add-opens=java.base/java.util=ALL-UNNAMED --add-opens=java.prefs/java.util.prefs=ALL-UNNAMED --add-opens=java.prefs/java.util.prefs=ALL-UNNAMED --add-opens=java.base/java.nio.charset=ALL-UNNAMED --add-opens=java.base/java.net=ALL-UNNAMED --add-opens=java.base/java.util.concurrent.atomic=ALL-UNNAMED -Xmx2048m -Dfile.encoding=UTF-8 -Duser.country=RU -Duser.language=ru -Duser.variant 
java_command: org.gradle.launcher.daemon.bootstrap.GradleDaemon 7.0.2
java_class_path (initial): C:\Users\q2ve\.gradle\wrapper\dists\gradle-7.0.2-bin\857tjihv64xamwrf0h14cai3r\gradle-7.0.2\lib\gradle-launcher-7.0.2.jar
Launcher Type: SUN_STANDARD

[Global flags]
     intx CICompilerCount                          = 4                                         {product} {ergonomic}
     uint ConcGCThreads                            = 2                                         {product} {ergonomic}
     uint G1ConcRefinementThreads                  = 8                                         {product} {ergonomic}
   size_t G1HeapRegionSize                         = 1048576                                   {product} {ergonomic}
    uintx GCDrainStackTargetSize                   = 64                                        {product} {ergonomic}
   size_t InitialHeapSize                          = 268435456                                 {product} {ergonomic}
   size_t MarkStackSize                            = 4194304                                   {product} {ergonomic}
   size_t MaxHeapSize                              = 2147483648                                {product} {command line}
   size_t MaxNewSize                               = 1287651328                                {product} {ergonomic}
   size_t MinHeapDeltaBytes                        = 1048576                                   {product} {ergonomic}
    uintx NonNMethodCodeHeapSize                   = 5836300                                {pd product} {ergonomic}
    uintx NonProfiledCodeHeapSize                  = 122910970                              {pd product} {ergonomic}
    uintx ProfiledCodeHeapSize                     = 122910970                              {pd product} {ergonomic}
    uintx ReservedCodeCacheSize                    = 251658240                              {pd product} {ergonomic}
     bool SegmentedCodeCache                       = true                                      {product} {ergonomic}
     bool UseCompressedClassPointers               = true                                 {lp64_product} {ergonomic}
     bool UseCompressedOops                        = true                                 {lp64_product} {ergonomic}
     bool UseG1GC                                  = true                                      {product} {ergonomic}
     bool UseLargePagesIndividualAllocation        = false                                  {pd product} {ergonomic}

Logging:
Log output configuration:
 #0: stdout all=warning uptime,level,tags
 #1: stderr all=off uptime,level,tags

Environment Variables:
PATH=C:\Windows\system32;C:\Windows;C:\Windows\System32\Wbem;C:\Windows\System32\WindowsPowerShell\v1.0\;C:\Windows\System32\OpenSSH\;C:\Program Files (x86)\NVIDIA Corporation\PhysX\Common;C:\Program Files\Git\cmd;C:\Program Files\dotnet\;C:\Users\q2ve\AppData\Local\Microsoft\WindowsApps;C:\Program Files\Python;
USERNAME=q2ve
OS=Windows_NT
PROCESSOR_IDENTIFIER=Intel64 Family 6 Model 42 Stepping 7, GenuineIntel



---------------  S Y S T E M  ---------------

OS: Windows 10 , 64 bit Build 19041 (10.0.19041.1348)
OS uptime: 0 days 0:31 hours

CPU:total 8 (initial active 8) (4 cores per cpu, 2 threads per core) family 6 model 42 stepping 7 microcode 0x2f, cmov, cx8, fxsr, mmx, sse, sse2, sse3, ssse3, sse4.1, sse4.2, popcnt, avx, aes, clmul, ht, tsc, tscinvbit

Memory: 4k page, system-wide physical 16345M (4619M free)
TotalPageFile size 25664M (AvailPageFile size 4541M)
current process WorkingSet (physical memory assigned to process): 577M, peak: 579M
current process commit charge ("private bytes"): 613M, peak: 616M

vm_info: OpenJDK 64-Bit Server VM (11.0.10+0-b96-7249189) for windows-amd64 JRE (11.0.10+0-b96-7249189), built on Mar 31 2021 21:44:00 by "builder" with MS VC++ 14.0 (VS2015)

END.
