#
# A fatal error has been detected by the Java Runtime Environment:
#
#  EXCEPTION_ACCESS_VIOLATION (0xc0000005) at pc=0x00007ffd2d5a8ed0, pid=2136, tid=3068
#
# JRE version: OpenJDK Runtime Environment (11.0.11+9) (build 11.0.11+9-b60-7590822)
# Java VM: OpenJDK 64-Bit Server VM (11.0.11+9-b60-7590822, mixed mode, tiered, compressed oops, g1 gc, windows-amd64)
# Problematic frame:
# V  [jvm.dll+0x358ed0]
#
# No core dump will be written. Minidumps are not enabled by default on client versions of Windows
#
# If you would like to submit a bug report, please visit:
#   https://bugreport.java.com/bugreport/crash.jsp
#

---------------  S U M M A R Y ------------

Command Line: --add-opens=java.base/java.util=ALL-UNNAMED --add-opens=java.base/java.lang=ALL-UNNAMED --add-opens=java.base/java.lang.invoke=ALL-UNNAMED --add-opens=java.base/java.util=ALL-UNNAMED --add-opens=java.prefs/java.util.prefs=ALL-UNNAMED --add-opens=java.prefs/java.util.prefs=ALL-UNNAMED --add-opens=java.base/java.nio.charset=ALL-UNNAMED --add-opens=java.base/java.net=ALL-UNNAMED --add-opens=java.base/java.util.concurrent.atomic=ALL-UNNAMED -Xmx2048m -Dfile.encoding=UTF-8 -Duser.country=RU -Duser.language=ru -Duser.variant org.gradle.launcher.daemon.bootstrap.GradleDaemon 7.2

Host: Intel(R) Core(TM) i7-2600K CPU @ 3.40GHz, 8 cores, 15G,  Windows 10 , 64 bit Build 19041 (10.0.19041.1566)
Time: Sun Mar 20 16:12:20 2022 RTZ 2 (зима) elapsed time: 28.776678 seconds (0d 0h 0m 28s)

---------------  T H R E A D  ---------------

Current thread (0x000002992146b800):  JavaThread "C2 CompilerThread1" daemon [_thread_in_native, id=3068, stack(0x000000c1c8e00000,0x000000c1c8f00000)]


Current CompileTask:
C2:  28776 13293   !   4       com.sun.tools.javac.parser.JavaTokenizer::readToken (2179 bytes)

Stack: [0x000000c1c8e00000,0x000000c1c8f00000],  sp=0x000000c1c8efbf80,  free space=1007k
Native frames: (J=compiled Java code, j=interpreted, Vv=VM code, C=native code)
V  [jvm.dll+0x358ed0]
V  [jvm.dll+0x352360]
V  [jvm.dll+0x198999]
V  [jvm.dll+0x1fc2ee]
V  [jvm.dll+0x1fb3d4]
V  [jvm.dll+0x183d6c]
V  [jvm.dll+0x209a57]
V  [jvm.dll+0x2082a1]
V  [jvm.dll+0x6ef58f]
V  [jvm.dll+0x6e80b5]
V  [jvm.dll+0x5f1036]
C  [ucrtbase.dll+0x21bb2]
C  [KERNEL32.DLL+0x17034]
C  [ntdll.dll+0x52651]


siginfo: EXCEPTION_ACCESS_VIOLATION (0xc0000005), reading address 0x00007f7d2dc4cf18


Register to memory mapping:

RIP=0x00007ffd2d5a8ed0 jvm.dll
RAX=0x00007f7d2dc4cf18 is an unknown value
RBX=0x0000000000000058 is an unknown value
RCX=0x0000000000000002 is an unknown value
RDX=0x0 is NULL
RSP=0x000000c1c8efbf80 is pointing into the stack for thread: 0x000002992146b800
RBP=0x0000000000000008 is an unknown value
RSI=0x00007ffd2dc4cf18 jvm.dll
RDI=0x000002991f423460 points into unknown readable memory: 0x00000299213aa5f0 | f0 a5 3a 21 99 02 00 00
R8 =0x0000000000000100 is an unknown value
R9 =0x000000c1c8efbfd0 is pointing into the stack for thread: 0x000002992146b800
R10=0x000000000000000b is an unknown value
R11=0x000000c1c8efbee0 is pointing into the stack for thread: 0x000002992146b800
R12=0x00007ffd2d250000 jvm.dll
R13=0x0000000000000008 is an unknown value
R14=0x0000000000000008 is an unknown value
R15=0x00007ffd2dc4cf18 jvm.dll


Registers:
RAX=0x00007f7d2dc4cf18, RBX=0x0000000000000058, RCX=0x0000000000000002, RDX=0x0000000000000000
RSP=0x000000c1c8efbf80, RBP=0x0000000000000008, RSI=0x00007ffd2dc4cf18, RDI=0x000002991f423460
R8 =0x0000000000000100, R9 =0x000000c1c8efbfd0, R10=0x000000000000000b, R11=0x000000c1c8efbee0
R12=0x00007ffd2d250000, R13=0x0000000000000008, R14=0x0000000000000008, R15=0x00007ffd2dc4cf18
RIP=0x00007ffd2d5a8ed0, EFLAGS=0x0000000000010246

Top of Stack: (sp=0x000000c1c8efbf80)
0x000000c1c8efbf80:   0000000000000000 0000000000000000
0x000000c1c8efbf90:   00000299213aa5f8 0000029924128600
0x000000c1c8efbfa0:   0000000000000f68 00007ffd2d5a2360
0x000000c1c8efbfb0:   000002991f83a970 000000c1c8efc0f0
0x000000c1c8efbfc0:   0000000000000f68 00007ffd2da80cb0
0x000000c1c8efbfd0:   00000afa00000000 0000029900000008
0x000000c1c8efbfe0:   00007f7d2dc4cf18 000000000000000b
0x000000c1c8efbff0:   0000029922081270 000002990000001b
0x000000c1c8efc000:   000002991f867150 000000c1c8efc578
0x000000c1c8efc010:   0000029923b88560 0000000000000000
0x000000c1c8efc020:   000000c1c8efc130 00007ffd2d3e8999
0x000000c1c8efc030:   000000c1c8efc490 000000c1c8efc578
0x000000c1c8efc040:   00000000000003d8 0000029923b88570
0x000000c1c8efc050:   000000000000a400 0000000000000000
0x000000c1c8efc060:   000000c100000006 0000029923b88560
0x000000c1c8efc070:   000002992093c7c0 0000029920941ab0 

Instructions: (pc=0x00007ffd2d5a8ed0)
0x00007ffd2d5a8dd0:   58 4c 8b 64 24 50 48 8b c3 48 83 c4 20 41 5f 5f
0x00007ffd2d5a8de0:   5e 5d 5b c3 cc cc cc cc cc cc cc cc cc cc cc cc
0x00007ffd2d5a8df0:   83 3a 00 4c 8b c2 c7 41 08 08 00 00 00 75 16 33
0x00007ffd2d5a8e00:   d2 c7 41 18 01 00 00 00 89 11 48 8b c1 c7 41 28
0x00007ffd2d5a8e10:   01 00 00 00 c3 33 d2 48 89 11 89 51 18 41 8b 80
0x00007ffd2d5a8e20:   90 00 00 00 89 41 28 48 89 51 10 49 8b 40 08 48
0x00007ffd2d5a8e30:   89 41 20 48 8b c1 4c 89 41 30 c3 cc cc cc cc cc
0x00007ffd2d5a8e40:   48 83 ec 28 8b 51 08 4c 8b c9 83 fa 08 73 18 4c
0x00007ffd2d5a8e50:   8b 41 10 8b c2 41 83 3c 80 00 0f 85 0d 01 00 00
0x00007ffd2d5a8e60:   ff c2 83 fa 08 72 ec 44 8b 51 18 48 89 5c 24 30
0x00007ffd2d5a8e70:   48 89 6c 24 38 48 89 74 24 40 48 89 7c 24 20 44
0x00007ffd2d5a8e80:   3b 51 28 0f 83 b9 00 00 00 8b 0d ed fb 6d 00 48
0x00007ffd2d5a8e90:   8d 35 82 40 6a 00 65 48 8b 04 25 58 00 00 00 bd
0x00007ffd2d5a8ea0:   08 00 00 00 48 8d 3c c8 0f 1f 84 00 00 00 00 00
0x00007ffd2d5a8eb0:   41 8b c2 48 8d 1c c5 00 00 00 00 49 8b 41 20 48
0x00007ffd2d5a8ec0:   8b 04 03 48 3b c6 74 6d 49 89 41 10 33 d2 66 90
0x00007ffd2d5a8ed0:   83 38 00 0f 85 c3 00 00 00 ff c2 48 83 c0 04 83
0x00007ffd2d5a8ee0:   fa 08 72 ec 4d 8b 59 30 4d 85 db 74 48 49 8b 43
0x00007ffd2d5a8ef0:   08 8b d5 48 03 17 4c 8b 04 03 48 8b 02 48 8b 88
0x00007ffd2d5a8f00:   d0 04 00 00 48 8b 81 88 00 00 00 48 8b 88 88 08
0x00007ffd2d5a8f10:   00 00 49 89 08 48 8b 02 48 8b 88 d0 04 00 00 48
0x00007ffd2d5a8f20:   8b 81 88 00 00 00 4c 89 80 88 08 00 00 49 8b 43
0x00007ffd2d5a8f30:   08 48 89 34 03 41 ff c2 45 3b 51 28 0f 82 6e ff
0x00007ffd2d5a8f40:   ff ff 41 8b 41 28 41 89 41 18 33 c0 41 c7 41 08
0x00007ffd2d5a8f50:   08 00 00 00 48 8b 74 24 40 48 8b 6c 24 38 48 8b
0x00007ffd2d5a8f60:   5c 24 30 48 8b 7c 24 20 48 83 c4 28 c3 8b 41 18
0x00007ffd2d5a8f70:   8d 0c c2 8b c2 c1 e1 05 81 e9 00 01 00 00 41 89
0x00007ffd2d5a8f80:   49 04 41 8b 0c 80 8d 42 01 41 89 09 49 8b c9 41
0x00007ffd2d5a8f90:   89 41 08 48 83 c4 28 e9 c4 2b e4 ff 42 8d 04 d2
0x00007ffd2d5a8fa0:   c1 e0 05 41 89 41 04 49 8b 41 10 8b 0c 90 41 8d
0x00007ffd2d5a8fb0:   42 01 41 89 41 18 8d 42 01 41 89 09 49 8b c9 41
0x00007ffd2d5a8fc0:   89 41 08 e8 98 2b e4 ff eb 8a cc cc cc cc cc cc 


Stack slot to memory mapping:
stack at sp + 0 slots: 0x0 is NULL
stack at sp + 1 slots: 0x0 is NULL
stack at sp + 2 slots: 0x00000299213aa5f8 points into unknown readable memory: 0x000002992146b800 | 00 b8 46 21 99 02 00 00
stack at sp + 3 slots: 0x0000029924128600 points into unknown readable memory: 0x4d687361482f6c69 | 69 6c 2f 48 61 73 68 4d
stack at sp + 4 slots: 0x0000000000000f68 is an unknown value
stack at sp + 5 slots: 0x00007ffd2d5a2360 jvm.dll
stack at sp + 6 slots: 0x000002991f83a970 points into unknown readable memory: 0x0000000000000006 | 06 00 00 00 00 00 00 00
stack at sp + 7 slots: 0x000000c1c8efc0f0 is pointing into the stack for thread: 0x000002992146b800


---------------  P R O C E S S  ---------------

Threads class SMR info:
_java_thread_list=0x00000299244c0830, length=145, elements={
0x000002997dc1b000, 0x000002991b3f0800, 0x000002991b3f2000, 0x000002991b414800,
0x000002991b416800, 0x000002991b418000, 0x000002991b468000, 0x000002991b46b000,
0x000002991b47d000, 0x000002991b5d9800, 0x000002991cb42000, 0x000002991b9a3800,
0x000002991dd66800, 0x000002991da66800, 0x000002991d0ae000, 0x000002991d9c9000,
0x000002991d9ca000, 0x000002991d0a2800, 0x000002991d92d800, 0x000002991cf2d800,
0x000002991cf28800, 0x000002991cf29800, 0x000002991cf28000, 0x000002991cf2e800,
0x000002991cf2b000, 0x000002991cf2a800, 0x000002991cf2c000, 0x000002991cf2d000,
0x000002991e05d800, 0x000002991e061800, 0x000002991e060800, 0x000002991e05c800,
0x000002991e05f000, 0x000002991e05e800, 0x000002991e065000, 0x000002991e063000,
0x000002991e065800, 0x000002991e060000, 0x000002991e066800, 0x000002991e06a800,
0x000002991e067800, 0x000002991e068000, 0x000002991e069800, 0x000002991e069000,
0x000002991e440000, 0x000002991e43d800, 0x000002991e43c800, 0x000002991e440800,
0x000002991e442800, 0x000002991e443000, 0x000002991e444000, 0x000002991e43e000,
0x000002991e441800, 0x000002991e43f000, 0x000002991e444800, 0x000002991e447000,
0x000002991e448000, 0x000002991e449000, 0x000002991e449800, 0x000002991e446800,
0x000002991e44a800, 0x000002991e44b000, 0x000002991e445800, 0x000002992090f800,
0x000002992090b800, 0x0000029920912000, 0x000002992090e800, 0x0000029920910800,
0x0000029920911000, 0x000002992090c800, 0x000002992090d000, 0x0000029920913000,
0x0000029920913800, 0x000002992090e000, 0x0000029920917000, 0x0000029920919800,
0x0000029920916000, 0x0000029920917800, 0x0000029920914800, 0x0000029920918800,
0x000002992091a000, 0x0000029920915000, 0x00000299210a1000, 0x000002992109b000,
0x00000299210a1800, 0x00000299210a0000, 0x000002992109c000, 0x000002992109f000,
0x00000299210a2800, 0x000002992109d000, 0x00000299210a3800, 0x000002992109d800,
0x00000299210a4000, 0x000002992109e800, 0x00000299210a5000, 0x00000299210a7800,
0x00000299210a5800, 0x00000299210a8000, 0x00000299210a6800, 0x00000299210aa000,
0x00000299210a9000, 0x000002992201c000, 0x000002992201d000, 0x000002992201f000,
0x0000029922021000, 0x000002992201d800, 0x000002992201e800, 0x0000029922020000,
0x000002992201b000, 0x0000029922027800, 0x0000029922022800, 0x0000029922024000,
0x0000029922025000, 0x0000029922026000, 0x0000029922026800, 0x0000029922021800,
0x0000029922028000, 0x0000029922029000, 0x0000029922023800, 0x000002992202a000,
0x000002991d764800, 0x000002991d766000, 0x000002991d761000, 0x000002991d767800,
0x000002991d762000, 0x000002991d762800, 0x000002991d763800, 0x0000029921462800,
0x0000029921461000, 0x000002992145f800, 0x0000029921460800, 0x0000029921462000,
0x000002992145e000, 0x0000029921464800, 0x0000029921467000, 0x0000029921467800,
0x000002992145d000, 0x000002992145e800, 0x0000029921468800, 0x0000029921469000,
0x0000029921465000, 0x000002992146b000, 0x000002992146b800, 0x0000029921466000,
0x000002991d765000
}

Java Threads: ( => current thread )
  0x000002997dc1b000 JavaThread "main" [_thread_blocked, id=2292, stack(0x000000c1bf100000,0x000000c1bf200000)]
  0x000002991b3f0800 JavaThread "Reference Handler" daemon [_thread_blocked, id=8436, stack(0x000000c1bf800000,0x000000c1bf900000)]
  0x000002991b3f2000 JavaThread "Finalizer" daemon [_thread_blocked, id=3508, stack(0x000000c1bf900000,0x000000c1bfa00000)]
  0x000002991b414800 JavaThread "Signal Dispatcher" daemon [_thread_blocked, id=1012, stack(0x000000c1bfa00000,0x000000c1bfb00000)]
  0x000002991b416800 JavaThread "Attach Listener" daemon [_thread_blocked, id=7396, stack(0x000000c1bfb00000,0x000000c1bfc00000)]
  0x000002991b418000 JavaThread "Service Thread" daemon [_thread_blocked, id=8692, stack(0x000000c1bfc00000,0x000000c1bfd00000)]
  0x000002991b468000 JavaThread "C2 CompilerThread0" daemon [_thread_in_native, id=8232, stack(0x000000c1bfd00000,0x000000c1bfe00000)]
  0x000002991b46b000 JavaThread "C1 CompilerThread0" daemon [_thread_blocked, id=8196, stack(0x000000c1bfe00000,0x000000c1bff00000)]
  0x000002991b47d000 JavaThread "Sweeper thread" daemon [_thread_blocked, id=9160, stack(0x000000c1bff00000,0x000000c1c0000000)]
  0x000002991b5d9800 JavaThread "Common-Cleaner" daemon [_thread_blocked, id=480, stack(0x000000c1c0000000,0x000000c1c0100000)]
  0x000002991cb42000 JavaThread "Daemon health stats" [_thread_blocked, id=13964, stack(0x000000c1c0900000,0x000000c1c0a00000)]
  0x000002991b9a3800 JavaThread "Incoming local TCP Connector on port 53717" [_thread_in_native, id=11428, stack(0x000000c1c0200000,0x000000c1c0300000)]
  0x000002991dd66800 JavaThread "Daemon periodic checks" [_thread_blocked, id=11424, stack(0x000000c1c0300000,0x000000c1c0400000)]
  0x000002991da66800 JavaThread "Daemon" [_thread_blocked, id=2816, stack(0x000000c1c0a00000,0x000000c1c0b00000)]
  0x000002991d0ae000 JavaThread "Handler for socket connection from /127.0.0.1:53717 to /127.0.0.1:53718" [_thread_in_native, id=8876, stack(0x000000c1c0b00000,0x000000c1c0c00000)]
  0x000002991d9c9000 JavaThread "Cancel handler" [_thread_blocked, id=13592, stack(0x000000c1c0c00000,0x000000c1c0d00000)]
  0x000002991d9ca000 JavaThread "Daemon worker" [_thread_blocked, id=2644, stack(0x000000c1c0d00000,0x000000c1c0e00000)]
  0x000002991d0a2800 JavaThread "Asynchronous log dispatcher for DefaultDaemonConnection: socket connection from /127.0.0.1:53717 to /127.0.0.1:53718" [_thread_blocked, id=7720, stack(0x000000c1c0e00000,0x000000c1c0f00000)]
  0x000002991d92d800 JavaThread "Stdin handler" [_thread_blocked, id=13696, stack(0x000000c1c0f00000,0x000000c1c1000000)]
  0x000002991cf2d800 JavaThread "Daemon client event forwarder" [_thread_blocked, id=6472, stack(0x000000c1c1000000,0x000000c1c1100000)]
  0x000002991cf28800 JavaThread "Cache worker for journal cache (C:\Users\q2ve\.gradle\caches\journal-1)" [_thread_blocked, id=1336, stack(0x000000c1c1100000,0x000000c1c1200000)]
  0x000002991cf29800 JavaThread "File lock request listener" [_thread_in_native, id=7384, stack(0x000000c1c1200000,0x000000c1c1300000)]
  0x000002991cf28000 JavaThread "Cache worker for file hash cache (C:\Users\q2ve\.gradle\caches\7.2\fileHashes)" [_thread_blocked, id=8884, stack(0x000000c1c1300000,0x000000c1c1400000)]
  0x000002991cf2e800 JavaThread "Cache worker for file hash cache (C:\MyFiles\YandexDisk\Programming\Android\SchedAppV2\.gradle\7.2\fileHashes)" [_thread_blocked, id=3668, stack(0x000000c1c1700000,0x000000c1c1800000)]
  0x000002991cf2b000 JavaThread "File watcher server" daemon [_thread_in_native, id=13224, stack(0x000000c1c1900000,0x000000c1c1a00000)]
  0x000002991cf2a800 JavaThread "File watcher consumer" daemon [_thread_blocked, id=12568, stack(0x000000c1c1a00000,0x000000c1c1b00000)]
  0x000002991cf2c000 JavaThread "Cache worker for checksums cache (C:\MyFiles\YandexDisk\Programming\Android\SchedAppV2\.gradle\checksums)" [_thread_blocked, id=360, stack(0x000000c1c1b00000,0x000000c1c1c00000)]
  0x000002991cf2d000 JavaThread "Cache worker for cache directory md-supplier (C:\Users\q2ve\.gradle\caches\7.2\md-supplier)" [_thread_blocked, id=10672, stack(0x000000c1c1c00000,0x000000c1c1d00000)]
  0x000002991e05d800 JavaThread "Cache worker for cache directory md-rule (C:\Users\q2ve\.gradle\caches\7.2\md-rule)" [_thread_blocked, id=1412, stack(0x000000c1c1d00000,0x000000c1c1e00000)]
  0x000002991e061800 JavaThread "Cache worker for execution history cache (C:\Users\q2ve\.gradle\caches\7.2\executionHistory)" [_thread_blocked, id=7892, stack(0x000000c1c1e00000,0x000000c1c1f00000)]
  0x000002991e060800 JavaThread "jar transforms" [_thread_blocked, id=808, stack(0x000000c1c2000000,0x000000c1c2100000)]
  0x000002991e05c800 JavaThread "jar transforms Thread 2" [_thread_blocked, id=11192, stack(0x000000c1c2100000,0x000000c1c2200000)]
  0x000002991e05f000 JavaThread "Cache worker for file content cache (C:\Users\q2ve\.gradle\caches\7.2\fileContent)" [_thread_blocked, id=13628, stack(0x000000c1c2200000,0x000000c1c2300000)]
  0x000002991e05e800 JavaThread "Cache worker for dependencies-accessors (C:\MyFiles\YandexDisk\Programming\Android\SchedAppV2\.gradle\7.2\dependencies-accessors)" [_thread_blocked, id=12744, stack(0x000000c1c2300000,0x000000c1c2400000)]
  0x000002991e065000 JavaThread "jar transforms Thread 3" [_thread_blocked, id=7344, stack(0x000000c1c2400000,0x000000c1c2500000)]
  0x000002991e063000 JavaThread "Cache worker for Build Output Cleanup Cache (C:\MyFiles\YandexDisk\Programming\Android\SchedAppV2\.gradle\buildOutputCleanup)" [_thread_blocked, id=13920, stack(0x000000c1c1800000,0x000000c1c1900000)]
  0x000002991e065800 JavaThread "Unconstrained build operations" [_thread_blocked, id=11196, stack(0x000000c1c1f00000,0x000000c1c2000000)]
  0x000002991e060000 JavaThread "Unconstrained build operations Thread 2" [_thread_blocked, id=8888, stack(0x000000c1c2500000,0x000000c1c2600000)]
  0x000002991e066800 JavaThread "Unconstrained build operations Thread 3" [_thread_blocked, id=13656, stack(0x000000c1c2600000,0x000000c1c2700000)]
  0x000002991e06a800 JavaThread "Unconstrained build operations Thread 4" [_thread_blocked, id=13812, stack(0x000000c1c2700000,0x000000c1c2800000)]
  0x000002991e067800 JavaThread "Unconstrained build operations Thread 5" [_thread_blocked, id=14148, stack(0x000000c1c2800000,0x000000c1c2900000)]
  0x000002991e068000 JavaThread "Unconstrained build operations Thread 6" [_thread_blocked, id=14044, stack(0x000000c1c2900000,0x000000c1c2a00000)]
  0x000002991e069800 JavaThread "Unconstrained build operations Thread 7" [_thread_blocked, id=13976, stack(0x000000c1c2a00000,0x000000c1c2b00000)]
  0x000002991e069000 JavaThread "Unconstrained build operations Thread 8" [_thread_blocked, id=6232, stack(0x000000c1c2b00000,0x000000c1c2c00000)]
  0x000002991e440000 JavaThread "Unconstrained build operations Thread 9" [_thread_blocked, id=3388, stack(0x000000c1c2c00000,0x000000c1c2d00000)]
  0x000002991e43d800 JavaThread "Unconstrained build operations Thread 10" [_thread_blocked, id=6468, stack(0x000000c1c2d00000,0x000000c1c2e00000)]
  0x000002991e43c800 JavaThread "Unconstrained build operations Thread 11" [_thread_blocked, id=2024, stack(0x000000c1c2e00000,0x000000c1c2f00000)]
  0x000002991e440800 JavaThread "Unconstrained build operations Thread 12" [_thread_blocked, id=10768, stack(0x000000c1c2f00000,0x000000c1c3000000)]
  0x000002991e442800 JavaThread "Unconstrained build operations Thread 13" [_thread_blocked, id=3016, stack(0x000000c1c3000000,0x000000c1c3100000)]
  0x000002991e443000 JavaThread "Unconstrained build operations Thread 14" [_thread_blocked, id=4928, stack(0x000000c1c3100000,0x000000c1c3200000)]
  0x000002991e444000 JavaThread "Unconstrained build operations Thread 15" [_thread_blocked, id=5620, stack(0x000000c1c3200000,0x000000c1c3300000)]
  0x000002991e43e000 JavaThread "Unconstrained build operations Thread 16" [_thread_blocked, id=4628, stack(0x000000c1c3300000,0x000000c1c3400000)]
  0x000002991e441800 JavaThread "Unconstrained build operations Thread 17" [_thread_blocked, id=6784, stack(0x000000c1c3400000,0x000000c1c3500000)]
  0x000002991e43f000 JavaThread "Unconstrained build operations Thread 18" [_thread_blocked, id=10860, stack(0x000000c1c3500000,0x000000c1c3600000)]
  0x000002991e444800 JavaThread "Unconstrained build operations Thread 19" [_thread_blocked, id=14080, stack(0x000000c1c3600000,0x000000c1c3700000)]
  0x000002991e447000 JavaThread "Unconstrained build operations Thread 20" [_thread_blocked, id=10680, stack(0x000000c1c3700000,0x000000c1c3800000)]
  0x000002991e448000 JavaThread "Unconstrained build operations Thread 21" [_thread_blocked, id=5252, stack(0x000000c1c3800000,0x000000c1c3900000)]
  0x000002991e449000 JavaThread "Unconstrained build operations Thread 22" [_thread_blocked, id=4980, stack(0x000000c1c3900000,0x000000c1c3a00000)]
  0x000002991e449800 JavaThread "Unconstrained build operations Thread 23" [_thread_blocked, id=13784, stack(0x000000c1c3a00000,0x000000c1c3b00000)]
  0x000002991e446800 JavaThread "Unconstrained build operations Thread 24" [_thread_blocked, id=2212, stack(0x000000c1c3b00000,0x000000c1c3c00000)]
  0x000002991e44a800 JavaThread "Unconstrained build operations Thread 25" [_thread_blocked, id=8176, stack(0x000000c1c3c00000,0x000000c1c3d00000)]
  0x000002991e44b000 JavaThread "Unconstrained build operations Thread 26" [_thread_blocked, id=8836, stack(0x000000c1c3d00000,0x000000c1c3e00000)]
  0x000002991e445800 JavaThread "Unconstrained build operations Thread 27" [_thread_blocked, id=8472, stack(0x000000c1c3e00000,0x000000c1c3f00000)]
  0x000002992090f800 JavaThread "Unconstrained build operations Thread 28" [_thread_blocked, id=5316, stack(0x000000c1c3f00000,0x000000c1c4000000)]
  0x000002992090b800 JavaThread "Unconstrained build operations Thread 29" [_thread_blocked, id=2592, stack(0x000000c1c4000000,0x000000c1c4100000)]
  0x0000029920912000 JavaThread "Unconstrained build operations Thread 30" [_thread_blocked, id=6268, stack(0x000000c1c4100000,0x000000c1c4200000)]
  0x000002992090e800 JavaThread "Unconstrained build operations Thread 31" [_thread_blocked, id=10620, stack(0x000000c1c4200000,0x000000c1c4300000)]
  0x0000029920910800 JavaThread "Unconstrained build operations Thread 32" [_thread_blocked, id=10736, stack(0x000000c1c4300000,0x000000c1c4400000)]
  0x0000029920911000 JavaThread "Unconstrained build operations Thread 33" [_thread_blocked, id=11464, stack(0x000000c1c4400000,0x000000c1c4500000)]
  0x000002992090c800 JavaThread "Unconstrained build operations Thread 34" [_thread_blocked, id=13596, stack(0x000000c1c4500000,0x000000c1c4600000)]
  0x000002992090d000 JavaThread "Unconstrained build operations Thread 35" [_thread_blocked, id=10504, stack(0x000000c1c4600000,0x000000c1c4700000)]
  0x0000029920913000 JavaThread "Unconstrained build operations Thread 36" [_thread_blocked, id=4308, stack(0x000000c1c4700000,0x000000c1c4800000)]
  0x0000029920913800 JavaThread "Unconstrained build operations Thread 37" [_thread_blocked, id=7660, stack(0x000000c1c4800000,0x000000c1c4900000)]
  0x000002992090e000 JavaThread "Unconstrained build operations Thread 38" [_thread_blocked, id=5448, stack(0x000000c1c4900000,0x000000c1c4a00000)]
  0x0000029920917000 JavaThread "Unconstrained build operations Thread 39" [_thread_blocked, id=7752, stack(0x000000c1c4a00000,0x000000c1c4b00000)]
  0x0000029920919800 JavaThread "Unconstrained build operations Thread 40" [_thread_blocked, id=14304, stack(0x000000c1c4b00000,0x000000c1c4c00000)]
  0x0000029920916000 JavaThread "Unconstrained build operations Thread 41" [_thread_blocked, id=10220, stack(0x000000c1c4c00000,0x000000c1c4d00000)]
  0x0000029920917800 JavaThread "Unconstrained build operations Thread 42" [_thread_blocked, id=6312, stack(0x000000c1c4d00000,0x000000c1c4e00000)]
  0x0000029920914800 JavaThread "Unconstrained build operations Thread 43" [_thread_blocked, id=9664, stack(0x000000c1c4e00000,0x000000c1c4f00000)]
  0x0000029920918800 JavaThread "Unconstrained build operations Thread 44" [_thread_blocked, id=7488, stack(0x000000c1c4f00000,0x000000c1c5000000)]
  0x000002992091a000 JavaThread "Unconstrained build operations Thread 45" [_thread_blocked, id=1820, stack(0x000000c1c5000000,0x000000c1c5100000)]
  0x0000029920915000 JavaThread "Unconstrained build operations Thread 46" [_thread_blocked, id=7352, stack(0x000000c1c5100000,0x000000c1c5200000)]
  0x00000299210a1000 JavaThread "Unconstrained build operations Thread 47" [_thread_blocked, id=2896, stack(0x000000c1c5200000,0x000000c1c5300000)]
  0x000002992109b000 JavaThread "Unconstrained build operations Thread 48" [_thread_blocked, id=2160, stack(0x000000c1c5300000,0x000000c1c5400000)]
  0x00000299210a1800 JavaThread "Unconstrained build operations Thread 49" [_thread_blocked, id=9676, stack(0x000000c1c5400000,0x000000c1c5500000)]
  0x00000299210a0000 JavaThread "Unconstrained build operations Thread 50" [_thread_blocked, id=7252, stack(0x000000c1c5500000,0x000000c1c5600000)]
  0x000002992109c000 JavaThread "Unconstrained build operations Thread 51" [_thread_blocked, id=3076, stack(0x000000c1c5600000,0x000000c1c5700000)]
  0x000002992109f000 JavaThread "Unconstrained build operations Thread 52" [_thread_blocked, id=2824, stack(0x000000c1c5700000,0x000000c1c5800000)]
  0x00000299210a2800 JavaThread "Unconstrained build operations Thread 53" [_thread_blocked, id=5304, stack(0x000000c1c5800000,0x000000c1c5900000)]
  0x000002992109d000 JavaThread "Unconstrained build operations Thread 54" [_thread_blocked, id=13260, stack(0x000000c1c5900000,0x000000c1c5a00000)]
  0x00000299210a3800 JavaThread "Unconstrained build operations Thread 55" [_thread_blocked, id=5944, stack(0x000000c1c5a00000,0x000000c1c5b00000)]
  0x000002992109d800 JavaThread "Unconstrained build operations Thread 56" [_thread_blocked, id=10904, stack(0x000000c1c5b00000,0x000000c1c5c00000)]
  0x00000299210a4000 JavaThread "Unconstrained build operations Thread 57" [_thread_blocked, id=12564, stack(0x000000c1c5c00000,0x000000c1c5d00000)]
  0x000002992109e800 JavaThread "Unconstrained build operations Thread 58" [_thread_blocked, id=2504, stack(0x000000c1c5d00000,0x000000c1c5e00000)]
  0x00000299210a5000 JavaThread "Unconstrained build operations Thread 59" [_thread_blocked, id=5908, stack(0x000000c1c5e00000,0x000000c1c5f00000)]
  0x00000299210a7800 JavaThread "Unconstrained build operations Thread 60" [_thread_blocked, id=2916, stack(0x000000c1c5f00000,0x000000c1c6000000)]
  0x00000299210a5800 JavaThread "Unconstrained build operations Thread 61" [_thread_blocked, id=8080, stack(0x000000c1c6000000,0x000000c1c6100000)]
  0x00000299210a8000 JavaThread "Unconstrained build operations Thread 62" [_thread_blocked, id=12712, stack(0x000000c1c6100000,0x000000c1c6200000)]
  0x00000299210a6800 JavaThread "Unconstrained build operations Thread 63" [_thread_blocked, id=1316, stack(0x000000c1c6200000,0x000000c1c6300000)]
  0x00000299210aa000 JavaThread "Unconstrained build operations Thread 64" [_thread_blocked, id=5672, stack(0x000000c1c6300000,0x000000c1c6400000)]
  0x00000299210a9000 JavaThread "Unconstrained build operations Thread 65" [_thread_blocked, id=6848, stack(0x000000c1c6400000,0x000000c1c6500000)]
  0x000002992201c000 JavaThread "Unconstrained build operations Thread 66" [_thread_blocked, id=3104, stack(0x000000c1c6500000,0x000000c1c6600000)]
  0x000002992201d000 JavaThread "Unconstrained build operations Thread 67" [_thread_blocked, id=6684, stack(0x000000c1c6600000,0x000000c1c6700000)]
  0x000002992201f000 JavaThread "Unconstrained build operations Thread 68" [_thread_blocked, id=14052, stack(0x000000c1c6700000,0x000000c1c6800000)]
  0x0000029922021000 JavaThread "Unconstrained build operations Thread 69" [_thread_blocked, id=6276, stack(0x000000c1c6800000,0x000000c1c6900000)]
  0x000002992201d800 JavaThread "Unconstrained build operations Thread 70" [_thread_blocked, id=3168, stack(0x000000c1c6900000,0x000000c1c6a00000)]
  0x000002992201e800 JavaThread "Unconstrained build operations Thread 71" [_thread_blocked, id=8812, stack(0x000000c1c6a00000,0x000000c1c6b00000)]
  0x0000029922020000 JavaThread "Unconstrained build operations Thread 72" [_thread_blocked, id=8756, stack(0x000000c1c6b00000,0x000000c1c6c00000)]
  0x000002992201b000 JavaThread "Unconstrained build operations Thread 73" [_thread_blocked, id=10788, stack(0x000000c1c6c00000,0x000000c1c6d00000)]
  0x0000029922027800 JavaThread "Unconstrained build operations Thread 74" [_thread_blocked, id=2776, stack(0x000000c1c6d00000,0x000000c1c6e00000)]
  0x0000029922022800 JavaThread "Unconstrained build operations Thread 75" [_thread_blocked, id=8784, stack(0x000000c1c6e00000,0x000000c1c6f00000)]
  0x0000029922024000 JavaThread "Unconstrained build operations Thread 76" [_thread_blocked, id=956, stack(0x000000c1c6f00000,0x000000c1c7000000)]
  0x0000029922025000 JavaThread "Unconstrained build operations Thread 77" [_thread_blocked, id=9360, stack(0x000000c1c7000000,0x000000c1c7100000)]
  0x0000029922026000 JavaThread "Unconstrained build operations Thread 78" [_thread_blocked, id=7140, stack(0x000000c1c7100000,0x000000c1c7200000)]
  0x0000029922026800 JavaThread "Unconstrained build operations Thread 79" [_thread_blocked, id=5196, stack(0x000000c1c7200000,0x000000c1c7300000)]
  0x0000029922021800 JavaThread "Unconstrained build operations Thread 80" [_thread_blocked, id=7592, stack(0x000000c1c7300000,0x000000c1c7400000)]
  0x0000029922028000 JavaThread "jar transforms Thread 4" [_thread_blocked, id=9748, stack(0x000000c1c7600000,0x000000c1c7700000)]
  0x0000029922029000 JavaThread "jar transforms Thread 5" [_thread_blocked, id=6760, stack(0x000000c1c7700000,0x000000c1c7800000)]
  0x0000029922023800 JavaThread "jar transforms Thread 6" [_thread_blocked, id=7420, stack(0x000000c1c7800000,0x000000c1c7900000)]
  0x000002992202a000 JavaThread "jar transforms Thread 7" [_thread_blocked, id=12864, stack(0x000000c1c7900000,0x000000c1c7a00000)]
  0x000002991d764800 JavaThread "jar transforms Thread 8" [_thread_blocked, id=2392, stack(0x000000c1c7a00000,0x000000c1c7b00000)]
  0x000002991d766000 JavaThread "Memory manager" [_thread_blocked, id=10312, stack(0x000000c1c7b00000,0x000000c1c7c00000)]
  0x000002991d761000 JavaThread "build event listener" [_thread_blocked, id=3792, stack(0x000000c1c7c00000,0x000000c1c7d00000)]
  0x000002991d767800 JavaThread "Execution worker for ':'" [_thread_blocked, id=7232, stack(0x000000c1c7d00000,0x000000c1c7e00000)]
  0x000002991d762000 JavaThread "Execution worker for ':' Thread 2" [_thread_blocked, id=1092, stack(0x000000c1c7e00000,0x000000c1c7f00000)]
  0x000002991d762800 JavaThread "Execution worker for ':' Thread 3" [_thread_blocked, id=1684, stack(0x000000c1c7f00000,0x000000c1c8000000)]
  0x000002991d763800 JavaThread "Execution worker for ':' Thread 4" [_thread_blocked, id=10472, stack(0x000000c1c8000000,0x000000c1c8100000)]
  0x0000029921462800 JavaThread "Execution worker for ':' Thread 5" [_thread_blocked, id=11748, stack(0x000000c1c8100000,0x000000c1c8200000)]
  0x0000029921461000 JavaThread "Execution worker for ':' Thread 6" [_thread_blocked, id=7440, stack(0x000000c1c8200000,0x000000c1c8300000)]
  0x000002992145f800 JavaThread "Execution worker for ':' Thread 7" [_thread_blocked, id=13764, stack(0x000000c1c8300000,0x000000c1c8400000)]
  0x0000029921460800 JavaThread "Cache worker for execution history cache (C:\MyFiles\YandexDisk\Programming\Android\SchedAppV2\.gradle\7.2\executionHistory)" [_thread_blocked, id=2668, stack(0x000000c1c8400000,0x000000c1c8500000)]
  0x0000029921462000 JavaThread "WorkerExecutor Queue Thread 2" [_thread_blocked, id=1868, stack(0x000000c1c8600000,0x000000c1c8700000)]
  0x000002992145e000 JavaThread "WorkerExecutor Queue Thread 3" [_thread_in_native, id=7444, stack(0x000000c1c8700000,0x000000c1c8800000)]
  0x0000029921464800 JavaThread "pool-3-thread-1" [_thread_blocked, id=6492, stack(0x000000c1c8800000,0x000000c1c8900000)]
  0x0000029921467000 JavaThread "stderr" [_thread_in_native, id=13740, stack(0x000000c1c8900000,0x000000c1c8a00000)]
  0x0000029921467800 JavaThread "stdout" [_thread_in_native, id=3028, stack(0x000000c1c8a00000,0x000000c1c8b00000)]
  0x000002992145d000 JavaThread "RMI Scheduler(0)" daemon [_thread_blocked, id=6740, stack(0x000000c1c7400000,0x000000c1c7500000)]
  0x000002992145e800 JavaThread "RMI RenewClean-[127.0.0.1:17304,org.jetbrains.kotlin.daemon.common.LoopbackNetworkInterface$ClientLoopbackSocketFactory@5947aae1]" daemon [_thread_blocked, id=696, stack(0x000000c1c7500000,0x000000c1c7600000)]
  0x0000029921468800 JavaThread "RMI GC Daemon" daemon [_thread_blocked, id=6648, stack(0x000000c1c8500000,0x000000c1c8600000)]
  0x0000029921469000 JavaThread "RMI TCP Accept-0" daemon [_thread_in_native, id=10224, stack(0x000000c1c8b00000,0x000000c1c8c00000)]
  0x0000029921465000 JavaThread "RMI Reaper" [_thread_blocked, id=3932, stack(0x000000c1c8c00000,0x000000c1c8d00000)]
  0x000002992146b000 JavaThread "RMI TCP Connection(1)-127.0.0.1" daemon [_thread_in_native, id=5884, stack(0x000000c1c8d00000,0x000000c1c8e00000)]
=>0x000002992146b800 JavaThread "C2 CompilerThread1" daemon [_thread_in_native, id=3068, stack(0x000000c1c8e00000,0x000000c1c8f00000)]
  0x0000029921466000 JavaThread "WorkerExecutor Queue Thread 4" [_thread_blocked, id=4072, stack(0x000000c1c9000000,0x000000c1c9100000)]
  0x000002991d765000 JavaThread "C2 CompilerThread2" daemon [_thread_in_native, id=204, stack(0x000000c1c8f00000,0x000000c1c9000000)]

Other Threads:
  0x000002991b3ef000 VMThread "VM Thread" [stack: 0x000000c1bf700000,0x000000c1bf800000] [id=4444]
  0x000002991b61e000 WatcherThread [stack: 0x000000c1c0100000,0x000000c1c0200000] [id=8992]
  0x000002997dc34800 GCTaskThread "GC Thread#0" [stack: 0x000000c1bf200000,0x000000c1bf300000] [id=7664]
  0x000002991c1a0000 GCTaskThread "GC Thread#1" [stack: 0x000000c1c0400000,0x000000c1c0500000] [id=13720]
  0x000002991c646000 GCTaskThread "GC Thread#2" [stack: 0x000000c1c0500000,0x000000c1c0600000] [id=14100]
  0x000002991bb09000 GCTaskThread "GC Thread#3" [stack: 0x000000c1c0600000,0x000000c1c0700000] [id=1244]
  0x000002991c846800 GCTaskThread "GC Thread#4" [stack: 0x000000c1c0700000,0x000000c1c0800000] [id=10728]
  0x000002991c847000 GCTaskThread "GC Thread#5" [stack: 0x000000c1c0800000,0x000000c1c0900000] [id=13680]
  0x000002991dec1800 GCTaskThread "GC Thread#6" [stack: 0x000000c1c1400000,0x000000c1c1500000] [id=5080]
  0x000002991e464800 GCTaskThread "GC Thread#7" [stack: 0x000000c1c1500000,0x000000c1c1600000] [id=6384]
  0x000002997dc66800 ConcurrentGCThread "G1 Main Marker" [stack: 0x000000c1bf300000,0x000000c1bf400000] [id=2140]
  0x000002997dc69000 ConcurrentGCThread "G1 Conc#0" [stack: 0x000000c1bf400000,0x000000c1bf500000] [id=2384]
  0x000002991daaf800 ConcurrentGCThread "G1 Conc#1" [stack: 0x000000c1c1600000,0x000000c1c1700000] [id=1352]
  0x000002991aa36800 ConcurrentGCThread "G1 Refine#0" [stack: 0x000000c1bf500000,0x000000c1bf600000] [id=4360]
  0x000002991aa37800 ConcurrentGCThread "G1 Young RemSet Sampling" [stack: 0x000000c1bf600000,0x000000c1bf700000] [id=10228]

Threads with active compile tasks:
C2 CompilerThread0  28817 13366       4       jdk.nio.zipfs.ZipPath::getFileName (94 bytes)
C2 CompilerThread1  28817 13293   !   4       com.sun.tools.javac.parser.JavaTokenizer::readToken (2179 bytes)
C2 CompilerThread2  28817 13346   !   4       java.nio.file.FileTreeWalker::next (144 bytes)

VM state:not at safepoint (normal execution)

VM Mutex/Monitor currently owned by a thread: None

Heap address: 0x0000000080000000, size: 2048 MB, Compressed Oops mode: 32-bit
Narrow klass base: 0x0000000000000000, Narrow klass shift: 3
Compressed class space size: 1073741824 Address: 0x0000000100000000

Heap:
 garbage-first heap   total 262144K, used 209920K [0x0000000080000000, 0x0000000100000000)
  region size 1024K, 113 young (115712K), 14 survivors (14336K)
 Metaspace       used 107094K, capacity 109783K, committed 109936K, reserved 1144832K
  class space    used 13576K, capacity 14561K, committed 14616K, reserved 1048576K
Heap Regions: E=young(eden), S=young(survivor), O=old, HS=humongous(starts), HC=humongous(continues), CS=collection set, F=free, A=archive, TAMS=top-at-mark-start (previous, next)
|   0|0x0000000080000000, 0x0000000080100000, 0x0000000080100000|100%| O|  |TAMS 0x0000000080100000, 0x0000000080000000| Untracked 
|   1|0x0000000080100000, 0x0000000080200000, 0x0000000080200000|100%| O|  |TAMS 0x0000000080200000, 0x0000000080100000| Untracked 
|   2|0x0000000080200000, 0x0000000080300000, 0x0000000080300000|100%| O|  |TAMS 0x0000000080300000, 0x0000000080200000| Untracked 
|   3|0x0000000080300000, 0x0000000080400000, 0x0000000080400000|100%|HS|  |TAMS 0x0000000080400000, 0x0000000080300000| Complete 
|   4|0x0000000080400000, 0x0000000080500000, 0x0000000080500000|100%|HC|  |TAMS 0x0000000080500000, 0x0000000080400000| Complete 
|   5|0x0000000080500000, 0x0000000080600000, 0x0000000080600000|100%|HC|  |TAMS 0x0000000080600000, 0x0000000080500000| Complete 
|   6|0x0000000080600000, 0x0000000080700000, 0x0000000080700000|100%| O|  |TAMS 0x0000000080700000, 0x0000000080600000| Untracked 
|   7|0x0000000080700000, 0x0000000080800000, 0x0000000080800000|100%| O|  |TAMS 0x0000000080800000, 0x0000000080700000| Untracked 
|   8|0x0000000080800000, 0x0000000080900000, 0x0000000080900000|100%| O|  |TAMS 0x0000000080900000, 0x0000000080800000| Untracked 
|   9|0x0000000080900000, 0x0000000080a00000, 0x0000000080a00000|100%| O|  |TAMS 0x0000000080a00000, 0x0000000080900000| Untracked 
|  10|0x0000000080a00000, 0x0000000080b00000, 0x0000000080b00000|100%| O|  |TAMS 0x0000000080b00000, 0x0000000080a00000| Untracked 
|  11|0x0000000080b00000, 0x0000000080c00000, 0x0000000080c00000|100%| O|  |TAMS 0x0000000080c00000, 0x0000000080b00000| Untracked 
|  12|0x0000000080c00000, 0x0000000080d00000, 0x0000000080d00000|100%| O|  |TAMS 0x0000000080d00000, 0x0000000080c00000| Untracked 
|  13|0x0000000080d00000, 0x0000000080e00000, 0x0000000080e00000|100%| O|  |TAMS 0x0000000080e00000, 0x0000000080d00000| Untracked 
|  14|0x0000000080e00000, 0x0000000080f00000, 0x0000000080f00000|100%| O|  |TAMS 0x0000000080f00000, 0x0000000080e00000| Untracked 
|  15|0x0000000080f00000, 0x0000000081000000, 0x0000000081000000|100%| O|  |TAMS 0x0000000081000000, 0x0000000080f00000| Untracked 
|  16|0x0000000081000000, 0x0000000081100000, 0x0000000081100000|100%| O|  |TAMS 0x0000000081100000, 0x0000000081000000| Untracked 
|  17|0x0000000081100000, 0x0000000081200000, 0x0000000081200000|100%|HS|  |TAMS 0x0000000081200000, 0x0000000081100000| Complete 
|  18|0x0000000081200000, 0x0000000081300000, 0x0000000081300000|100%|HS|  |TAMS 0x0000000081300000, 0x0000000081200000| Complete 
|  19|0x0000000081300000, 0x0000000081400000, 0x0000000081400000|100%|HS|  |TAMS 0x0000000081400000, 0x0000000081300000| Complete 
|  20|0x0000000081400000, 0x0000000081500000, 0x0000000081500000|100%|HS|  |TAMS 0x0000000081500000, 0x0000000081400000| Complete 
|  21|0x0000000081500000, 0x0000000081600000, 0x0000000081600000|100%|HS|  |TAMS 0x0000000081600000, 0x0000000081500000| Complete 
|  22|0x0000000081600000, 0x0000000081700000, 0x0000000081700000|100%|HC|  |TAMS 0x0000000081700000, 0x0000000081600000| Complete 
|  23|0x0000000081700000, 0x0000000081800000, 0x0000000081800000|100%|HC|  |TAMS 0x0000000081800000, 0x0000000081700000| Complete 
|  24|0x0000000081800000, 0x0000000081900000, 0x0000000081900000|100%|HS|  |TAMS 0x0000000081900000, 0x0000000081800000| Complete 
|  25|0x0000000081900000, 0x0000000081a00000, 0x0000000081a00000|100%|HC|  |TAMS 0x0000000081a00000, 0x0000000081900000| Complete 
|  26|0x0000000081a00000, 0x0000000081b00000, 0x0000000081b00000|100%| O|  |TAMS 0x0000000081b00000, 0x0000000081a00000| Untracked 
|  27|0x0000000081b00000, 0x0000000081c00000, 0x0000000081c00000|100%| O|  |TAMS 0x0000000081c00000, 0x0000000081b00000| Untracked 
|  28|0x0000000081c00000, 0x0000000081d00000, 0x0000000081d00000|100%| O|  |TAMS 0x0000000081d00000, 0x0000000081c00000| Untracked 
|  29|0x0000000081d00000, 0x0000000081e00000, 0x0000000081e00000|100%| O|  |TAMS 0x0000000081e00000, 0x0000000081d00000| Untracked 
|  30|0x0000000081e00000, 0x0000000081f00000, 0x0000000081f00000|100%| O|  |TAMS 0x0000000081f00000, 0x0000000081e00000| Untracked 
|  31|0x0000000081f00000, 0x0000000082000000, 0x0000000082000000|100%| O|  |TAMS 0x0000000082000000, 0x0000000081f00000| Untracked 
|  32|0x0000000082000000, 0x0000000082100000, 0x0000000082100000|100%| O|  |TAMS 0x0000000082100000, 0x0000000082000000| Untracked 
|  33|0x0000000082100000, 0x0000000082200000, 0x0000000082200000|100%| O|  |TAMS 0x0000000082200000, 0x0000000082100000| Untracked 
|  34|0x0000000082200000, 0x0000000082300000, 0x0000000082300000|100%| O|  |TAMS 0x0000000082300000, 0x0000000082200000| Untracked 
|  35|0x0000000082300000, 0x0000000082400000, 0x0000000082400000|100%| O|  |TAMS 0x0000000082400000, 0x0000000082300000| Untracked 
|  36|0x0000000082400000, 0x0000000082500000, 0x0000000082500000|100%| O|  |TAMS 0x0000000082500000, 0x0000000082400000| Untracked 
|  37|0x0000000082500000, 0x0000000082600000, 0x0000000082600000|100%| O|  |TAMS 0x0000000082600000, 0x0000000082500000| Untracked 
|  38|0x0000000082600000, 0x0000000082700000, 0x0000000082700000|100%| O|  |TAMS 0x0000000082700000, 0x0000000082600000| Untracked 
|  39|0x0000000082700000, 0x0000000082800000, 0x0000000082800000|100%| O|  |TAMS 0x0000000082800000, 0x0000000082700000| Untracked 
|  40|0x0000000082800000, 0x0000000082900000, 0x0000000082900000|100%| O|  |TAMS 0x0000000082900000, 0x0000000082800000| Untracked 
|  41|0x0000000082900000, 0x0000000082a00000, 0x0000000082a00000|100%| O|  |TAMS 0x0000000082a00000, 0x0000000082900000| Untracked 
|  42|0x0000000082a00000, 0x0000000082b00000, 0x0000000082b00000|100%| O|  |TAMS 0x0000000082b00000, 0x0000000082a00000| Untracked 
|  43|0x0000000082b00000, 0x0000000082c00000, 0x0000000082c00000|100%| O|  |TAMS 0x0000000082c00000, 0x0000000082b00000| Untracked 
|  44|0x0000000082c00000, 0x0000000082d00000, 0x0000000082d00000|100%| O|  |TAMS 0x0000000082d00000, 0x0000000082c00000| Untracked 
|  45|0x0000000082d00000, 0x0000000082e00000, 0x0000000082e00000|100%| O|  |TAMS 0x0000000082e00000, 0x0000000082d00000| Untracked 
|  46|0x0000000082e00000, 0x0000000082f00000, 0x0000000082f00000|100%| O|  |TAMS 0x0000000082f00000, 0x0000000082e00000| Untracked 
|  47|0x0000000082f00000, 0x0000000083000000, 0x0000000083000000|100%| O|  |TAMS 0x0000000083000000, 0x0000000082f00000| Untracked 
|  48|0x0000000083000000, 0x0000000083100000, 0x0000000083100000|100%| O|  |TAMS 0x0000000083100000, 0x0000000083000000| Untracked 
|  49|0x0000000083100000, 0x0000000083200000, 0x0000000083200000|100%| O|  |TAMS 0x0000000083200000, 0x0000000083100000| Untracked 
|  50|0x0000000083200000, 0x0000000083300000, 0x0000000083300000|100%| O|  |TAMS 0x0000000083300000, 0x0000000083200000| Untracked 
|  51|0x0000000083300000, 0x0000000083400000, 0x0000000083400000|100%| O|  |TAMS 0x0000000083400000, 0x0000000083300000| Untracked 
|  52|0x0000000083400000, 0x0000000083500000, 0x0000000083500000|100%| O|  |TAMS 0x0000000083500000, 0x0000000083400000| Untracked 
|  53|0x0000000083500000, 0x0000000083600000, 0x0000000083600000|100%| O|  |TAMS 0x0000000083600000, 0x0000000083500000| Untracked 
|  54|0x0000000083600000, 0x0000000083700000, 0x0000000083700000|100%| O|  |TAMS 0x0000000083700000, 0x0000000083600000| Untracked 
|  55|0x0000000083700000, 0x0000000083800000, 0x0000000083800000|100%| O|  |TAMS 0x0000000083800000, 0x0000000083700000| Untracked 
|  56|0x0000000083800000, 0x0000000083900000, 0x0000000083900000|100%| O|  |TAMS 0x0000000083900000, 0x0000000083800000| Untracked 
|  57|0x0000000083900000, 0x0000000083a00000, 0x0000000083a00000|100%| O|  |TAMS 0x0000000083a00000, 0x0000000083900000| Untracked 
|  58|0x0000000083a00000, 0x0000000083b00000, 0x0000000083b00000|100%| O|  |TAMS 0x0000000083b00000, 0x0000000083a00000| Untracked 
|  59|0x0000000083b00000, 0x0000000083c00000, 0x0000000083c00000|100%| O|  |TAMS 0x0000000083c00000, 0x0000000083b00000| Untracked 
|  60|0x0000000083c00000, 0x0000000083d00000, 0x0000000083d00000|100%| O|  |TAMS 0x0000000083d00000, 0x0000000083c00000| Untracked 
|  61|0x0000000083d00000, 0x0000000083e00000, 0x0000000083e00000|100%| O|  |TAMS 0x0000000083e00000, 0x0000000083d00000| Untracked 
|  62|0x0000000083e00000, 0x0000000083f00000, 0x0000000083f00000|100%| O|  |TAMS 0x0000000083f00000, 0x0000000083e00000| Untracked 
|  63|0x0000000083f00000, 0x0000000084000000, 0x0000000084000000|100%| O|  |TAMS 0x0000000084000000, 0x0000000083f00000| Untracked 
|  64|0x0000000084000000, 0x0000000084100000, 0x0000000084100000|100%| O|  |TAMS 0x0000000084100000, 0x0000000084000000| Untracked 
|  65|0x0000000084100000, 0x0000000084200000, 0x0000000084200000|100%| O|  |TAMS 0x0000000084200000, 0x0000000084100000| Untracked 
|  66|0x0000000084200000, 0x0000000084300000, 0x0000000084300000|100%| O|  |TAMS 0x0000000084300000, 0x0000000084200000| Untracked 
|  67|0x0000000084300000, 0x0000000084400000, 0x0000000084400000|100%| O|  |TAMS 0x0000000084400000, 0x0000000084300000| Untracked 
|  68|0x0000000084400000, 0x0000000084500000, 0x0000000084500000|100%| O|  |TAMS 0x0000000084500000, 0x0000000084400000| Untracked 
|  69|0x0000000084500000, 0x0000000084600000, 0x0000000084600000|100%| O|  |TAMS 0x0000000084600000, 0x0000000084500000| Untracked 
|  70|0x0000000084600000, 0x0000000084700000, 0x0000000084700000|100%| O|  |TAMS 0x0000000084700000, 0x0000000084600000| Untracked 
|  71|0x0000000084700000, 0x0000000084800000, 0x0000000084800000|100%| O|  |TAMS 0x0000000084800000, 0x0000000084700000| Untracked 
|  72|0x0000000084800000, 0x0000000084900000, 0x0000000084900000|100%| O|  |TAMS 0x0000000084900000, 0x0000000084800000| Untracked 
|  73|0x0000000084900000, 0x0000000084a00000, 0x0000000084a00000|100%| O|  |TAMS 0x0000000084a00000, 0x0000000084900000| Untracked 
|  74|0x0000000084a00000, 0x0000000084b00000, 0x0000000084b00000|100%| O|  |TAMS 0x0000000084b00000, 0x0000000084a00000| Untracked 
|  75|0x0000000084b00000, 0x0000000084c00000, 0x0000000084c00000|100%| O|  |TAMS 0x0000000084c00000, 0x0000000084b00000| Untracked 
|  76|0x0000000084c00000, 0x0000000084d00000, 0x0000000084d00000|100%| O|  |TAMS 0x0000000084d00000, 0x0000000084c00000| Untracked 
|  77|0x0000000084d00000, 0x0000000084e00000, 0x0000000084e00000|100%| O|  |TAMS 0x0000000084e00000, 0x0000000084d00000| Untracked 
|  78|0x0000000084e00000, 0x0000000084f00000, 0x0000000084f00000|100%| O|  |TAMS 0x0000000084f00000, 0x0000000084e00000| Untracked 
|  79|0x0000000084f00000, 0x0000000085000000, 0x0000000085000000|100%| O|  |TAMS 0x0000000085000000, 0x0000000084f00000| Untracked 
|  80|0x0000000085000000, 0x0000000085100000, 0x0000000085100000|100%| O|  |TAMS 0x0000000085100000, 0x0000000085000000| Untracked 
|  81|0x0000000085100000, 0x0000000085200000, 0x0000000085200000|100%| O|  |TAMS 0x0000000085200000, 0x0000000085100000| Untracked 
|  82|0x0000000085200000, 0x0000000085300000, 0x0000000085300000|100%| O|  |TAMS 0x0000000085300000, 0x0000000085200000| Untracked 
|  83|0x0000000085300000, 0x0000000085400000, 0x0000000085400000|100%| O|  |TAMS 0x0000000085400000, 0x0000000085300000| Untracked 
|  84|0x0000000085400000, 0x0000000085500000, 0x0000000085500000|100%|HS|  |TAMS 0x0000000085400000, 0x0000000085400000| Complete 
|  85|0x0000000085500000, 0x0000000085600000, 0x0000000085600000|100%|HC|  |TAMS 0x0000000085500000, 0x0000000085500000| Complete 
|  86|0x0000000085600000, 0x0000000085700000, 0x0000000085700000|100%|HS|  |TAMS 0x0000000085600000, 0x0000000085600000| Complete 
|  87|0x0000000085700000, 0x0000000085800000, 0x0000000085800000|100%|HC|  |TAMS 0x0000000085700000, 0x0000000085700000| Complete 
|  88|0x0000000085800000, 0x0000000085900000, 0x0000000085900000|100%|HC|  |TAMS 0x0000000085800000, 0x0000000085800000| Complete 
|  89|0x0000000085900000, 0x0000000085a00000, 0x0000000085a00000|100%|HS|  |TAMS 0x0000000085900000, 0x0000000085900000| Complete 
|  90|0x0000000085a00000, 0x0000000085b00000, 0x0000000085b00000|100%|HS|  |TAMS 0x0000000085a00000, 0x0000000085a00000| Complete 
|  91|0x0000000085b00000, 0x0000000085c00000, 0x0000000085c00000|100%|HC|  |TAMS 0x0000000085b00000, 0x0000000085b00000| Complete 
|  92|0x0000000085c00000, 0x0000000085d00000, 0x0000000085d00000|100%|HS|  |TAMS 0x0000000085c00000, 0x0000000085c00000| Complete 
|  93|0x0000000085d00000, 0x0000000085e00000, 0x0000000085e00000|100%|HC|  |TAMS 0x0000000085d00000, 0x0000000085d00000| Complete 
|  94|0x0000000085e00000, 0x0000000085e00000, 0x0000000085f00000|  0%| F|  |TAMS 0x0000000085e00000, 0x0000000085e00000| Untracked 
|  95|0x0000000085f00000, 0x0000000085f00000, 0x0000000086000000|  0%| F|  |TAMS 0x0000000085f00000, 0x0000000085f00000| Untracked 
|  96|0x0000000086000000, 0x0000000086000000, 0x0000000086100000|  0%| F|  |TAMS 0x0000000086000000, 0x0000000086000000| Untracked 
|  97|0x0000000086100000, 0x0000000086100000, 0x0000000086200000|  0%| F|  |TAMS 0x0000000086100000, 0x0000000086100000| Untracked 
|  98|0x0000000086200000, 0x0000000086200000, 0x0000000086300000|  0%| F|  |TAMS 0x0000000086200000, 0x0000000086200000| Untracked 
|  99|0x0000000086300000, 0x0000000086300000, 0x0000000086400000|  0%| F|  |TAMS 0x0000000086300000, 0x0000000086300000| Untracked 
| 100|0x0000000086400000, 0x0000000086400000, 0x0000000086500000|  0%| F|  |TAMS 0x0000000086400000, 0x0000000086400000| Untracked 
| 101|0x0000000086500000, 0x0000000086500000, 0x0000000086600000|  0%| F|  |TAMS 0x0000000086500000, 0x0000000086500000| Untracked 
| 102|0x0000000086600000, 0x0000000086600000, 0x0000000086700000|  0%| F|  |TAMS 0x0000000086600000, 0x0000000086600000| Untracked 
| 103|0x0000000086700000, 0x0000000086700000, 0x0000000086800000|  0%| F|  |TAMS 0x0000000086700000, 0x0000000086700000| Untracked 
| 104|0x0000000086800000, 0x0000000086800000, 0x0000000086900000|  0%| F|  |TAMS 0x0000000086800000, 0x0000000086800000| Untracked 
| 105|0x0000000086900000, 0x0000000086900000, 0x0000000086a00000|  0%| F|  |TAMS 0x0000000086900000, 0x0000000086900000| Untracked 
| 106|0x0000000086a00000, 0x0000000086a00000, 0x0000000086b00000|  0%| F|  |TAMS 0x0000000086a00000, 0x0000000086a00000| Untracked 
| 107|0x0000000086b00000, 0x0000000086b00000, 0x0000000086c00000|  0%| F|  |TAMS 0x0000000086b00000, 0x0000000086b00000| Untracked 
| 108|0x0000000086c00000, 0x0000000086c00000, 0x0000000086d00000|  0%| F|  |TAMS 0x0000000086c00000, 0x0000000086c00000| Untracked 
| 109|0x0000000086d00000, 0x0000000086d00000, 0x0000000086e00000|  0%| F|  |TAMS 0x0000000086d00000, 0x0000000086d00000| Untracked 
| 110|0x0000000086e00000, 0x0000000086e00000, 0x0000000086f00000|  0%| F|  |TAMS 0x0000000086e00000, 0x0000000086e00000| Untracked 
| 111|0x0000000086f00000, 0x0000000086f00000, 0x0000000087000000|  0%| F|  |TAMS 0x0000000086f00000, 0x0000000086f00000| Untracked 
| 112|0x0000000087000000, 0x0000000087000000, 0x0000000087100000|  0%| F|  |TAMS 0x0000000087000000, 0x0000000087000000| Untracked 
| 113|0x0000000087100000, 0x0000000087100000, 0x0000000087200000|  0%| F|  |TAMS 0x0000000087100000, 0x0000000087100000| Untracked 
| 114|0x0000000087200000, 0x0000000087200000, 0x0000000087300000|  0%| F|  |TAMS 0x0000000087200000, 0x0000000087200000| Untracked 
| 115|0x0000000087300000, 0x0000000087300000, 0x0000000087400000|  0%| F|  |TAMS 0x0000000087300000, 0x0000000087300000| Untracked 
| 116|0x0000000087400000, 0x0000000087400000, 0x0000000087500000|  0%| F|  |TAMS 0x0000000087400000, 0x0000000087400000| Untracked 
| 117|0x0000000087500000, 0x0000000087500000, 0x0000000087600000|  0%| F|  |TAMS 0x0000000087500000, 0x0000000087500000| Untracked 
| 118|0x0000000087600000, 0x0000000087600000, 0x0000000087700000|  0%| F|  |TAMS 0x0000000087600000, 0x0000000087600000| Untracked 
| 119|0x0000000087700000, 0x0000000087700000, 0x0000000087800000|  0%| F|  |TAMS 0x0000000087700000, 0x0000000087700000| Untracked 
| 120|0x0000000087800000, 0x0000000087800000, 0x0000000087900000|  0%| F|  |TAMS 0x0000000087800000, 0x0000000087800000| Untracked 
| 121|0x0000000087900000, 0x0000000087900000, 0x0000000087a00000|  0%| F|  |TAMS 0x0000000087900000, 0x0000000087900000| Untracked 
| 122|0x0000000087a00000, 0x0000000087a00000, 0x0000000087b00000|  0%| F|  |TAMS 0x0000000087a00000, 0x0000000087a00000| Untracked 
| 123|0x0000000087b00000, 0x0000000087b00000, 0x0000000087c00000|  0%| F|  |TAMS 0x0000000087b00000, 0x0000000087b00000| Untracked 
| 124|0x0000000087c00000, 0x0000000087c00000, 0x0000000087d00000|  0%| F|  |TAMS 0x0000000087c00000, 0x0000000087c00000| Untracked 
| 125|0x0000000087d00000, 0x0000000087d00000, 0x0000000087e00000|  0%| F|  |TAMS 0x0000000087d00000, 0x0000000087d00000| Untracked 
| 126|0x0000000087e00000, 0x0000000087e00000, 0x0000000087f00000|  0%| F|  |TAMS 0x0000000087e00000, 0x0000000087e00000| Untracked 
| 127|0x0000000087f00000, 0x0000000087f00000, 0x0000000088000000|  0%| F|  |TAMS 0x0000000087f00000, 0x0000000087f00000| Untracked 
| 128|0x0000000088000000, 0x0000000088000000, 0x0000000088100000|  0%| F|  |TAMS 0x0000000088000000, 0x0000000088000000| Untracked 
| 129|0x0000000088100000, 0x0000000088100000, 0x0000000088200000|  0%| F|  |TAMS 0x0000000088100000, 0x0000000088100000| Untracked 
| 130|0x0000000088200000, 0x0000000088200000, 0x0000000088300000|  0%| F|  |TAMS 0x0000000088200000, 0x0000000088200000| Untracked 
| 131|0x0000000088300000, 0x0000000088300000, 0x0000000088400000|  0%| F|  |TAMS 0x0000000088300000, 0x0000000088300000| Untracked 
| 132|0x0000000088400000, 0x0000000088400000, 0x0000000088500000|  0%| F|  |TAMS 0x0000000088400000, 0x0000000088400000| Untracked 
| 133|0x0000000088500000, 0x0000000088500000, 0x0000000088600000|  0%| F|  |TAMS 0x0000000088500000, 0x0000000088500000| Untracked 
| 134|0x0000000088600000, 0x0000000088600000, 0x0000000088700000|  0%| F|  |TAMS 0x0000000088600000, 0x0000000088600000| Untracked 
| 135|0x0000000088700000, 0x0000000088700000, 0x0000000088800000|  0%| F|  |TAMS 0x0000000088700000, 0x0000000088700000| Untracked 
| 136|0x0000000088800000, 0x0000000088800000, 0x0000000088900000|  0%| F|  |TAMS 0x0000000088800000, 0x0000000088800000| Untracked 
| 137|0x0000000088900000, 0x0000000088900000, 0x0000000088a00000|  0%| F|  |TAMS 0x0000000088900000, 0x0000000088900000| Untracked 
| 138|0x0000000088a00000, 0x0000000088a00000, 0x0000000088b00000|  0%| F|  |TAMS 0x0000000088a00000, 0x0000000088a00000| Untracked 
| 139|0x0000000088b00000, 0x0000000088b00000, 0x0000000088c00000|  0%| F|  |TAMS 0x0000000088b00000, 0x0000000088b00000| Untracked 
| 140|0x0000000088c00000, 0x0000000088c00000, 0x0000000088d00000|  0%| F|  |TAMS 0x0000000088c00000, 0x0000000088c00000| Untracked 
| 141|0x0000000088d00000, 0x0000000088d00000, 0x0000000088e00000|  0%| F|  |TAMS 0x0000000088d00000, 0x0000000088d00000| Untracked 
| 142|0x0000000088e00000, 0x0000000088e00000, 0x0000000088f00000|  0%| F|  |TAMS 0x0000000088e00000, 0x0000000088e00000| Untracked 
| 143|0x0000000088f00000, 0x0000000088f15840, 0x0000000089000000|  8%| E|  |TAMS 0x0000000088f00000, 0x0000000088f00000| Complete 
| 144|0x0000000089000000, 0x0000000089100000, 0x0000000089100000|100%| E|CS|TAMS 0x0000000089000000, 0x0000000089000000| Complete 
| 145|0x0000000089100000, 0x0000000089200000, 0x0000000089200000|100%| E|  |TAMS 0x0000000089100000, 0x0000000089100000| Complete 
| 146|0x0000000089200000, 0x0000000089300000, 0x0000000089300000|100%| E|CS|TAMS 0x0000000089200000, 0x0000000089200000| Complete 
| 147|0x0000000089300000, 0x0000000089400000, 0x0000000089400000|100%| E|CS|TAMS 0x0000000089300000, 0x0000000089300000| Complete 
| 148|0x0000000089400000, 0x0000000089500000, 0x0000000089500000|100%| E|CS|TAMS 0x0000000089400000, 0x0000000089400000| Complete 
| 149|0x0000000089500000, 0x0000000089600000, 0x0000000089600000|100%| E|CS|TAMS 0x0000000089500000, 0x0000000089500000| Complete 
| 150|0x0000000089600000, 0x0000000089700000, 0x0000000089700000|100%| E|CS|TAMS 0x0000000089600000, 0x0000000089600000| Complete 
| 151|0x0000000089700000, 0x0000000089800000, 0x0000000089800000|100%| E|CS|TAMS 0x0000000089700000, 0x0000000089700000| Complete 
| 152|0x0000000089800000, 0x0000000089900000, 0x0000000089900000|100%| E|CS|TAMS 0x0000000089800000, 0x0000000089800000| Complete 
| 153|0x0000000089900000, 0x0000000089a00000, 0x0000000089a00000|100%| E|CS|TAMS 0x0000000089900000, 0x0000000089900000| Complete 
| 154|0x0000000089a00000, 0x0000000089b00000, 0x0000000089b00000|100%| E|CS|TAMS 0x0000000089a00000, 0x0000000089a00000| Complete 
| 155|0x0000000089b00000, 0x0000000089c00000, 0x0000000089c00000|100%| E|CS|TAMS 0x0000000089b00000, 0x0000000089b00000| Complete 
| 156|0x0000000089c00000, 0x0000000089d00000, 0x0000000089d00000|100%| E|CS|TAMS 0x0000000089c00000, 0x0000000089c00000| Complete 
| 157|0x0000000089d00000, 0x0000000089e00000, 0x0000000089e00000|100%| E|CS|TAMS 0x0000000089d00000, 0x0000000089d00000| Complete 
| 158|0x0000000089e00000, 0x0000000089f00000, 0x0000000089f00000|100%| E|CS|TAMS 0x0000000089e00000, 0x0000000089e00000| Complete 
| 159|0x0000000089f00000, 0x000000008a000000, 0x000000008a000000|100%| E|CS|TAMS 0x0000000089f00000, 0x0000000089f00000| Complete 
| 160|0x000000008a000000, 0x000000008a100000, 0x000000008a100000|100%| E|CS|TAMS 0x000000008a000000, 0x000000008a000000| Complete 
| 161|0x000000008a100000, 0x000000008a200000, 0x000000008a200000|100%| E|CS|TAMS 0x000000008a100000, 0x000000008a100000| Complete 
| 162|0x000000008a200000, 0x000000008a300000, 0x000000008a300000|100%| E|CS|TAMS 0x000000008a200000, 0x000000008a200000| Complete 
| 163|0x000000008a300000, 0x000000008a400000, 0x000000008a400000|100%| E|CS|TAMS 0x000000008a300000, 0x000000008a300000| Complete 
| 164|0x000000008a400000, 0x000000008a500000, 0x000000008a500000|100%| E|CS|TAMS 0x000000008a400000, 0x000000008a400000| Complete 
| 165|0x000000008a500000, 0x000000008a600000, 0x000000008a600000|100%| E|CS|TAMS 0x000000008a500000, 0x000000008a500000| Complete 
| 166|0x000000008a600000, 0x000000008a700000, 0x000000008a700000|100%| E|CS|TAMS 0x000000008a600000, 0x000000008a600000| Complete 
| 167|0x000000008a700000, 0x000000008a800000, 0x000000008a800000|100%| E|CS|TAMS 0x000000008a700000, 0x000000008a700000| Complete 
| 168|0x000000008a800000, 0x000000008a900000, 0x000000008a900000|100%| E|CS|TAMS 0x000000008a800000, 0x000000008a800000| Complete 
| 169|0x000000008a900000, 0x000000008aa00000, 0x000000008aa00000|100%| E|CS|TAMS 0x000000008a900000, 0x000000008a900000| Complete 
| 170|0x000000008aa00000, 0x000000008ab00000, 0x000000008ab00000|100%| E|CS|TAMS 0x000000008aa00000, 0x000000008aa00000| Complete 
| 171|0x000000008ab00000, 0x000000008ac00000, 0x000000008ac00000|100%| E|CS|TAMS 0x000000008ab00000, 0x000000008ab00000| Complete 
| 172|0x000000008ac00000, 0x000000008ad00000, 0x000000008ad00000|100%| E|CS|TAMS 0x000000008ac00000, 0x000000008ac00000| Complete 
| 173|0x000000008ad00000, 0x000000008ae00000, 0x000000008ae00000|100%| E|CS|TAMS 0x000000008ad00000, 0x000000008ad00000| Complete 
| 174|0x000000008ae00000, 0x000000008af00000, 0x000000008af00000|100%| E|CS|TAMS 0x000000008ae00000, 0x000000008ae00000| Complete 
| 175|0x000000008af00000, 0x000000008b000000, 0x000000008b000000|100%| E|CS|TAMS 0x000000008af00000, 0x000000008af00000| Complete 
| 176|0x000000008b000000, 0x000000008b100000, 0x000000008b100000|100%| E|CS|TAMS 0x000000008b000000, 0x000000008b000000| Complete 
| 177|0x000000008b100000, 0x000000008b200000, 0x000000008b200000|100%| S|CS|TAMS 0x000000008b100000, 0x000000008b100000| Complete 
| 178|0x000000008b200000, 0x000000008b300000, 0x000000008b300000|100%| S|CS|TAMS 0x000000008b200000, 0x000000008b200000| Complete 
| 179|0x000000008b300000, 0x000000008b400000, 0x000000008b400000|100%| S|CS|TAMS 0x000000008b300000, 0x000000008b300000| Complete 
| 180|0x000000008b400000, 0x000000008b500000, 0x000000008b500000|100%| S|CS|TAMS 0x000000008b400000, 0x000000008b400000| Complete 
| 181|0x000000008b500000, 0x000000008b600000, 0x000000008b600000|100%| S|CS|TAMS 0x000000008b500000, 0x000000008b500000| Complete 
| 182|0x000000008b600000, 0x000000008b700000, 0x000000008b700000|100%| S|CS|TAMS 0x000000008b600000, 0x000000008b600000| Complete 
| 183|0x000000008b700000, 0x000000008b800000, 0x000000008b800000|100%| S|CS|TAMS 0x000000008b700000, 0x000000008b700000| Complete 
| 184|0x000000008b800000, 0x000000008b900000, 0x000000008b900000|100%| S|CS|TAMS 0x000000008b800000, 0x000000008b800000| Complete 
| 185|0x000000008b900000, 0x000000008ba00000, 0x000000008ba00000|100%| S|CS|TAMS 0x000000008b900000, 0x000000008b900000| Complete 
| 186|0x000000008ba00000, 0x000000008bb00000, 0x000000008bb00000|100%| S|CS|TAMS 0x000000008ba00000, 0x000000008ba00000| Complete 
| 187|0x000000008bb00000, 0x000000008bc00000, 0x000000008bc00000|100%| S|CS|TAMS 0x000000008bb00000, 0x000000008bb00000| Complete 
| 188|0x000000008bc00000, 0x000000008bd00000, 0x000000008bd00000|100%| S|CS|TAMS 0x000000008bc00000, 0x000000008bc00000| Complete 
| 189|0x000000008bd00000, 0x000000008be00000, 0x000000008be00000|100%| S|CS|TAMS 0x000000008bd00000, 0x000000008bd00000| Complete 
| 190|0x000000008be00000, 0x000000008bf00000, 0x000000008bf00000|100%| S|CS|TAMS 0x000000008be00000, 0x000000008be00000| Complete 
| 191|0x000000008bf00000, 0x000000008c000000, 0x000000008c000000|100%| E|CS|TAMS 0x000000008bf00000, 0x000000008bf00000| Complete 
| 192|0x000000008c000000, 0x000000008c100000, 0x000000008c100000|100%| E|CS|TAMS 0x000000008c000000, 0x000000008c000000| Complete 
| 193|0x000000008c100000, 0x000000008c200000, 0x000000008c200000|100%| E|CS|TAMS 0x000000008c100000, 0x000000008c100000| Complete 
| 194|0x000000008c200000, 0x000000008c300000, 0x000000008c300000|100%| E|CS|TAMS 0x000000008c200000, 0x000000008c200000| Complete 
| 195|0x000000008c300000, 0x000000008c400000, 0x000000008c400000|100%| E|CS|TAMS 0x000000008c300000, 0x000000008c300000| Complete 
| 196|0x000000008c400000, 0x000000008c500000, 0x000000008c500000|100%| E|CS|TAMS 0x000000008c400000, 0x000000008c400000| Complete 
| 197|0x000000008c500000, 0x000000008c600000, 0x000000008c600000|100%| E|CS|TAMS 0x000000008c500000, 0x000000008c500000| Complete 
| 198|0x000000008c600000, 0x000000008c700000, 0x000000008c700000|100%| E|CS|TAMS 0x000000008c600000, 0x000000008c600000| Complete 
| 199|0x000000008c700000, 0x000000008c800000, 0x000000008c800000|100%| E|CS|TAMS 0x000000008c700000, 0x000000008c700000| Complete 
| 200|0x000000008c800000, 0x000000008c900000, 0x000000008c900000|100%| E|CS|TAMS 0x000000008c800000, 0x000000008c800000| Complete 
| 201|0x000000008c900000, 0x000000008ca00000, 0x000000008ca00000|100%| E|CS|TAMS 0x000000008c900000, 0x000000008c900000| Complete 
| 202|0x000000008ca00000, 0x000000008cb00000, 0x000000008cb00000|100%| E|CS|TAMS 0x000000008ca00000, 0x000000008ca00000| Complete 
| 203|0x000000008cb00000, 0x000000008cc00000, 0x000000008cc00000|100%| E|CS|TAMS 0x000000008cb00000, 0x000000008cb00000| Complete 
| 204|0x000000008cc00000, 0x000000008cd00000, 0x000000008cd00000|100%| E|CS|TAMS 0x000000008cc00000, 0x000000008cc00000| Complete 
| 205|0x000000008cd00000, 0x000000008ce00000, 0x000000008ce00000|100%| E|CS|TAMS 0x000000008cd00000, 0x000000008cd00000| Complete 
| 206|0x000000008ce00000, 0x000000008cf00000, 0x000000008cf00000|100%| E|CS|TAMS 0x000000008ce00000, 0x000000008ce00000| Complete 
| 207|0x000000008cf00000, 0x000000008d000000, 0x000000008d000000|100%| E|CS|TAMS 0x000000008cf00000, 0x000000008cf00000| Complete 
| 208|0x000000008d000000, 0x000000008d100000, 0x000000008d100000|100%| E|CS|TAMS 0x000000008d000000, 0x000000008d000000| Complete 
| 209|0x000000008d100000, 0x000000008d200000, 0x000000008d200000|100%| E|CS|TAMS 0x000000008d100000, 0x000000008d100000| Complete 
| 210|0x000000008d200000, 0x000000008d300000, 0x000000008d300000|100%| E|CS|TAMS 0x000000008d200000, 0x000000008d200000| Complete 
| 211|0x000000008d300000, 0x000000008d400000, 0x000000008d400000|100%| E|CS|TAMS 0x000000008d300000, 0x000000008d300000| Complete 
| 212|0x000000008d400000, 0x000000008d500000, 0x000000008d500000|100%| E|CS|TAMS 0x000000008d400000, 0x000000008d400000| Complete 
| 213|0x000000008d500000, 0x000000008d600000, 0x000000008d600000|100%| E|CS|TAMS 0x000000008d500000, 0x000000008d500000| Complete 
| 214|0x000000008d600000, 0x000000008d700000, 0x000000008d700000|100%| E|CS|TAMS 0x000000008d600000, 0x000000008d600000| Complete 
| 215|0x000000008d700000, 0x000000008d800000, 0x000000008d800000|100%| E|CS|TAMS 0x000000008d700000, 0x000000008d700000| Complete 
| 216|0x000000008d800000, 0x000000008d900000, 0x000000008d900000|100%| E|CS|TAMS 0x000000008d800000, 0x000000008d800000| Complete 
| 217|0x000000008d900000, 0x000000008da00000, 0x000000008da00000|100%| E|CS|TAMS 0x000000008d900000, 0x000000008d900000| Complete 
| 218|0x000000008da00000, 0x000000008db00000, 0x000000008db00000|100%| E|CS|TAMS 0x000000008da00000, 0x000000008da00000| Complete 
| 219|0x000000008db00000, 0x000000008dc00000, 0x000000008dc00000|100%| E|CS|TAMS 0x000000008db00000, 0x000000008db00000| Complete 
| 220|0x000000008dc00000, 0x000000008dd00000, 0x000000008dd00000|100%| E|CS|TAMS 0x000000008dc00000, 0x000000008dc00000| Complete 
| 221|0x000000008dd00000, 0x000000008de00000, 0x000000008de00000|100%| E|CS|TAMS 0x000000008dd00000, 0x000000008dd00000| Complete 
| 222|0x000000008de00000, 0x000000008df00000, 0x000000008df00000|100%| E|CS|TAMS 0x000000008de00000, 0x000000008de00000| Complete 
| 223|0x000000008df00000, 0x000000008e000000, 0x000000008e000000|100%| E|CS|TAMS 0x000000008df00000, 0x000000008df00000| Complete 
| 224|0x000000008e000000, 0x000000008e100000, 0x000000008e100000|100%| E|CS|TAMS 0x000000008e000000, 0x000000008e000000| Complete 
| 225|0x000000008e100000, 0x000000008e200000, 0x000000008e200000|100%| E|CS|TAMS 0x000000008e100000, 0x000000008e100000| Complete 
| 226|0x000000008e200000, 0x000000008e300000, 0x000000008e300000|100%| E|CS|TAMS 0x000000008e200000, 0x000000008e200000| Complete 
| 227|0x000000008e300000, 0x000000008e400000, 0x000000008e400000|100%| E|CS|TAMS 0x000000008e300000, 0x000000008e300000| Complete 
| 228|0x000000008e400000, 0x000000008e500000, 0x000000008e500000|100%| E|CS|TAMS 0x000000008e400000, 0x000000008e400000| Complete 
| 229|0x000000008e500000, 0x000000008e600000, 0x000000008e600000|100%| E|CS|TAMS 0x000000008e500000, 0x000000008e500000| Complete 
| 230|0x000000008e600000, 0x000000008e700000, 0x000000008e700000|100%| E|CS|TAMS 0x000000008e600000, 0x000000008e600000| Complete 
| 231|0x000000008e700000, 0x000000008e800000, 0x000000008e800000|100%| E|CS|TAMS 0x000000008e700000, 0x000000008e700000| Complete 
| 232|0x000000008e800000, 0x000000008e900000, 0x000000008e900000|100%| E|CS|TAMS 0x000000008e800000, 0x000000008e800000| Complete 
| 233|0x000000008e900000, 0x000000008ea00000, 0x000000008ea00000|100%| E|CS|TAMS 0x000000008e900000, 0x000000008e900000| Complete 
| 234|0x000000008ea00000, 0x000000008eb00000, 0x000000008eb00000|100%| E|CS|TAMS 0x000000008ea00000, 0x000000008ea00000| Complete 
| 235|0x000000008eb00000, 0x000000008ec00000, 0x000000008ec00000|100%| E|CS|TAMS 0x000000008eb00000, 0x000000008eb00000| Complete 
| 236|0x000000008ec00000, 0x000000008ed00000, 0x000000008ed00000|100%| E|CS|TAMS 0x000000008ec00000, 0x000000008ec00000| Complete 
| 237|0x000000008ed00000, 0x000000008ee00000, 0x000000008ee00000|100%| E|CS|TAMS 0x000000008ed00000, 0x000000008ed00000| Complete 
| 238|0x000000008ee00000, 0x000000008ef00000, 0x000000008ef00000|100%| E|CS|TAMS 0x000000008ee00000, 0x000000008ee00000| Complete 
| 239|0x000000008ef00000, 0x000000008f000000, 0x000000008f000000|100%| E|CS|TAMS 0x000000008ef00000, 0x000000008ef00000| Complete 
| 240|0x000000008f000000, 0x000000008f100000, 0x000000008f100000|100%| E|CS|TAMS 0x000000008f000000, 0x000000008f000000| Complete 
| 241|0x000000008f100000, 0x000000008f200000, 0x000000008f200000|100%| E|CS|TAMS 0x000000008f100000, 0x000000008f100000| Complete 
| 242|0x000000008f200000, 0x000000008f300000, 0x000000008f300000|100%| E|CS|TAMS 0x000000008f200000, 0x000000008f200000| Complete 
| 243|0x000000008f300000, 0x000000008f400000, 0x000000008f400000|100%| E|CS|TAMS 0x000000008f300000, 0x000000008f300000| Complete 
| 244|0x000000008f400000, 0x000000008f500000, 0x000000008f500000|100%| E|CS|TAMS 0x000000008f400000, 0x000000008f400000| Complete 
| 245|0x000000008f500000, 0x000000008f600000, 0x000000008f600000|100%| E|CS|TAMS 0x000000008f500000, 0x000000008f500000| Complete 
| 246|0x000000008f600000, 0x000000008f700000, 0x000000008f700000|100%| E|CS|TAMS 0x000000008f600000, 0x000000008f600000| Complete 
| 247|0x000000008f700000, 0x000000008f800000, 0x000000008f800000|100%| E|CS|TAMS 0x000000008f700000, 0x000000008f700000| Complete 
| 248|0x000000008f800000, 0x000000008f900000, 0x000000008f900000|100%| E|CS|TAMS 0x000000008f800000, 0x000000008f800000| Complete 
| 249|0x000000008f900000, 0x000000008fa00000, 0x000000008fa00000|100%| E|CS|TAMS 0x000000008f900000, 0x000000008f900000| Complete 
| 250|0x000000008fa00000, 0x000000008fb00000, 0x000000008fb00000|100%| E|CS|TAMS 0x000000008fa00000, 0x000000008fa00000| Complete 
| 251|0x000000008fb00000, 0x000000008fc00000, 0x000000008fc00000|100%| E|CS|TAMS 0x000000008fb00000, 0x000000008fb00000| Complete 
| 252|0x000000008fc00000, 0x000000008fd00000, 0x000000008fd00000|100%| E|CS|TAMS 0x000000008fc00000, 0x000000008fc00000| Complete 
| 253|0x000000008fd00000, 0x000000008fe00000, 0x000000008fe00000|100%| E|CS|TAMS 0x000000008fd00000, 0x000000008fd00000| Complete 
| 254|0x000000008fe00000, 0x000000008ff00000, 0x000000008ff00000|100%| E|CS|TAMS 0x000000008fe00000, 0x000000008fe00000| Complete 
| 255|0x000000008ff00000, 0x0000000090000000, 0x0000000090000000|100%| E|CS|TAMS 0x000000008ff00000, 0x000000008ff00000| Complete 

Card table byte_map: [0x00000299138b0000,0x0000029913cb0000] _byte_map_base: 0x00000299134b0000

Marking Bits (Prev, Next): (CMBitMap*) 0x000002997dc5dbf8, (CMBitMap*) 0x000002997dc5dc30
 Prev Bits: [0x00000299140b0000, 0x00000299160b0000)
 Next Bits: [0x00000299160b0000, 0x00000299180b0000)

Polling page: 0x0000029900000000

Metaspace:

Usage:
  Non-class:     92.99 MB capacity,    91.33 MB ( 98%) used,     1.37 MB (  1%) free+waste,   301.44 KB ( <1%) overhead. 
      Class:     14.22 MB capacity,    13.26 MB ( 93%) used,   849.91 KB (  6%) free+waste,   134.31 KB ( <1%) overhead. 
       Both:    107.21 MB capacity,   104.58 MB ( 98%) used,     2.20 MB (  2%) free+waste,   435.75 KB ( <1%) overhead. 

Virtual space:
  Non-class space:       94.00 MB reserved,      93.09 MB (>99%) committed 
      Class space:        1.00 GB reserved,      14.27 MB (  1%) committed 
             Both:        1.09 GB reserved,     107.36 MB ( 10%) committed 

Chunk freelists:
   Non-Class:  34.00 KB
       Class:  31.00 KB
        Both:  65.00 KB

MaxMetaspaceSize: 17179869184.00 GB
CompressedClassSpaceSize: 1.00 GB

CodeHeap 'non-profiled nmethods': size=120000Kb used=8602Kb max_used=8602Kb free=111397Kb
 bounds [0x000002990b510000, 0x000002990bd80000, 0x0000029912a40000]
CodeHeap 'profiled nmethods': size=120000Kb used=30313Kb max_used=30313Kb free=89686Kb
 bounds [0x0000029903fe0000, 0x0000029905d80000, 0x000002990b510000]
CodeHeap 'non-nmethods': size=5760Kb used=2339Kb max_used=2381Kb free=3420Kb
 bounds [0x0000029903a40000, 0x0000029903cb0000, 0x0000029903fe0000]
 total_blobs=14327 nmethods=13363 adapters=875
 compilation: enabled
              stopped_count=0, restarted_count=0
 full_count=0

Compilation events (20 events):
Event: 28.693 Thread 0x000002991b46b000 13400       3       java.lang.CharacterDataLatin1::isJavaIdentifierStart (23 bytes)
Event: 28.693 Thread 0x000002991b46b000 nmethod 13400 0x0000029905d72f90 code [0x0000029905d73160, 0x0000029905d73378]
Event: 28.693 Thread 0x000002991b46b000 13399       1       java.util.concurrent.locks.ReentrantReadWriteLock$NonfairSync::writerShouldBlock (2 bytes)
Event: 28.693 Thread 0x000002991b46b000 nmethod 13399 0x000002990bd6da10 code [0x000002990bd6dbc0, 0x000002990bd6dc78]
Event: 28.693 Thread 0x000002991b46b000 13401       1       jdk.nio.zipfs.ZipFileSystem$Entry::fileKey (2 bytes)
Event: 28.693 Thread 0x000002991b46b000 nmethod 13401 0x000002990bd6dd10 code [0x000002990bd6dec0, 0x000002990bd6df78]
Event: 28.710 Thread 0x000002991b46b000 13403       3       java.lang.Character::isJavaIdentifierStart (9 bytes)
Event: 28.710 Thread 0x000002991b46b000 nmethod 13403 0x0000029905d73490 code [0x0000029905d73660, 0x0000029905d73838]
Event: 28.718 Thread 0x000002991b46b000 13405       3       javax.lang.model.SourceVersion::isIdentifier (71 bytes)
Event: 28.719 Thread 0x000002991b46b000 nmethod 13405 0x0000029905d73910 code [0x0000029905d73ba0, 0x0000029905d74568]
Event: 28.723 Thread 0x000002991b46b000 13406   !   3       jdk.nio.zipfs.ZipFileSystem::iteratorOf (154 bytes)
Event: 28.725 Thread 0x000002991b46b000 nmethod 13406 0x0000029905d74910 code [0x0000029905d74d40, 0x0000029905d76998]
Event: 28.750 Thread 0x000002991b46b000 13407   !   3       java.nio.file.Files::isRegularFile (42 bytes)
Event: 28.751 Thread 0x000002991b46b000 nmethod 13407 0x0000029905d77a90 code [0x0000029905d77d00, 0x0000029905d78958]
Event: 28.751 Thread 0x000002991b46b000 13408   !   3       sun.nio.fs.AbstractFileSystemProvider::isRegularFile (20 bytes)
Event: 28.751 Thread 0x000002991b46b000 nmethod 13408 0x0000029905d78e10 code [0x0000029905d78fe0, 0x0000029905d79338]
Event: 28.767 Thread 0x000002991b46b000 13409       3       java.util.concurrent.locks.ReentrantReadWriteLock$Sync::tryRelease (51 bytes)
Event: 28.767 Thread 0x000002991b46b000 nmethod 13409 0x0000029905d79490 code [0x0000029905d79680, 0x0000029905d79ac8]
Event: 28.767 Thread 0x000002991b46b000 13410       3       java.util.concurrent.locks.ReentrantReadWriteLock$Sync::isHeldExclusively (16 bytes)
Event: 28.767 Thread 0x000002991b46b000 nmethod 13410 0x0000029905d79c10 code [0x0000029905d79dc0, 0x0000029905d79f58]

GC Heap History (20 events):
Event: 5.160 GC heap before
{Heap before GC invocations=4 (full 0):
 garbage-first heap   total 262144K, used 64624K [0x0000000080000000, 0x0000000100000000)
  region size 1024K, 49 young (50176K), 3 survivors (3072K)
 Metaspace       used 34875K, capacity 35654K, committed 35708K, reserved 1081344K
  class space    used 4536K, capacity 4862K, committed 4864K, reserved 1048576K
}
Event: 5.168 GC heap after
{Heap after GC invocations=5 (full 0):
 garbage-first heap   total 262144K, used 22586K [0x0000000080000000, 0x0000000100000000)
  region size 1024K, 6 young (6144K), 6 survivors (6144K)
 Metaspace       used 34875K, capacity 35654K, committed 35708K, reserved 1081344K
  class space    used 4536K, capacity 4862K, committed 4864K, reserved 1048576K
}
Event: 7.179 GC heap before
{Heap before GC invocations=6 (full 0):
 garbage-first heap   total 262144K, used 139322K [0x0000000080000000, 0x0000000100000000)
  region size 1024K, 117 young (119808K), 6 survivors (6144K)
 Metaspace       used 44454K, capacity 45470K, committed 45640K, reserved 1089536K
  class space    used 5694K, capacity 6075K, committed 6092K, reserved 1048576K
}
Event: 7.190 GC heap after
{Heap after GC invocations=7 (full 0):
 garbage-first heap   total 262144K, used 29491K [0x0000000080000000, 0x0000000100000000)
  region size 1024K, 13 young (13312K), 13 survivors (13312K)
 Metaspace       used 44454K, capacity 45470K, committed 45640K, reserved 1089536K
  class space    used 5694K, capacity 6075K, committed 6092K, reserved 1048576K
}
Event: 10.264 GC heap before
{Heap before GC invocations=7 (full 0):
 garbage-first heap   total 262144K, used 164659K [0x0000000080000000, 0x0000000100000000)
  region size 1024K, 137 young (140288K), 13 survivors (13312K)
 Metaspace       used 52312K, capacity 53654K, committed 53960K, reserved 1095680K
  class space    used 6642K, capacity 7181K, committed 7244K, reserved 1048576K
}
Event: 10.278 GC heap after
{Heap after GC invocations=8 (full 0):
 garbage-first heap   total 262144K, used 49721K [0x0000000080000000, 0x0000000100000000)
  region size 1024K, 18 young (18432K), 18 survivors (18432K)
 Metaspace       used 52312K, capacity 53654K, committed 53960K, reserved 1095680K
  class space    used 6642K, capacity 7181K, committed 7244K, reserved 1048576K
}
Event: 11.091 GC heap before
{Heap before GC invocations=8 (full 0):
 garbage-first heap   total 262144K, used 90681K [0x0000000080000000, 0x0000000100000000)
  region size 1024K, 59 young (60416K), 18 survivors (18432K)
 Metaspace       used 58538K, capacity 59916K, committed 60068K, reserved 1101824K
  class space    used 7427K, capacity 7943K, committed 8012K, reserved 1048576K
}
Event: 11.110 GC heap after
{Heap after GC invocations=9 (full 0):
 garbage-first heap   total 262144K, used 52518K [0x0000000080000000, 0x0000000100000000)
  region size 1024K, 3 young (3072K), 3 survivors (3072K)
 Metaspace       used 58538K, capacity 59916K, committed 60068K, reserved 1101824K
  class space    used 7427K, capacity 7943K, committed 8012K, reserved 1048576K
}
Event: 13.021 GC heap before
{Heap before GC invocations=10 (full 0):
 garbage-first heap   total 262144K, used 190758K [0x0000000080000000, 0x0000000100000000)
  region size 1024K, 138 young (141312K), 3 survivors (3072K)
 Metaspace       used 67422K, capacity 69034K, committed 69232K, reserved 1110016K
  class space    used 8548K, capacity 9130K, committed 9240K, reserved 1048576K
}
Event: 13.030 GC heap after
{Heap after GC invocations=11 (full 0):
 garbage-first heap   total 262144K, used 60710K [0x0000000080000000, 0x0000000100000000)
  region size 1024K, 11 young (11264K), 11 survivors (11264K)
 Metaspace       used 67422K, capacity 69034K, committed 69232K, reserved 1110016K
  class space    used 8548K, capacity 9130K, committed 9240K, reserved 1048576K
}
Event: 14.911 GC heap before
{Heap before GC invocations=11 (full 0):
 garbage-first heap   total 262144K, used 193830K [0x0000000080000000, 0x0000000100000000)
  region size 1024K, 141 young (144384K), 11 survivors (11264K)
 Metaspace       used 78839K, capacity 80659K, committed 81008K, reserved 1120256K
  class space    used 10254K, capacity 10936K, committed 11032K, reserved 1048576K
}
Event: 14.928 GC heap after
{Heap after GC invocations=12 (full 0):
 garbage-first heap   total 262144K, used 69578K [0x0000000080000000, 0x0000000100000000)
  region size 1024K, 9 young (9216K), 9 survivors (9216K)
 Metaspace       used 78839K, capacity 80659K, committed 81008K, reserved 1120256K
  class space    used 10254K, capacity 10936K, committed 11032K, reserved 1048576K
}
Event: 16.410 GC heap before
{Heap before GC invocations=12 (full 0):
 garbage-first heap   total 262144K, used 198602K [0x0000000080000000, 0x0000000100000000)
  region size 1024K, 136 young (139264K), 9 survivors (9216K)
 Metaspace       used 86124K, capacity 88402K, committed 88560K, reserved 1126400K
  class space    used 11262K, capacity 12150K, committed 12184K, reserved 1048576K
}
Event: 16.423 GC heap after
{Heap after GC invocations=13 (full 0):
 garbage-first heap   total 262144K, used 78848K [0x0000000080000000, 0x0000000100000000)
  region size 1024K, 17 young (17408K), 17 survivors (17408K)
 Metaspace       used 86124K, capacity 88402K, committed 88560K, reserved 1126400K
  class space    used 11262K, capacity 12150K, committed 12184K, reserved 1048576K
}
Event: 17.625 GC heap before
{Heap before GC invocations=13 (full 0):
 garbage-first heap   total 262144K, used 202752K [0x0000000080000000, 0x0000000100000000)
  region size 1024K, 139 young (142336K), 17 survivors (17408K)
 Metaspace       used 92492K, capacity 94856K, committed 94960K, reserved 1132544K
  class space    used 11999K, capacity 12865K, committed 12952K, reserved 1048576K
}
Event: 17.641 GC heap after
{Heap after GC invocations=14 (full 0):
 garbage-first heap   total 262144K, used 86039K [0x0000000080000000, 0x0000000100000000)
  region size 1024K, 16 young (16384K), 16 survivors (16384K)
 Metaspace       used 92492K, capacity 94856K, committed 94960K, reserved 1132544K
  class space    used 11999K, capacity 12865K, committed 12952K, reserved 1048576K
}
Event: 20.654 GC heap before
{Heap before GC invocations=14 (full 0):
 garbage-first heap   total 262144K, used 205847K [0x0000000080000000, 0x0000000100000000)
  region size 1024K, 134 young (137216K), 16 survivors (16384K)
 Metaspace       used 95283K, capacity 97760K, committed 97904K, reserved 1134592K
  class space    used 12299K, capacity 13233K, committed 13336K, reserved 1048576K
}
Event: 20.678 GC heap after
{Heap after GC invocations=15 (full 0):
 garbage-first heap   total 262144K, used 94599K [0x0000000080000000, 0x0000000100000000)
  region size 1024K, 15 young (15360K), 15 survivors (15360K)
 Metaspace       used 95283K, capacity 97760K, committed 97904K, reserved 1134592K
  class space    used 12299K, capacity 13233K, committed 13336K, reserved 1048576K
}
Event: 21.871 GC heap before
{Heap before GC invocations=15 (full 0):
 garbage-first heap   total 262144K, used 160135K [0x0000000080000000, 0x0000000100000000)
  region size 1024K, 80 young (81920K), 15 survivors (15360K)
 Metaspace       used 98007K, capacity 100402K, committed 100592K, reserved 1136640K
  class space    used 12627K, capacity 13572K, committed 13720K, reserved 1048576K
}
Event: 21.894 GC heap after
{Heap after GC invocations=16 (full 0):
 garbage-first heap   total 262144K, used 100352K [0x0000000080000000, 0x0000000100000000)
  region size 1024K, 14 young (14336K), 14 survivors (14336K)
 Metaspace       used 98007K, capacity 100402K, committed 100592K, reserved 1136640K
  class space    used 12627K, capacity 13572K, committed 13720K, reserved 1048576K
}

Deoptimization events (20 events):
Event: 28.507 Thread 0x000002992145e000 Uncommon trap: trap_request=0xffffff4d fr.pc=0x000002990b8901b0 relative=0x0000000000000090
Event: 28.507 Thread 0x000002992145e000 Uncommon trap: reason=unstable_if action=reinterpret pc=0x000002990b8901b0 method=java.lang.CharacterDataLatin1.digit(II)I @ 7 c2
Event: 28.507 Thread 0x000002992145e000 DEOPT PACKING pc=0x000002990b8901b0 sp=0x000000c1c87fc5c0
Event: 28.507 Thread 0x000002992145e000 DEOPT UNPACKING pc=0x0000029903a665af sp=0x000000c1c87fc540 mode 2
Event: 28.605 Thread 0x000002992145e000 Uncommon trap: trap_request=0xffffffc6 fr.pc=0x000002990bcc6740 relative=0x00000000000035c0
Event: 28.605 Thread 0x000002992145e000 Uncommon trap: reason=bimorphic_or_optimized_type_check action=maybe_recompile pc=0x000002990bcc6740 method=java.nio.file.FileTreeWalker.visit(Ljava/nio/file/Path;ZZ)Ljava/nio/file/FileTreeWalker$Event; @ 58 c2
Event: 28.605 Thread 0x000002992145e000 DEOPT PACKING pc=0x000002990bcc6740 sp=0x000000c1c87fc2d0
Event: 28.605 Thread 0x000002992145e000 DEOPT UNPACKING pc=0x0000029903a665af sp=0x000000c1c87fc320 mode 2
Event: 28.605 Thread 0x000002992145e000 Uncommon trap: trap_request=0xffffffc6 fr.pc=0x000002990bcc6740 relative=0x00000000000035c0
Event: 28.605 Thread 0x000002992145e000 Uncommon trap: reason=bimorphic_or_optimized_type_check action=maybe_recompile pc=0x000002990bcc6740 method=java.nio.file.FileTreeWalker.visit(Ljava/nio/file/Path;ZZ)Ljava/nio/file/FileTreeWalker$Event; @ 58 c2
Event: 28.605 Thread 0x000002992145e000 DEOPT PACKING pc=0x000002990bcc6740 sp=0x000000c1c87fc260
Event: 28.605 Thread 0x000002992145e000 DEOPT UNPACKING pc=0x0000029903a665af sp=0x000000c1c87fc2d0 mode 2
Event: 28.605 Thread 0x000002992145e000 Uncommon trap: trap_request=0xffffffc6 fr.pc=0x000002990bcc6740 relative=0x00000000000035c0
Event: 28.605 Thread 0x000002992145e000 Uncommon trap: reason=bimorphic_or_optimized_type_check action=maybe_recompile pc=0x000002990bcc6740 method=java.nio.file.FileTreeWalker.visit(Ljava/nio/file/Path;ZZ)Ljava/nio/file/FileTreeWalker$Event; @ 58 c2
Event: 28.605 Thread 0x000002992145e000 DEOPT PACKING pc=0x000002990bcc6740 sp=0x000000c1c87fc260
Event: 28.605 Thread 0x000002992145e000 DEOPT UNPACKING pc=0x0000029903a665af sp=0x000000c1c87fc2d0 mode 2
Event: 28.605 Thread 0x000002992145e000 Uncommon trap: trap_request=0xffffffc6 fr.pc=0x000002990bcc6740 relative=0x00000000000035c0
Event: 28.605 Thread 0x000002992145e000 Uncommon trap: reason=bimorphic_or_optimized_type_check action=maybe_recompile pc=0x000002990bcc6740 method=java.nio.file.FileTreeWalker.visit(Ljava/nio/file/Path;ZZ)Ljava/nio/file/FileTreeWalker$Event; @ 58 c2
Event: 28.605 Thread 0x000002992145e000 DEOPT PACKING pc=0x000002990bcc6740 sp=0x000000c1c87fc260
Event: 28.605 Thread 0x000002992145e000 DEOPT UNPACKING pc=0x0000029903a665af sp=0x000000c1c87fc2d0 mode 2

Classes redefined (0 events):
No events

Internal exceptions (20 events):
Event: 22.851 Thread 0x000002992145e800 Exception <a 'java/lang/InterruptedException'{0x000000008fa80800}> (0x000000008fa80800) thrown at [./src/hotspot/share/runtime/objectMonitor.cpp, line 1635]
Event: 22.852 Thread 0x000002992145e800 Exception <a 'java/lang/NoSuchMethodError'{0x000000008fa88610}: 'java.lang.Object java.lang.invoke.DirectMethodHandle$Holder.invokeStatic(java.lang.Object, java.lang.Object, int, java.lang.Object, long)'> (0x000000008fa88610) thrown at [./src/hotspot/share/interpreter/linkResolver.cpp, line 773]
Event: 22.868 Thread 0x000002991d762800 Exception <a 'java/lang/NoSuchMethodError'{0x000000008fa765f0}: <clinit>> (0x000000008fa765f0) thrown at [./src/hotspot/share/prims/jni.cpp, line 1362]
Event: 22.869 Thread 0x000002991d762800 Exception <a 'java/lang/NoSuchMethodError'{0x000000008fa9c710}: <clinit>> (0x000000008fa9c710) thrown at [./src/hotspot/share/prims/jni.cpp, line 1362]
Event: 22.870 Thread 0x000002991d762800 Exception <a 'java/lang/NoSuchMethodError'{0x000000008faae4e0}: <clinit>> (0x000000008faae4e0) thrown at [./src/hotspot/share/prims/jni.cpp, line 1362]
Event: 22.875 Thread 0x000002991d762800 Exception <a 'java/lang/NoSuchMethodError'{0x000000008fad3b78}: <clinit>> (0x000000008fad3b78) thrown at [./src/hotspot/share/prims/jni.cpp, line 1362]
Event: 22.898 Thread 0x000002991d762800 Exception <a 'java/lang/NoSuchMethodError'{0x000000008f87d508}: <clinit>> (0x000000008f87d508) thrown at [./src/hotspot/share/prims/jni.cpp, line 1362]
Event: 22.973 Thread 0x000002992146b000 Exception <a 'java/lang/NoSuchMethodError'{0x000000008f651740}: 'java.lang.Object java.lang.invoke.DirectMethodHandle$Holder.invokeStatic(java.lang.Object, java.lang.Object, java.lang.Object, java.lang.Object, java.lang.Object, java.lang.Object, java.lang.Object, java.lang.Object, java.lang.Object, java.lang.Object, java.lang.Object, java.lang.Object, java.lang.Object, int)'> (0x000000008f651740) thrown at [./src/hotspot/share/interpreter/linkResolver.cpp, line 773]
Event: 22.974 Thread 0x000002992146b000 Exception <a 'java/lang/NoSuchMethodError'{0x000000008f65e400}: 'java.lang.Object java.lang.invoke.DirectMethodHandle$Holder.invokeStatic(java.lang.Object, java.lang.Object, java.lang.Object, java.lang.Object, java.lang.Object, java.lang.Object, java.lang.Object, java.lang.Object, java.lang.Object, java.lang.Object, java.lang.Object, java.lang.Object, java.lang.Object, int, int)'> (0x000000008f65e400) thrown at [./src/hotspot/share/interpreter/linkResolver.cpp, line 773]
Event: 27.523 Thread 0x000002991e447000 Implicit null exception at 0x000002990bc96852 to 0x000002990bc96c58
Event: 27.673 Thread 0x000002991d762800 Exception <a 'java/lang/NoSuchMethodError'{0x000000008e3cdc18}: <clinit>> (0x000000008e3cdc18) thrown at [./src/hotspot/share/prims/jni.cpp, line 1362]
Event: 27.920 Thread 0x000002991d762800 Exception <a 'java/lang/NoSuchMethodError'{0x000000008cb0e4e0}: <clinit>> (0x000000008cb0e4e0) thrown at [./src/hotspot/share/prims/jni.cpp, line 1362]
Event: 28.020 Thread 0x000002992145e000 Exception <a 'java/lang/NoSuchMethodError'{0x000000008c55ffe0}: <clinit>> (0x000000008c55ffe0) thrown at [./src/hotspot/share/prims/jni.cpp, line 1362]
Event: 28.022 Thread 0x000002992145e000 Exception <a 'java/lang/NoSuchMethodError'{0x000000008c570738}: <clinit>> (0x000000008c570738) thrown at [./src/hotspot/share/prims/jni.cpp, line 1362]
Event: 28.045 Thread 0x000002992145e000 Exception <a 'java/lang/NoSuchMethodError'{0x000000008c4fd028}: <clinit>> (0x000000008c4fd028) thrown at [./src/hotspot/share/prims/jni.cpp, line 1362]
Event: 28.224 Thread 0x000002992145e000 Exception <a 'sun/nio/fs/WindowsException'{0x000000008aea2c60}> (0x000000008aea2c60) thrown at [./src/hotspot/share/prims/jni.cpp, line 615]
Event: 28.225 Thread 0x000002992145e000 Exception <a 'sun/nio/fs/WindowsException'{0x000000008aea6ec8}> (0x000000008aea6ec8) thrown at [./src/hotspot/share/prims/jni.cpp, line 615]
Event: 28.225 Thread 0x000002992145e000 Exception <a 'sun/nio/fs/WindowsException'{0x000000008aea9260}> (0x000000008aea9260) thrown at [./src/hotspot/share/prims/jni.cpp, line 615]
Event: 28.373 Thread 0x000002992145e000 Exception <a 'sun/nio/fs/WindowsException'{0x000000008a169a88}> (0x000000008a169a88) thrown at [./src/hotspot/share/prims/jni.cpp, line 615]
Event: 28.373 Thread 0x000002992145e000 Exception <a 'sun/nio/fs/WindowsException'{0x000000008a169b08}> (0x000000008a169b08) thrown at [./src/hotspot/share/prims/jni.cpp, line 615]

Events (20 events):
Event: 28.570 loading class org/jetbrains/kotlin/kapt3/base/JavacListUtilsKt done
Event: 28.571 loading class com/sun/tools/javac/code/DeferredCompletionFailureHandler$FlipSymbolDescription
Event: 28.572 loading class com/sun/tools/javac/code/DeferredCompletionFailureHandler$FlipSymbolDescription done
Event: 28.572 loading class com/sun/tools/javac/code/DeferredCompletionFailureHandler$FlipSymbolDescription
Event: 28.572 loading class com/sun/tools/javac/code/DeferredCompletionFailureHandler$FlipSymbolDescription done
Event: 28.572 loading class com/sun/tools/javac/code/DeferredCompletionFailureHandler$FlipSymbolDescription
Event: 28.572 loading class com/sun/tools/javac/code/DeferredCompletionFailureHandler$FlipSymbolDescription done
Event: 28.572 loading class com/sun/tools/javac/code/Symbol$PackageSymbol
Event: 28.572 loading class com/sun/tools/javac/code/Symbol$PackageSymbol done
Event: 28.575 loading class jdk/internal/jimage/ImageReader$LinkNode
Event: 28.575 loading class jdk/internal/jimage/ImageReader$LinkNode done
Event: 28.575 Executing VM operation: Deoptimize
Event: 28.577 Executing VM operation: Deoptimize done
Event: 28.594 loading class com/sun/tools/javac/resources/spi/ctProvider
Event: 28.594 loading class com/sun/tools/javac/resources/spi/ctProvider done
Event: 28.598 loading class com/sun/tools/javac/code/Symbol$PackageSymbol
Event: 28.598 loading class com/sun/tools/javac/code/Symbol$PackageSymbol done
Event: 28.599 loading class com/sun/tools/javac/code/ClassFinder
Event: 28.599 loading class com/sun/tools/javac/code/ClassFinder done
Event: 28.608 Thread 0x000002991d765000 Thread added: 0x000002991d765000


Dynamic libraries:
0x00007ff794660000 - 0x00007ff79466a000 	C:\Program Files\Android\Android Studio\jre\bin\java.exe
0x00007ffd88cd0000 - 0x00007ffd88ec5000 	C:\Windows\SYSTEM32\ntdll.dll
0x00007ffd86d00000 - 0x00007ffd86dbe000 	C:\Windows\System32\KERNEL32.DLL
0x00007ffd864c0000 - 0x00007ffd86788000 	C:\Windows\System32\KERNELBASE.dll
0x00007ffd863c0000 - 0x00007ffd864c0000 	C:\Windows\System32\ucrtbase.dll
0x00007ffd6af10000 - 0x00007ffd6af27000 	C:\Program Files\Android\Android Studio\jre\bin\VCRUNTIME140.dll
0x00007ffd6abc0000 - 0x00007ffd6abd9000 	C:\Program Files\Android\Android Studio\jre\bin\jli.dll
0x00007ffd86fa0000 - 0x00007ffd87140000 	C:\Windows\System32\USER32.dll
0x00007ffd857a0000 - 0x00007ffd85a3a000 	C:\Windows\WinSxS\amd64_microsoft.windows.common-controls_6595b64144ccf1df_6.0.19041.1110_none_60b5254171f9507e\COMCTL32.dll
0x00007ffd869f0000 - 0x00007ffd86a12000 	C:\Windows\System32\win32u.dll
0x00007ffd88260000 - 0x00007ffd882fe000 	C:\Windows\System32\msvcrt.dll
0x00007ffd86ea0000 - 0x00007ffd86ecb000 	C:\Windows\System32\GDI32.dll
0x00007ffd868e0000 - 0x00007ffd869eb000 	C:\Windows\System32\gdi32full.dll
0x00007ffd86a20000 - 0x00007ffd86abd000 	C:\Windows\System32\msvcp_win.dll
0x00007ffd86e70000 - 0x00007ffd86ea0000 	C:\Windows\System32\IMM32.DLL
0x00007ffd621b0000 - 0x00007ffd6224d000 	C:\Program Files\Android\Android Studio\jre\bin\msvcp140.dll
0x00007ffd2d250000 - 0x00007ffd2dd25000 	C:\Program Files\Android\Android Studio\jre\bin\server\jvm.dll
0x00007ffd87960000 - 0x00007ffd87a0e000 	C:\Windows\System32\ADVAPI32.dll
0x00007ffd87b80000 - 0x00007ffd87c1c000 	C:\Windows\System32\sechost.dll
0x00007ffd87c20000 - 0x00007ffd87d45000 	C:\Windows\System32\RPCRT4.dll
0x00007ffd88250000 - 0x00007ffd88258000 	C:\Windows\System32\PSAPI.DLL
0x00007ffd760c0000 - 0x00007ffd760e7000 	C:\Windows\SYSTEM32\WINMM.dll
0x00007ffd80ff0000 - 0x00007ffd80ffa000 	C:\Windows\SYSTEM32\VERSION.dll
0x00007ffd819f0000 - 0x00007ffd819f9000 	C:\Windows\SYSTEM32\WSOCK32.dll
0x00007ffd88360000 - 0x00007ffd883cb000 	C:\Windows\System32\WS2_32.dll
0x00007ffd83ca0000 - 0x00007ffd83cb2000 	C:\Windows\SYSTEM32\kernel.appcore.dll
0x00007ffd72a90000 - 0x00007ffd72aa1000 	C:\Program Files\Android\Android Studio\jre\bin\verify.dll
0x00007ffd85de0000 - 0x00007ffd85fc4000 	C:\Windows\SYSTEM32\DBGHELP.DLL
0x00007ffd85b90000 - 0x00007ffd85bbc000 	C:\Windows\SYSTEM32\dbgcore.DLL
0x00007ffd86c20000 - 0x00007ffd86ca2000 	C:\Windows\System32\bcryptPrimitives.dll
0x00007ffd72710000 - 0x00007ffd72739000 	C:\Program Files\Android\Android Studio\jre\bin\java.dll
0x00007ffd819e0000 - 0x00007ffd819eb000 	C:\Program Files\Android\Android Studio\jre\bin\jimage.dll
0x00007ffd72a50000 - 0x00007ffd72a68000 	C:\Program Files\Android\Android Studio\jre\bin\zip.dll
0x00007ffd87210000 - 0x00007ffd87954000 	C:\Windows\System32\SHELL32.dll
0x00007ffd83ea0000 - 0x00007ffd84634000 	C:\Windows\SYSTEM32\windows.storage.dll
0x00007ffd88900000 - 0x00007ffd88c54000 	C:\Windows\System32\combase.dll
0x00007ffd85730000 - 0x00007ffd8575c000 	C:\Windows\SYSTEM32\Wldp.dll
0x00007ffd883d0000 - 0x00007ffd8847d000 	C:\Windows\System32\SHCORE.dll
0x00007ffd88300000 - 0x00007ffd88355000 	C:\Windows\System32\shlwapi.dll
0x00007ffd86300000 - 0x00007ffd8631f000 	C:\Windows\SYSTEM32\profapi.dll
0x00007ffd6fb30000 - 0x00007ffd6fb4a000 	C:\Program Files\Android\Android Studio\jre\bin\net.dll
0x00007ffd7b7b0000 - 0x00007ffd7b8b9000 	C:\Windows\SYSTEM32\WINHTTP.dll
0x00007ffd85610000 - 0x00007ffd8567a000 	C:\Windows\system32\mswsock.dll
0x00007ffd6f320000 - 0x00007ffd6f334000 	C:\Program Files\Android\Android Studio\jre\bin\nio.dll
0x00007ffd6ac80000 - 0x00007ffd6aca7000 	C:\Users\q2ve\.gradle\native\e1d6ef7f7dcc3fd88c89a11ec53ec762bb8ba0a96d01ffa2cd45eb1d1d8dd5c5\windows-amd64\native-platform.dll
0x00007ffd31210000 - 0x00007ffd31354000 	C:\Users\q2ve\.gradle\native\5664cfc778a61ccfe75a443a1ab52a65af34e5dc3c78e0209fed803814484fcb\windows-amd64\native-platform-file-events.dll
0x00007ffd818d0000 - 0x00007ffd818da000 	C:\Program Files\Android\Android Studio\jre\bin\management.dll
0x00007ffd72b10000 - 0x00007ffd72b1d000 	C:\Program Files\Android\Android Studio\jre\bin\management_ext.dll
0x00007ffd86140000 - 0x00007ffd86158000 	C:\Windows\SYSTEM32\CRYPTSP.dll
0x00007ffd84dd0000 - 0x00007ffd84e04000 	C:\Windows\system32\rsaenh.dll
0x00007ffd86840000 - 0x00007ffd86867000 	C:\Windows\System32\bcrypt.dll
0x00007ffd862c0000 - 0x00007ffd862ee000 	C:\Windows\SYSTEM32\USERENV.dll
0x00007ffd85680000 - 0x00007ffd8568c000 	C:\Windows\SYSTEM32\CRYPTBASE.dll
0x00007ffd85180000 - 0x00007ffd851bb000 	C:\Windows\SYSTEM32\IPHLPAPI.DLL
0x00007ffd86ed0000 - 0x00007ffd86ed8000 	C:\Windows\System32\NSI.dll
0x00007ffd7f9f0000 - 0x00007ffd7fa07000 	C:\Windows\SYSTEM32\dhcpcsvc6.DLL
0x00007ffd81000000 - 0x00007ffd8101d000 	C:\Windows\SYSTEM32\dhcpcsvc.DLL
0x00007ffd851c0000 - 0x00007ffd8528a000 	C:\Windows\SYSTEM32\DNSAPI.dll
0x00007ffd6a100000 - 0x00007ffd6a11e000 	C:\Users\q2ve\AppData\Local\Temp\native-platform8485619902278230143dir\native-platform.dll
0x00007ffd72a70000 - 0x00007ffd72a78000 	C:\Program Files\Android\Android Studio\jre\bin\rmi.dll

dbghelp: loaded successfully - version: 4.0.5 - missing functions: none
symbol engine: initialized successfully - sym options: 0x614 - pdb path: .;C:\Program Files\Android\Android Studio\jre\bin;C:\Windows\SYSTEM32;C:\Windows\WinSxS\amd64_microsoft.windows.common-controls_6595b64144ccf1df_6.0.19041.1110_none_60b5254171f9507e;C:\Program Files\Android\Android Studio\jre\bin\server;C:\Users\q2ve\.gradle\native\e1d6ef7f7dcc3fd88c89a11ec53ec762bb8ba0a96d01ffa2cd45eb1d1d8dd5c5\windows-amd64;C:\Users\q2ve\.gradle\native\5664cfc778a61ccfe75a443a1ab52a65af34e5dc3c78e0209fed803814484fcb\windows-amd64;C:\Users\q2ve\AppData\Local\Temp\native-platform8485619902278230143dir

VM Arguments:
jvm_args: --add-opens=java.base/java.util=ALL-UNNAMED --add-opens=java.base/java.lang=ALL-UNNAMED --add-opens=java.base/java.lang.invoke=ALL-UNNAMED --add-opens=java.base/java.util=ALL-UNNAMED --add-opens=java.prefs/java.util.prefs=ALL-UNNAMED --add-opens=java.prefs/java.util.prefs=ALL-UNNAMED --add-opens=java.base/java.nio.charset=ALL-UNNAMED --add-opens=java.base/java.net=ALL-UNNAMED --add-opens=java.base/java.util.concurrent.atomic=ALL-UNNAMED -Xmx2048m -Dfile.encoding=UTF-8 -Duser.country=RU -Duser.language=ru -Duser.variant 
java_command: org.gradle.launcher.daemon.bootstrap.GradleDaemon 7.2
java_class_path (initial): C:\Users\q2ve\.gradle\wrapper\dists\gradle-7.2-bin\2dnblmf4td7x66yl1d74lt32g\gradle-7.2\lib\gradle-launcher-7.2.jar
Launcher Type: SUN_STANDARD

[Global flags]
     intx CICompilerCount                          = 4                                         {product} {ergonomic}
     uint ConcGCThreads                            = 2                                         {product} {ergonomic}
     uint G1ConcRefinementThreads                  = 8                                         {product} {ergonomic}
   size_t G1HeapRegionSize                         = 1048576                                   {product} {ergonomic}
    uintx GCDrainStackTargetSize                   = 64                                        {product} {ergonomic}
   size_t InitialHeapSize                          = 268435456                                 {product} {ergonomic}
   size_t MarkStackSize                            = 4194304                                   {product} {ergonomic}
   size_t MaxHeapSize                              = 2147483648                                {product} {command line}
   size_t MaxNewSize                               = 1287651328                                {product} {ergonomic}
   size_t MinHeapDeltaBytes                        = 1048576                                   {product} {ergonomic}
    uintx NonNMethodCodeHeapSize                   = 5836300                                {pd product} {ergonomic}
    uintx NonProfiledCodeHeapSize                  = 122910970                              {pd product} {ergonomic}
    uintx ProfiledCodeHeapSize                     = 122910970                              {pd product} {ergonomic}
    uintx ReservedCodeCacheSize                    = 251658240                              {pd product} {ergonomic}
     bool SegmentedCodeCache                       = true                                      {product} {ergonomic}
     bool UseCompressedClassPointers               = true                                 {lp64_product} {ergonomic}
     bool UseCompressedOops                        = true                                 {lp64_product} {ergonomic}
     bool UseG1GC                                  = true                                      {product} {ergonomic}
     bool UseLargePagesIndividualAllocation        = false                                  {pd product} {ergonomic}

Logging:
Log output configuration:
 #0: stdout all=warning uptime,level,tags
 #1: stderr all=off uptime,level,tags

Environment Variables:
PATH=C:\Program Files (x86)\Common Files\Oracle\Java\javapath;C:\Windows\system32;C:\Windows;C:\Windows\System32\Wbem;C:\Windows\System32\WindowsPowerShell\v1.0\;C:\Windows\System32\OpenSSH\;C:\Program Files\Git\cmd;C:\Program Files\dotnet\;C:\Users\q2ve\AppData\Local\Microsoft\WindowsApps;C:\Program Files\Python;
USERNAME=q2ve
OS=Windows_NT
PROCESSOR_IDENTIFIER=Intel64 Family 6 Model 42 Stepping 7, GenuineIntel



---------------  S Y S T E M  ---------------

OS: Windows 10 , 64 bit Build 19041 (10.0.19041.1566)
OS uptime: 0 days 0:54 hours

CPU:total 8 (initial active 8) (4 cores per cpu, 2 threads per core) family 6 model 42 stepping 7 microcode 0x2f, cmov, cx8, fxsr, mmx, sse, sse2, sse3, ssse3, sse4.1, sse4.2, popcnt, avx, aes, clmul, ht, tsc, tscinvbit

Memory: 4k page, system-wide physical 16345M (8229M free)
TotalPageFile size 26368M (AvailPageFile size 9946M)
current process WorkingSet (physical memory assigned to process): 556M, peak: 556M
current process commit charge ("private bytes"): 605M, peak: 606M

vm_info: OpenJDK 64-Bit Server VM (11.0.11+9-b60-7590822) for windows-amd64 JRE (11.0.11+9-b60-7590822), built on Jul 29 2021 21:43:44 by "builder" with MS VC++ 14.0 (VS2015)

END.
